#
# There is insufficient memory for the Java Runtime Environment to continue.
# Native memory allocation (mmap) failed to map 105906176 bytes for G1 virtual space
# Possible reasons:
#   The system is out of physical RAM or swap space
#   The process is running with CompressedOops enabled, and the Java Heap may be blocking the growth of the native heap
# Possible solutions:
#   Reduce memory load on the system
#   Increase physical memory or swap space
#   Check if swap backing store is full
#   Decrease Java heap size (-Xmx/-Xms)
#   Decrease number of Java threads
#   Decrease Java thread stack sizes (-Xss)
#   Set larger code cache with -XX:ReservedCodeCacheSize=
#   JVM is running with Unscaled Compressed Oops mode in which the Java heap is
#     placed in the first 4GB address space. The Java Heap base address is the
#     maximum limit for the native heap growth. Please use -XX:HeapBaseMinAddress
#     to set the Java Heap base and to place the Java Heap above 4GB virtual address.
# This output file may be truncated or incomplete.
#
#  Out of Memory Error (os_windows.cpp:3469), pid=1244, tid=19748
#
# JRE version: Java(TM) SE Runtime Environment (17.0.1+12) (build 17.0.1+12-LTS-39)
# Java VM: Java HotSpot(TM) 64-Bit Server VM (17.0.1+12-LTS-39, mixed mode, emulated-client, sharing, tiered, compressed oops, compressed class ptrs, g1 gc, windows-amd64)
# No core dump will be written. Minidumps are not enabled by default on client versions of Windows
#

---------------  S U M M A R Y ------------

Command Line: -Dcom.sun.management.jmxremote -Dcom.sun.management.jmxremote.port=59183 -Dcom.sun.management.jmxremote.authenticate=false -Dcom.sun.management.jmxremote.ssl=false -Djava.rmi.server.hostname=localhost -Dspring.jmx.enabled=true -Dmanagement.endpoints.jmx.exposure.include=* -Dspring.application.admin.enabled=true -Dspring.output.ansi.enabled=always -XX:TieredStopAtLevel=1 -Dspring.boot.project.name=OTRAS_Demo -Dfile.encoding=UTF-8 -Dstdout.encoding=UTF-8 -Dstderr.encoding=UTF-8 -XX:+ShowCodeDetailsInExceptionMessages com.OTRAS.DemoProject.OtrasDemoApplication

Host: AMD Ryzen 5 5500U with Radeon Graphics         , 12 cores, 5G,  Windows 10 , 64 bit Build 26100 (10.0.26100.7019)
Time: Thu Nov 13 23:41:38 2025 India Standard Time elapsed time: 12.523731 seconds (0d 0h 0m 12s)

---------------  T H R E A D  ---------------

Current thread (0x0000023662de93b0):  VMThread "VM Thread" [stack: 0x0000004e66500000,0x0000004e66600000] [id=19748]

Stack: [0x0000004e66500000,0x0000004e66600000]
Native frames: (J=compiled Java code, j=interpreted, Vv=VM code, C=native code)
V  [jvm.dll+0x66fa1a]
V  [jvm.dll+0x7ce5a4]
V  [jvm.dll+0x7cfd4e]
V  [jvm.dll+0x7d03b3]
V  [jvm.dll+0x242b05]
V  [jvm.dll+0x66ca39]
V  [jvm.dll+0x661502]
V  [jvm.dll+0x30081b]
V  [jvm.dll+0x307da6]
V  [jvm.dll+0x357a1e]
V  [jvm.dll+0x357c4f]
V  [jvm.dll+0x2d7ad8]
V  [jvm.dll+0x2d5da4]
V  [jvm.dll+0x2d53ac]
V  [jvm.dll+0x318d0b]
V  [jvm.dll+0x7d484b]
V  [jvm.dll+0x7d5584]
V  [jvm.dll+0x7d5a9c]
V  [jvm.dll+0x7d5e74]
V  [jvm.dll+0x7d5f40]
V  [jvm.dll+0x77e91a]
V  [jvm.dll+0x66e845]
C  [ucrtbase.dll+0x37b0]
C  [KERNEL32.DLL+0x2e8d7]
C  [ntdll.dll+0x8c53c]

VM_Operation (0x0000004e65ffd370): G1CollectForAllocation, mode: safepoint, requested by thread 0x0000023651eeb260


---------------  P R O C E S S  ---------------

Threads class SMR info:
_java_thread_list=0x0000023667c41b10, length=28, elements={
0x0000023651eeb260, 0x0000023662deec10, 0x0000023662df19f0, 0x0000023662e03a50,
0x0000023662e04310, 0x0000023662e07ef0, 0x0000023662e09ac0, 0x0000023662e0fba0,
0x0000023662e317c0, 0x0000023662dd3b00, 0x000002366395ee60, 0x00000236639a3200,
0x00000236642563b0, 0x000002366425cf70, 0x000002366425d890, 0x00000236642b5900,
0x000002366425adc0, 0x000002366425b290, 0x000002366425a420, 0x00000236653497a0,
0x0000023665320ea0, 0x000002366495f720, 0x000002366495ed80, 0x000002366495df10,
0x000002366495e3e0, 0x000002366495fbf0, 0x0000023664960590, 0x00000236649600c0
}

Java Threads: ( => current thread )
  0x0000023651eeb260 JavaThread "main" [_thread_blocked, id=21928, stack(0x0000004e65f00000,0x0000004e66000000)]
  0x0000023662deec10 JavaThread "Reference Handler" daemon [_thread_blocked, id=23548, stack(0x0000004e66600000,0x0000004e66700000)]
  0x0000023662df19f0 JavaThread "Finalizer" daemon [_thread_blocked, id=24436, stack(0x0000004e66700000,0x0000004e66800000)]
  0x0000023662e03a50 JavaThread "Signal Dispatcher" daemon [_thread_blocked, id=24644, stack(0x0000004e66800000,0x0000004e66900000)]
  0x0000023662e04310 JavaThread "Attach Listener" daemon [_thread_blocked, id=11808, stack(0x0000004e66900000,0x0000004e66a00000)]
  0x0000023662e07ef0 JavaThread "Service Thread" daemon [_thread_blocked, id=25904, stack(0x0000004e66a00000,0x0000004e66b00000)]
  0x0000023662e09ac0 JavaThread "Monitor Deflation Thread" daemon [_thread_blocked, id=23956, stack(0x0000004e66b00000,0x0000004e66c00000)]
  0x0000023662e0fba0 JavaThread "C1 CompilerThread0" daemon [_thread_blocked, id=2500, stack(0x0000004e66c00000,0x0000004e66d00000)]
  0x0000023662e317c0 JavaThread "Sweeper thread" daemon [_thread_blocked, id=4908, stack(0x0000004e66d00000,0x0000004e66e00000)]
  0x0000023662dd3b00 JavaThread "Common-Cleaner" daemon [_thread_blocked, id=21744, stack(0x0000004e66e00000,0x0000004e66f00000)]
  0x000002366395ee60 JavaThread "C1 CompilerThread1" daemon [_thread_blocked, id=5840, stack(0x0000004e66f00000,0x0000004e67000000)]
  0x00000236639a3200 JavaThread "Notification Thread" daemon [_thread_blocked, id=18016, stack(0x0000004e67000000,0x0000004e67100000)]
  0x00000236642563b0 JavaThread "RMI TCP Accept-0" daemon [_thread_in_native, id=4208, stack(0x0000004e67100000,0x0000004e67200000)]
  0x000002366425cf70 JavaThread "RMI TCP Accept-59183" daemon [_thread_in_native, id=27024, stack(0x0000004e67200000,0x0000004e67300000)]
  0x000002366425d890 JavaThread "RMI TCP Accept-0" daemon [_thread_in_native, id=9760, stack(0x0000004e67300000,0x0000004e67400000)]
  0x00000236642b5900 JavaThread "RMI TCP Connection(1)-127.0.0.1" daemon [_thread_in_native, id=3340, stack(0x0000004e67a00000,0x0000004e67b00000)]
  0x000002366425adc0 JavaThread "RMI Scheduler(0)" daemon [_thread_blocked, id=9392, stack(0x0000004e67b00000,0x0000004e67c00000)]
  0x000002366425b290 JavaThread "RMI TCP Connection(2)-127.0.0.1" daemon [_thread_in_native, id=19208, stack(0x0000004e67c00000,0x0000004e67d00000)]
  0x000002366425a420 JavaThread "JMX server connection timeout 22" daemon [_thread_blocked, id=22164, stack(0x0000004e67d00000,0x0000004e67e00000)]
  0x00000236653497a0 JavaThread "C1 CompilerThread2" daemon [_thread_blocked, id=4032, stack(0x0000004e68200000,0x0000004e68300000)]
  0x0000023665320ea0 JavaThread "C1 CompilerThread3" daemon [_thread_blocked, id=21284, stack(0x0000004e68500000,0x0000004e68600000)]
  0x000002366495f720 JavaThread "Catalina-utility-1" [_thread_blocked, id=25104, stack(0x0000004e68600000,0x0000004e68700000)]
  0x000002366495ed80 JavaThread "Catalina-utility-2" [_thread_blocked, id=28280, stack(0x0000004e68700000,0x0000004e68800000)]
  0x000002366495df10 JavaThread "container-0" [_thread_blocked, id=26252, stack(0x0000004e68800000,0x0000004e68900000)]
  0x000002366495e3e0 JavaThread "RMI TCP Connection(3)-127.0.0.1" daemon [_thread_blocked, id=27440, stack(0x0000004e68a00000,0x0000004e68b00000)]
  0x000002366495fbf0 JavaThread "PostgreSQL-JDBC-Cleaner" daemon [_thread_blocked, id=7964, stack(0x0000004e68b00000,0x0000004e68c00000)]
  0x0000023664960590 JavaThread "HikariPool-1:housekeeper" daemon [_thread_blocked, id=7724, stack(0x0000004e68c00000,0x0000004e68d00000)]
  0x00000236649600c0 JavaThread "HikariPool-1:connection-adder" daemon [_thread_blocked, id=22488, stack(0x0000004e68d00000,0x0000004e68e00000)]

Other Threads:
=>0x0000023662de93b0 VMThread "VM Thread" [stack: 0x0000004e66500000,0x0000004e66600000] [id=19748]
  0x0000023651f39c90 WatcherThread [stack: 0x0000004e67400000,0x0000004e67500000] [id=18504]
  0x0000023651f21c90 GCTaskThread "GC Thread#0" [stack: 0x0000004e66000000,0x0000004e66100000] [id=15948]
  0x000002366424d510 GCTaskThread "GC Thread#1" [stack: 0x0000004e67500000,0x0000004e67600000] [id=13556]
  0x0000023664309170 GCTaskThread "GC Thread#2" [stack: 0x0000004e67600000,0x0000004e67700000] [id=17708]
  0x0000023664255a30 GCTaskThread "GC Thread#3" [stack: 0x0000004e67700000,0x0000004e67800000] [id=8824]
  0x0000023664255ce0 GCTaskThread "GC Thread#4" [stack: 0x0000004e67800000,0x0000004e67900000] [id=3912]
  0x000002366433c130 GCTaskThread "GC Thread#5" [stack: 0x0000004e67900000,0x0000004e67a00000] [id=11132]
  0x0000023664bad2e0 GCTaskThread "GC Thread#6" [stack: 0x0000004e68000000,0x0000004e68100000] [id=5960]
  0x0000023664bb15a0 GCTaskThread "GC Thread#7" [stack: 0x0000004e68100000,0x0000004e68200000] [id=16832]
  0x0000023664eaa980 GCTaskThread "GC Thread#8" [stack: 0x0000004e68300000,0x0000004e68400000] [id=21648]
  0x0000023664eccc40 GCTaskThread "GC Thread#9" [stack: 0x0000004e68400000,0x0000004e68500000] [id=24604]
  0x0000023651f2f6b0 ConcurrentGCThread "G1 Main Marker" [stack: 0x0000004e66100000,0x0000004e66200000] [id=3896]
  0x0000023651f31440 ConcurrentGCThread "G1 Conc#0" [stack: 0x0000004e66200000,0x0000004e66300000] [id=10716]
  0x00000236652c8650 ConcurrentGCThread "G1 Conc#1" [stack: 0x0000004e67e00000,0x0000004e67f00000] [id=13428]
  0x00000236652849b0 ConcurrentGCThread "G1 Conc#2" [stack: 0x0000004e67f00000,0x0000004e68000000] [id=11512]
  0x0000023651f8d680 ConcurrentGCThread "G1 Refine#0" [stack: 0x0000004e66300000,0x0000004e66400000] [id=10188]
  0x0000023651f8dfb0 ConcurrentGCThread "G1 Service" [stack: 0x0000004e66400000,0x0000004e66500000] [id=11612]

Threads with active compile tasks:
C1 CompilerThread0    12596 4759       1       org.hibernate.annotations.common.reflection.java.generics.TypeUtils$4::caseClass (8 bytes)
C1 CompilerThread1    12596 4761       1       org.hibernate.annotations.common.reflection.java.generics.TypeUtils$3::<init> (5 bytes)
C1 CompilerThread2    12596 4752       1       org.hibernate.annotations.common.reflection.java.JavaReflectionManager::toXType (76 bytes)

VM state: at safepoint (normal execution)

VM Mutex/Monitor currently owned by a thread:  ([mutex/lock_event])
[0x0000023651eda6d0] Threads_lock - owner thread: 0x0000023662de93b0
[0x0000023651edac70] Heap_lock - owner thread: 0x0000023651eeb260

Heap address: 0x00000000a2200000, size: 1502 MB, Compressed Oops mode: 32-bit

CDS archive(s) mapped at: [0x0000000800000000-0x0000000800bc0000-0x0000000800bc0000), size 12320768, SharedBaseAddress: 0x0000000800000000, ArchiveRelocationMode: 0.
Compressed class space mapped at: 0x0000000800c00000-0x0000000840c00000, reserved size: 1073741824
Narrow klass base: 0x0000000800000000, Narrow klass shift: 0, Narrow klass range: 0x100000000

GC Precious Log:
 CPUs: 12 total, 12 available
 Memory: 6005M
 Large Page Support: Disabled
 NUMA Support: Disabled
 Compressed Oops: Enabled (32-bit)
 Heap Region Size: 1M
 Heap Min Capacity: 8M
 Heap Initial Capacity: 94M
 Heap Max Capacity: 1502M
 Pre-touch: Disabled
 Parallel Workers: 10
 Concurrent Workers: 3
 Concurrent Refinement Workers: 10
 Periodic GC: Disabled

Heap:
 garbage-first heap   total 78848K, used 30492K [0x00000000a2200000, 0x0000000100000000)
  region size 1024K, 3 young (3072K), 3 survivors (3072K)
 Metaspace       used 43281K, committed 43840K, reserved 1089536K
  class space    used 6141K, committed 6400K, reserved 1048576K

Heap Regions: E=young(eden), S=young(survivor), O=old, HS=humongous(starts), HC=humongous(continues), CS=collection set, F=free, OA=open archive, CA=closed archive, TAMS=top-at-mark-start (previous, next)
|   0|0x00000000a2200000, 0x00000000a2300000, 0x00000000a2300000|100%|HS|  |TAMS 0x00000000a2300000, 0x00000000a2200000| Complete 
|   1|0x00000000a2300000, 0x00000000a2400000, 0x00000000a2400000|100%|HS|  |TAMS 0x00000000a2400000, 0x00000000a2300000| Complete 
|   2|0x00000000a2400000, 0x00000000a2500000, 0x00000000a2500000|100%|HS|  |TAMS 0x00000000a2500000, 0x00000000a2400000| Complete 
|   3|0x00000000a2500000, 0x00000000a2600000, 0x00000000a2600000|100%| O|  |TAMS 0x00000000a2600000, 0x00000000a2500000| Untracked 
|   4|0x00000000a2600000, 0x00000000a2700000, 0x00000000a2700000|100%| O|  |TAMS 0x00000000a2700000, 0x00000000a2600000| Untracked 
|   5|0x00000000a2700000, 0x00000000a2800000, 0x00000000a2800000|100%| O|  |TAMS 0x00000000a2800000, 0x00000000a2700000| Untracked 
|   6|0x00000000a2800000, 0x00000000a2900000, 0x00000000a2900000|100%| O|  |TAMS 0x00000000a2900000, 0x00000000a2800000| Untracked 
|   7|0x00000000a2900000, 0x00000000a2a00000, 0x00000000a2a00000|100%| O|  |TAMS 0x00000000a2a00000, 0x00000000a2900000| Untracked 
|   8|0x00000000a2a00000, 0x00000000a2b00000, 0x00000000a2b00000|100%| O|  |TAMS 0x00000000a2b00000, 0x00000000a2a00000| Untracked 
|   9|0x00000000a2b00000, 0x00000000a2c00000, 0x00000000a2c00000|100%| O|  |TAMS 0x00000000a2c00000, 0x00000000a2b00000| Untracked 
|  10|0x00000000a2c00000, 0x00000000a2d00000, 0x00000000a2d00000|100%| O|  |TAMS 0x00000000a2d00000, 0x00000000a2c00000| Untracked 
|  11|0x00000000a2d00000, 0x00000000a2e00000, 0x00000000a2e00000|100%| O|  |TAMS 0x00000000a2e00000, 0x00000000a2d00000| Untracked 
|  12|0x00000000a2e00000, 0x00000000a2f00000, 0x00000000a2f00000|100%| O|  |TAMS 0x00000000a2f00000, 0x00000000a2e00000| Untracked 
|  13|0x00000000a2f00000, 0x00000000a3000000, 0x00000000a3000000|100%| O|  |TAMS 0x00000000a3000000, 0x00000000a2f00000| Untracked 
|  14|0x00000000a3000000, 0x00000000a3100000, 0x00000000a3100000|100%| O|  |TAMS 0x00000000a3100000, 0x00000000a3000000| Untracked 
|  15|0x00000000a3100000, 0x00000000a3200000, 0x00000000a3200000|100%| O|  |TAMS 0x00000000a3200000, 0x00000000a3100000| Untracked 
|  16|0x00000000a3200000, 0x00000000a3300000, 0x00000000a3300000|100%| O|  |TAMS 0x00000000a3300000, 0x00000000a3200000| Untracked 
|  17|0x00000000a3300000, 0x00000000a3400000, 0x00000000a3400000|100%| O|  |TAMS 0x00000000a3400000, 0x00000000a3300000| Untracked 
|  18|0x00000000a3400000, 0x00000000a34f6600, 0x00000000a3500000| 96%| O|  |TAMS 0x00000000a34f6600, 0x00000000a3400000| Untracked 
|  19|0x00000000a3500000, 0x00000000a3600000, 0x00000000a3600000|100%| O|  |TAMS 0x00000000a3600000, 0x00000000a3500000| Untracked 
|  20|0x00000000a3600000, 0x00000000a3700000, 0x00000000a3700000|100%| O|  |TAMS 0x00000000a3700000, 0x00000000a3600000| Untracked 
|  21|0x00000000a3700000, 0x00000000a3800000, 0x00000000a3800000|100%| O|  |TAMS 0x00000000a3800000, 0x00000000a3700000| Untracked 
|  22|0x00000000a3800000, 0x00000000a3900000, 0x00000000a3900000|100%| O|  |TAMS 0x00000000a3900000, 0x00000000a3800000| Untracked 
|  23|0x00000000a3900000, 0x00000000a3a00000, 0x00000000a3a00000|100%| O|  |TAMS 0x00000000a3a00000, 0x00000000a3900000| Untracked 
|  24|0x00000000a3a00000, 0x00000000a3b00000, 0x00000000a3b00000|100%| O|  |TAMS 0x00000000a3a25200, 0x00000000a3a00000| Untracked 
|  25|0x00000000a3b00000, 0x00000000a3c00000, 0x00000000a3c00000|100%| O|  |TAMS 0x00000000a3b00000, 0x00000000a3b00000| Untracked 
|  26|0x00000000a3c00000, 0x00000000a3cdc400, 0x00000000a3d00000| 86%| O|  |TAMS 0x00000000a3c00000, 0x00000000a3c00000| Untracked 
|  27|0x00000000a3d00000, 0x00000000a3d00000, 0x00000000a3e00000|  0%| F|  |TAMS 0x00000000a3d00000, 0x00000000a3d00000| Untracked 
|  28|0x00000000a3e00000, 0x00000000a3e00000, 0x00000000a3f00000|  0%| F|  |TAMS 0x00000000a3e00000, 0x00000000a3e00000| Untracked 
|  29|0x00000000a3f00000, 0x00000000a3f00000, 0x00000000a4000000|  0%| F|  |TAMS 0x00000000a3f00000, 0x00000000a3f00000| Untracked 
|  30|0x00000000a4000000, 0x00000000a4000000, 0x00000000a4100000|  0%| F|  |TAMS 0x00000000a4000000, 0x00000000a4000000| Untracked 
|  31|0x00000000a4100000, 0x00000000a4100000, 0x00000000a4200000|  0%| F|  |TAMS 0x00000000a4100000, 0x00000000a4100000| Untracked 
|  32|0x00000000a4200000, 0x00000000a4200000, 0x00000000a4300000|  0%| F|  |TAMS 0x00000000a4200000, 0x00000000a4200000| Untracked 
|  33|0x00000000a4300000, 0x00000000a4300000, 0x00000000a4400000|  0%| F|  |TAMS 0x00000000a4300000, 0x00000000a4300000| Untracked 
|  34|0x00000000a4400000, 0x00000000a4400000, 0x00000000a4500000|  0%| F|  |TAMS 0x00000000a4400000, 0x00000000a4400000| Untracked 
|  35|0x00000000a4500000, 0x00000000a4500000, 0x00000000a4600000|  0%| F|  |TAMS 0x00000000a4500000, 0x00000000a4500000| Untracked 
|  36|0x00000000a4600000, 0x00000000a4600000, 0x00000000a4700000|  0%| F|  |TAMS 0x00000000a4600000, 0x00000000a4600000| Untracked 
|  37|0x00000000a4700000, 0x00000000a4700000, 0x00000000a4800000|  0%| F|  |TAMS 0x00000000a4700000, 0x00000000a4700000| Untracked 
|  38|0x00000000a4800000, 0x00000000a4800000, 0x00000000a4900000|  0%| F|  |TAMS 0x00000000a4800000, 0x00000000a4800000| Untracked 
|  39|0x00000000a4900000, 0x00000000a4900000, 0x00000000a4a00000|  0%| F|  |TAMS 0x00000000a4900000, 0x00000000a4900000| Untracked 
|  40|0x00000000a4a00000, 0x00000000a4af4600, 0x00000000a4b00000| 95%| S|CS|TAMS 0x00000000a4a00000, 0x00000000a4a00000| Complete 
|  41|0x00000000a4b00000, 0x00000000a4c00000, 0x00000000a4c00000|100%| S|CS|TAMS 0x00000000a4b00000, 0x00000000a4b00000| Complete 
|  42|0x00000000a4c00000, 0x00000000a4d00000, 0x00000000a4d00000|100%| S|CS|TAMS 0x00000000a4c00000, 0x00000000a4c00000| Complete 
|  43|0x00000000a4d00000, 0x00000000a4d00000, 0x00000000a4e00000|  0%| F|  |TAMS 0x00000000a4d00000, 0x00000000a4d00000| Untracked 
|  44|0x00000000a4e00000, 0x00000000a4e00000, 0x00000000a4f00000|  0%| F|  |TAMS 0x00000000a4e00000, 0x00000000a4e00000| Untracked 
|  45|0x00000000a4f00000, 0x00000000a4f00000, 0x00000000a5000000|  0%| F|  |TAMS 0x00000000a4f00000, 0x00000000a4f00000| Untracked 
|  46|0x00000000a5000000, 0x00000000a5000000, 0x00000000a5100000|  0%| F|  |TAMS 0x00000000a5000000, 0x00000000a5000000| Untracked 
|  47|0x00000000a5100000, 0x00000000a5100000, 0x00000000a5200000|  0%| F|  |TAMS 0x00000000a5100000, 0x00000000a5100000| Untracked 
|  48|0x00000000a5200000, 0x00000000a5200000, 0x00000000a5300000|  0%| F|  |TAMS 0x00000000a5200000, 0x00000000a5200000| Untracked 
|  49|0x00000000a5300000, 0x00000000a5300000, 0x00000000a5400000|  0%| F|  |TAMS 0x00000000a5300000, 0x00000000a5300000| Untracked 
|  50|0x00000000a5400000, 0x00000000a5400000, 0x00000000a5500000|  0%| F|  |TAMS 0x00000000a5400000, 0x00000000a5400000| Untracked 
|  51|0x00000000a5500000, 0x00000000a5500000, 0x00000000a5600000|  0%| F|  |TAMS 0x00000000a5500000, 0x00000000a5500000| Untracked 
|  52|0x00000000a5600000, 0x00000000a5600000, 0x00000000a5700000|  0%| F|  |TAMS 0x00000000a5600000, 0x00000000a5600000| Untracked 
|  53|0x00000000a5700000, 0x00000000a5700000, 0x00000000a5800000|  0%| F|  |TAMS 0x00000000a5700000, 0x00000000a5700000| Untracked 
|  54|0x00000000a5800000, 0x00000000a5800000, 0x00000000a5900000|  0%| F|  |TAMS 0x00000000a5800000, 0x00000000a5800000| Untracked 
|  55|0x00000000a5900000, 0x00000000a5900000, 0x00000000a5a00000|  0%| F|  |TAMS 0x00000000a5900000, 0x00000000a5900000| Untracked 
|  56|0x00000000a5a00000, 0x00000000a5a00000, 0x00000000a5b00000|  0%| F|  |TAMS 0x00000000a5a00000, 0x00000000a5a00000| Untracked 
|  57|0x00000000a5b00000, 0x00000000a5b00000, 0x00000000a5c00000|  0%| F|  |TAMS 0x00000000a5b00000, 0x00000000a5b00000| Untracked 
|  58|0x00000000a5c00000, 0x00000000a5c00000, 0x00000000a5d00000|  0%| F|  |TAMS 0x00000000a5c00000, 0x00000000a5c00000| Untracked 
|  59|0x00000000a5d00000, 0x00000000a5d00000, 0x00000000a5e00000|  0%| F|  |TAMS 0x00000000a5d00000, 0x00000000a5d00000| Untracked 
|  60|0x00000000a5e00000, 0x00000000a5e00000, 0x00000000a5f00000|  0%| F|  |TAMS 0x00000000a5e00000, 0x00000000a5e00000| Untracked 
|  61|0x00000000a5f00000, 0x00000000a5f00000, 0x00000000a6000000|  0%| F|  |TAMS 0x00000000a5f00000, 0x00000000a5f00000| Untracked 
|  62|0x00000000a6000000, 0x00000000a6000000, 0x00000000a6100000|  0%| F|  |TAMS 0x00000000a6000000, 0x00000000a6000000| Untracked 
|  63|0x00000000a6100000, 0x00000000a6100000, 0x00000000a6200000|  0%| F|  |TAMS 0x00000000a6100000, 0x00000000a6100000| Untracked 
|  64|0x00000000a6200000, 0x00000000a6200000, 0x00000000a6300000|  0%| F|  |TAMS 0x00000000a6200000, 0x00000000a6200000| Untracked 
|  65|0x00000000a6300000, 0x00000000a6300000, 0x00000000a6400000|  0%| F|  |TAMS 0x00000000a6300000, 0x00000000a6300000| Untracked 
|  66|0x00000000a6400000, 0x00000000a6400000, 0x00000000a6500000|  0%| F|  |TAMS 0x00000000a6400000, 0x00000000a6400000| Untracked 
|  67|0x00000000a6500000, 0x00000000a6500000, 0x00000000a6600000|  0%| F|  |TAMS 0x00000000a6500000, 0x00000000a6500000| Untracked 
|  68|0x00000000a6600000, 0x00000000a6600000, 0x00000000a6700000|  0%| F|  |TAMS 0x00000000a6600000, 0x00000000a6600000| Untracked 
|  69|0x00000000a6700000, 0x00000000a6700000, 0x00000000a6800000|  0%| F|  |TAMS 0x00000000a6700000, 0x00000000a6700000| Untracked 
|  70|0x00000000a6800000, 0x00000000a6800000, 0x00000000a6900000|  0%| F|  |TAMS 0x00000000a6800000, 0x00000000a6800000| Untracked 
|  71|0x00000000a6900000, 0x00000000a6900000, 0x00000000a6a00000|  0%| F|  |TAMS 0x00000000a6900000, 0x00000000a6900000| Untracked 
|  72|0x00000000a6a00000, 0x00000000a6a00000, 0x00000000a6b00000|  0%| F|  |TAMS 0x00000000a6a00000, 0x00000000a6a00000| Untracked 
| 174|0x00000000ad000000, 0x00000000ad000000, 0x00000000ad100000|  0%| F|  |TAMS 0x00000000ad000000, 0x00000000ad000000| Untracked 
| 175|0x00000000ad100000, 0x00000000ad100000, 0x00000000ad200000|  0%| F|  |TAMS 0x00000000ad100000, 0x00000000ad100000| Untracked 
| 176|0x00000000ad200000, 0x00000000ad200000, 0x00000000ad300000|  0%| F|  |TAMS 0x00000000ad200000, 0x00000000ad200000| Untracked 
| 187|0x00000000add00000, 0x00000000add00000, 0x00000000ade00000|  0%| F|  |TAMS 0x00000000add00000, 0x00000000add00000| Untracked 

Card table byte_map: [0x000002365cd00000,0x000002365cff0000] _byte_map_base: 0x000002365c7ef000

Marking Bits (Prev, Next): (CMBitMap*) 0x0000023651f231c0, (CMBitMap*) 0x0000023651f23200
 Prev Bits: [0x000002365d2e0000, 0x000002365ea58000)
 Next Bits: [0x000002365ea60000, 0x00000236601d8000)

Polling page: 0x000002364fdd0000

Metaspace:

Usage:
  Non-class:     36.27 MB used.
      Class:      6.00 MB used.
       Both:     42.27 MB used.

Virtual space:
  Non-class space:       40.00 MB reserved,      36.56 MB ( 91%) committed,  5 nodes.
      Class space:        1.00 GB reserved,       6.25 MB ( <1%) committed,  1 nodes.
             Both:        1.04 GB reserved,      42.81 MB (  4%) committed. 

Chunk freelists:
   Non-Class:  2.59 MB
       Class:  1.61 MB
        Both:  4.20 MB

MaxMetaspaceSize: unlimited
CompressedClassSpaceSize: 1.00 GB
Initial GC threshold: 21.00 MB
Current GC threshold: 58.75 MB
CDS: on
MetaspaceReclaimPolicy: balanced
 - commit_granule_bytes: 65536.
 - commit_granule_words: 8192.
 - virtual_space_node_default_size: 1048576.
 - enlarge_chunks_in_place: 1.
 - new_chunks_are_fully_committed: 0.
 - uncommit_free_chunks: 1.
 - use_allocation_guard: 0.
 - handle_deallocations: 1.


Internal statistics:

num_allocs_failed_limit: 6.
num_arena_births: 726.
num_arena_deaths: 0.
num_vsnodes_births: 6.
num_vsnodes_deaths: 0.
num_space_committed: 685.
num_space_uncommitted: 0.
num_chunks_returned_to_freelist: 6.
num_chunks_taken_from_freelist: 2317.
num_chunk_merges: 6.
num_chunk_splits: 1641.
num_chunks_enlarged: 1220.
num_purges: 0.
num_inconsistent_stats: 0.

CodeCache: size=49152Kb used=10298Kb max_used=10298Kb free=38853Kb
 bounds [0x00000236596c0000, 0x000002365a0d0000, 0x000002365c6c0000]
 total_blobs=5339 nmethods=4760 adapters=503
 compilation: enabled
              stopped_count=0, restarted_count=0
 full_count=0

Compilation events (20 events):
Event: 10.479 Thread 0x000002366395ee60 nmethod 4751 0x000002365a0cc090 code [0x000002365a0cc220, 0x000002365a0cc338]
Event: 10.482 Thread 0x000002366395ee60 4753       1       org.hibernate.annotations.common.reflection.java.generics.TypeUtils::isArray (18 bytes)
Event: 10.482 Thread 0x00000236653497a0 4752       1       org.hibernate.annotations.common.reflection.java.JavaReflectionManager::toXType (76 bytes)
Event: 10.482 Thread 0x0000023662e0fba0 4754       1       org.hibernate.annotations.common.reflection.java.generics.TypeUtils$4::<init> (5 bytes)
Event: 10.483 Thread 0x0000023665320ea0 4755       1       org.hibernate.annotations.common.reflection.java.generics.TypeUtils::isCollection (13 bytes)
Event: 10.483 Thread 0x000002366395ee60 nmethod 4753 0x000002365a0cc390 code [0x000002365a0cc520, 0x000002365a0cc688]
Event: 10.483 Thread 0x0000023662e0fba0 nmethod 4754 0x000002365a0cc790 code [0x000002365a0cc920, 0x000002365a0cc9d8]
Event: 10.483 Thread 0x0000023662e0fba0 4757       1       org.hibernate.annotations.common.reflection.java.JavaXMember::<init> (27 bytes)
Event: 10.483 Thread 0x000002366395ee60 4756       1       org.hibernate.annotations.common.reflection.java.JavaXType::<init> (41 bytes)
Event: 10.483 Thread 0x0000023665320ea0 nmethod 4755 0x000002365a0cca90 code [0x000002365a0ccc20, 0x000002365a0ccd88]
Event: 10.483 Thread 0x0000023665320ea0 4758       1       org.hibernate.annotations.common.reflection.java.generics.TypeUtils$4::caseClass (6 bytes)
Event: 10.483 Thread 0x0000023665320ea0 nmethod 4758 0x000002365a0cce90 code [0x000002365a0cd020, 0x000002365a0cd128]
Event: 10.484 Thread 0x0000023662e0fba0 nmethod 4757 0x000002365a0cd210 code [0x000002365a0cd3c0, 0x000002365a0cd6b8]
Event: 10.484 Thread 0x0000023662e0fba0 4759       1       org.hibernate.annotations.common.reflection.java.generics.TypeUtils$4::caseClass (8 bytes)
Event: 10.484 Thread 0x0000023665320ea0 4760       1       org.hibernate.annotations.common.reflection.java.generics.TypeUtils::isSimple (18 bytes)
Event: 10.484 Thread 0x000002366395ee60 nmethod 4756 0x000002365a0cd790 code [0x000002365a0cd960, 0x000002365a0cdc88]
Event: 10.484 Thread 0x000002366395ee60 4761       1       org.hibernate.annotations.common.reflection.java.generics.TypeUtils$3::<init> (5 bytes)
Event: 10.484 Thread 0x0000023665320ea0 nmethod 4760 0x000002365a0cde10 code [0x000002365a0cdfa0, 0x000002365a0ce108]
Event: 10.484 Thread 0x000002366395ee60 nmethod 4761 0x000002365a0ce210 code [0x000002365a0ce3a0, 0x000002365a0ce458]
Event: 10.484 Thread 0x0000023662e0fba0 nmethod 4759 0x000002365a0ce510 code [0x000002365a0ce6a0, 0x000002365a0ce7a8]

GC Heap History (20 events):
Event: 3.416 GC heap after
{Heap after GC invocations=3 (full 0):
 garbage-first heap   total 96256K, used 16852K [0x00000000a2200000, 0x0000000100000000)
  region size 1024K, 5 young (5120K), 5 survivors (5120K)
 Metaspace       used 16585K, committed 16896K, reserved 1064960K
  class space    used 2254K, committed 2368K, reserved 1048576K
}
Event: 3.879 GC heap before
{Heap before GC invocations=3 (full 0):
 garbage-first heap   total 96256K, used 55764K [0x00000000a2200000, 0x0000000100000000)
  region size 1024K, 44 young (45056K), 5 survivors (5120K)
 Metaspace       used 19128K, committed 19520K, reserved 1073152K
  class space    used 2625K, committed 2816K, reserved 1048576K
}
Event: 3.891 GC heap after
{Heap after GC invocations=4 (full 0):
 garbage-first heap   total 96256K, used 19587K [0x00000000a2200000, 0x0000000100000000)
  region size 1024K, 6 young (6144K), 6 survivors (6144K)
 Metaspace       used 19128K, committed 19520K, reserved 1073152K
  class space    used 2625K, committed 2816K, reserved 1048576K
}
Event: 3.910 GC heap before
{Heap before GC invocations=4 (full 0):
 garbage-first heap   total 96256K, used 62595K [0x00000000a2200000, 0x0000000100000000)
  region size 1024K, 49 young (50176K), 6 survivors (6144K)
 Metaspace       used 19203K, committed 19584K, reserved 1073152K
  class space    used 2632K, committed 2816K, reserved 1048576K
}
Event: 3.919 GC heap after
{Heap after GC invocations=5 (full 0):
 garbage-first heap   total 96256K, used 19814K [0x00000000a2200000, 0x0000000100000000)
  region size 1024K, 3 young (3072K), 3 survivors (3072K)
 Metaspace       used 19203K, committed 19584K, reserved 1073152K
  class space    used 2632K, committed 2816K, reserved 1048576K
}
Event: 3.939 GC heap before
{Heap before GC invocations=5 (full 0):
 garbage-first heap   total 96256K, used 69990K [0x00000000a2200000, 0x0000000100000000)
  region size 1024K, 53 young (54272K), 3 survivors (3072K)
 Metaspace       used 19203K, committed 19584K, reserved 1073152K
  class space    used 2632K, committed 2816K, reserved 1048576K
}
Event: 4.403 GC heap after
{Heap after GC invocations=6 (full 0):
 garbage-first heap   total 192512K, used 19825K [0x00000000a2200000, 0x0000000100000000)
  region size 1024K, 3 young (3072K), 3 survivors (3072K)
 Metaspace       used 19203K, committed 19584K, reserved 1073152K
  class space    used 2632K, committed 2816K, reserved 1048576K
}
Event: 4.407 GC heap before
{Heap before GC invocations=6 (full 0):
 garbage-first heap   total 192512K, used 24945K [0x00000000a2200000, 0x0000000100000000)
  region size 1024K, 9 young (9216K), 3 survivors (3072K)
 Metaspace       used 19203K, committed 19584K, reserved 1073152K
  class space    used 2632K, committed 2816K, reserved 1048576K
}
Event: 4.411 GC heap after
{Heap after GC invocations=7 (full 0):
 garbage-first heap   total 192512K, used 19952K [0x00000000a2200000, 0x0000000100000000)
  region size 1024K, 1 young (1024K), 1 survivors (1024K)
 Metaspace       used 19203K, committed 19584K, reserved 1073152K
  class space    used 2632K, committed 2816K, reserved 1048576K
}
Event: 4.861 GC heap before
{Heap before GC invocations=7 (full 0):
 garbage-first heap   total 192512K, used 38384K [0x00000000a2200000, 0x0000000100000000)
  region size 1024K, 20 young (20480K), 1 survivors (1024K)
 Metaspace       used 20568K, committed 20928K, reserved 1073152K
  class space    used 2804K, committed 2944K, reserved 1048576K
}
Event: 4.865 GC heap after
{Heap after GC invocations=8 (full 0):
 garbage-first heap   total 192512K, used 20805K [0x00000000a2200000, 0x0000000100000000)
  region size 1024K, 2 young (2048K), 2 survivors (2048K)
 Metaspace       used 20568K, committed 20928K, reserved 1073152K
  class space    used 2804K, committed 2944K, reserved 1048576K
}
Event: 5.195 GC heap before
{Heap before GC invocations=8 (full 0):
 garbage-first heap   total 192512K, used 31045K [0x00000000a2200000, 0x0000000100000000)
  region size 1024K, 13 young (13312K), 2 survivors (2048K)
 Metaspace       used 21155K, committed 21504K, reserved 1073152K
  class space    used 2894K, committed 3072K, reserved 1048576K
}
Event: 5.200 GC heap after
{Heap after GC invocations=9 (full 0):
 garbage-first heap   total 192512K, used 21623K [0x00000000a2200000, 0x0000000100000000)
  region size 1024K, 3 young (3072K), 3 survivors (3072K)
 Metaspace       used 21155K, committed 21504K, reserved 1073152K
  class space    used 2894K, committed 3072K, reserved 1048576K
}
Event: 6.787 GC heap before
{Heap before GC invocations=10 (full 0):
 garbage-first heap   total 78848K, used 65655K [0x00000000a2200000, 0x0000000100000000)
  region size 1024K, 46 young (47104K), 3 survivors (3072K)
 Metaspace       used 26676K, committed 27136K, reserved 1073152K
  class space    used 3722K, committed 3968K, reserved 1048576K
}
Event: 6.799 GC heap after
{Heap after GC invocations=11 (full 0):
 garbage-first heap   total 78848K, used 24883K [0x00000000a2200000, 0x0000000100000000)
  region size 1024K, 6 young (6144K), 6 survivors (6144K)
 Metaspace       used 26676K, committed 27136K, reserved 1073152K
  class space    used 3722K, committed 3968K, reserved 1048576K
}
Event: 8.217 GC heap before
{Heap before GC invocations=11 (full 0):
 garbage-first heap   total 78848K, used 59699K [0x00000000a2200000, 0x0000000100000000)
  region size 1024K, 41 young (41984K), 6 survivors (6144K)
 Metaspace       used 31880K, committed 32320K, reserved 1081344K
  class space    used 4437K, committed 4608K, reserved 1048576K
}
Event: 8.230 GC heap after
{Heap after GC invocations=12 (full 0):
 garbage-first heap   total 78848K, used 27581K [0x00000000a2200000, 0x0000000100000000)
  region size 1024K, 3 young (3072K), 3 survivors (3072K)
 Metaspace       used 31880K, committed 32320K, reserved 1081344K
  class space    used 4437K, committed 4608K, reserved 1048576K
}
Event: 8.884 GC heap before
{Heap before GC invocations=12 (full 0):
 garbage-first heap   total 78848K, used 41917K [0x00000000a2200000, 0x0000000100000000)
  region size 1024K, 18 young (18432K), 3 survivors (3072K)
 Metaspace       used 35467K, committed 35968K, reserved 1081344K
  class space    used 5004K, committed 5248K, reserved 1048576K
}
Event: 8.889 GC heap after
{Heap after GC invocations=13 (full 0):
 garbage-first heap   total 78848K, used 28490K [0x00000000a2200000, 0x0000000100000000)
  region size 1024K, 1 young (1024K), 1 survivors (1024K)
 Metaspace       used 35467K, committed 35968K, reserved 1081344K
  class space    used 5004K, committed 5248K, reserved 1048576K
}
Event: 10.484 GC heap before
{Heap before GC invocations=14 (full 0):
 garbage-first heap   total 78848K, used 62282K [0x00000000a2200000, 0x0000000100000000)
  region size 1024K, 34 young (34816K), 1 survivors (1024K)
 Metaspace       used 43281K, committed 43840K, reserved 1089536K
  class space    used 6141K, committed 6400K, reserved 1048576K
}

Deoptimization events (16 events):
Event: 0.645 Thread 0x0000023651eeb260 DEOPT PACKING pc=0x00000236598cc085 sp=0x0000004e65ffc560
Event: 0.645 Thread 0x0000023651eeb260 DEOPT UNPACKING pc=0x0000023659712b43 sp=0x0000004e65ffbac0 mode 3
Event: 1.942 Thread 0x0000023651eeb260 DEOPT PACKING pc=0x0000023659936075 sp=0x0000004e65ffd500
Event: 1.942 Thread 0x0000023651eeb260 DEOPT UNPACKING pc=0x0000023659712b43 sp=0x0000004e65ffc958 mode 3
Event: 3.506 Thread 0x0000023651eeb260 DEOPT PACKING pc=0x00000236598ee95d sp=0x0000004e65ffdc70
Event: 3.506 Thread 0x0000023651eeb260 DEOPT UNPACKING pc=0x0000023659712b43 sp=0x0000004e65ffd1d8 mode 3
Event: 3.531 Thread 0x0000023651eeb260 DEOPT PACKING pc=0x0000023659d09e19 sp=0x0000004e65ffcaa0
Event: 3.531 Thread 0x0000023651eeb260 DEOPT UNPACKING pc=0x0000023659712b43 sp=0x0000004e65ffbf80 mode 3
Event: 3.549 Thread 0x0000023651eeb260 DEOPT PACKING pc=0x0000023659d12b55 sp=0x0000004e65ffd6a0
Event: 3.549 Thread 0x0000023651eeb260 DEOPT UNPACKING pc=0x0000023659712b43 sp=0x0000004e65ffcb48 mode 3
Event: 6.371 Thread 0x0000023651eeb260 DEOPT PACKING pc=0x0000023659f5b8c0 sp=0x0000004e65ffc980
Event: 6.371 Thread 0x0000023651eeb260 DEOPT UNPACKING pc=0x0000023659712b43 sp=0x0000004e65ffbdf0 mode 3
Event: 6.626 Thread 0x0000023651eeb260 DEOPT PACKING pc=0x0000023659f1e0b4 sp=0x0000004e65ffb9c0
Event: 6.626 Thread 0x0000023651eeb260 DEOPT UNPACKING pc=0x0000023659712b43 sp=0x0000004e65ffaf48 mode 0
Event: 6.626 Thread 0x0000023651eeb260 DEOPT PACKING pc=0x0000023659a9676c sp=0x0000004e65ffbba0
Event: 6.626 Thread 0x0000023651eeb260 DEOPT UNPACKING pc=0x0000023659712b43 sp=0x0000004e65ffb060 mode 0

Classes unloaded (0 events):
No events

Classes redefined (0 events):
No events

Internal exceptions (20 events):
Event: 7.360 Thread 0x0000023651eeb260 Exception <a 'java/io/FileNotFoundException'{0x00000000a6171a28}> (0x00000000a6171a28) 
thrown [t:\workspace\open\src\hotspot\share\prims\jni.cpp, line 516]
Event: 7.541 Thread 0x000002366425b290 Exception <a 'java/lang/reflect/InvocationTargetException'{0x00000000a680a8a0}> (0x00000000a680a8a0) 
thrown [t:\workspace\open\src\hotspot\share\runtime\reflection.cpp, line 1121]
Event: 7.603 Thread 0x0000023651eeb260 Exception <a 'java/lang/NoSuchMethodError'{0x00000000a5a44a28}: 'int java.lang.invoke.DirectMethodHandle$Holder.invokeInterface(java.lang.Object, java.lang.Object, java.lang.Object, java.lang.Object)'> (0x00000000a5a44a28) 
thrown [t:\workspace\open\src\hotspot\share\interpreter\linkResolver.cpp, line 766]
Event: 7.699 Thread 0x0000023651eeb260 Exception <a 'java/lang/NoSuchMethodError'{0x00000000a5701838}: 'long java.lang.invoke.DirectMethodHandle$Holder.invokeVirtual(java.lang.Object, java.lang.Object)'> (0x00000000a5701838) 
thrown [t:\workspace\open\src\hotspot\share\interpreter\linkResolver.cpp, line 766]
Event: 7.758 Thread 0x0000023651eeb260 Exception <a 'java/lang/NoSuchMethodError'{0x00000000a56a65a0}: 'void java.lang.invoke.DirectMethodHandle$Holder.invokeVirtual(java.lang.Object, java.lang.Object, long)'> (0x00000000a56a65a0) 
thrown [t:\workspace\open\src\hotspot\share\interpreter\linkResolver.cpp, line 766]
Event: 7.966 Thread 0x0000023651eeb260 Exception <a 'sun/nio/fs/WindowsException'{0x00000000a52f57d0}> (0x00000000a52f57d0) 
thrown [t:\workspace\open\src\hotspot\share\prims\jni.cpp, line 516]
Event: 8.045 Thread 0x000002366425b290 Exception <a 'java/lang/reflect/InvocationTargetException'{0x00000000a4fa2e18}> (0x00000000a4fa2e18) 
thrown [t:\workspace\open\src\hotspot\share\runtime\reflection.cpp, line 1121]
Event: 8.058 Thread 0x0000023651eeb260 Exception <a 'java/lang/NoSuchMethodError'{0x00000000a4f89c60}: 'java.lang.Object java.lang.invoke.Invokers$Holder.invoke_MT(java.lang.Object, java.lang.Object, java.lang.Object)'> (0x00000000a4f89c60) 
thrown [t:\workspace\open\src\hotspot\share\interpreter\linkResolver.cpp, line 766]
Event: 8.550 Thread 0x000002366425b290 Exception <a 'java/lang/reflect/InvocationTargetException'{0x00000000a6701bc0}> (0x00000000a6701bc0) 
thrown [t:\workspace\open\src\hotspot\share\runtime\reflection.cpp, line 1121]
Event: 9.054 Thread 0x000002366425b290 Exception <a 'java/lang/reflect/InvocationTargetException'{0x00000000a6901bc0}> (0x00000000a6901bc0) 
thrown [t:\workspace\open\src\hotspot\share\runtime\reflection.cpp, line 1121]
Event: 9.210 Thread 0x0000023651eeb260 Exception <a 'java/lang/NoSuchMethodError'{0x00000000a6501fd0}: 'int java.lang.invoke.DirectMethodHandle$Holder.invokeStatic(java.lang.Object)'> (0x00000000a6501fd0) 
thrown [t:\workspace\open\src\hotspot\share\interpreter\linkResolver.cpp, line 766]
Event: 9.268 Thread 0x0000023651eeb260 Exception <a 'java/lang/NoSuchMethodError'{0x00000000a643bac8}: 'int java.lang.invoke.DirectMethodHandle$Holder.invokeStaticInit(java.lang.Object, java.lang.Object, java.lang.Object, java.lang.Object)'> (0x00000000a643bac8) 
thrown [t:\workspace\open\src\hotspot\share\interpreter\linkResolver.cpp, line 766]
Event: 9.473 Thread 0x0000023651eeb260 Exception <a 'sun/nio/fs/WindowsException'{0x00000000a63c4fc8}> (0x00000000a63c4fc8) 
thrown [t:\workspace\open\src\hotspot\share\prims\jni.cpp, line 516]
Event: 9.531 Thread 0x0000023651eeb260 Exception <a 'java/lang/NoSuchMethodError'{0x00000000a628e540}: 'int java.lang.invoke.DirectMethodHandle$Holder.invokeInterface(java.lang.Object, java.lang.Object, int)'> (0x00000000a628e540) 
thrown [t:\workspace\open\src\hotspot\share\interpreter\linkResolver.cpp, line 766]
Event: 9.531 Thread 0x0000023651eeb260 Exception <a 'java/lang/IncompatibleClassChangeError'{0x00000000a6291dc8}: Found class java.lang.Object, but interface was expected> (0x00000000a6291dc8) 
thrown [t:\workspace\open\src\hotspot\share\interpreter\linkResolver.cpp, line 833]
Event: 9.572 Thread 0x000002366425b290 Exception <a 'java/lang/reflect/InvocationTargetException'{0x00000000a6106650}> (0x00000000a6106650) 
thrown [t:\workspace\open\src\hotspot\share\runtime\reflection.cpp, line 1121]
Event: 9.967 Thread 0x0000023651eeb260 Exception <a 'java/lang/NoSuchMethodError'{0x00000000a5ba1318}: 'java.lang.Object java.lang.invoke.DirectMethodHandle$Holder.invokeStaticInit(java.lang.Object, java.lang.Object, java.lang.Object, java.lang.Object)'> (0x00000000a5ba1318) 
thrown [t:\workspace\open\src\hotspot\share\interpreter\linkResolver.cpp, line 766]
Event: 9.982 Thread 0x0000023651eeb260 Exception <a 'java/lang/NoSuchMethodError'{0x00000000a5a64208}: 'java.lang.Object java.lang.invoke.DirectMethodHandle$Holder.invokeSpecial(java.lang.Object, java.lang.Object, long, java.lang.Object, java.lang.Object, java.lang.Object, java.lang.Object, java.lang.Object, java.lang.Object, java.lang.Object)'> (0x00000000a5a64208) 
thrown [t:\workspace\open\src\hotspot\share\interpreter\linkResolver.cpp, line 766]
Event: 9.983 Thread 0x0000023651eeb260 Exception <a 'java/lang/NoSuchMethodError'{0x00000000a5a68fc0}: 'java.lang.Object java.lang.invoke.DelegatingMethodHandle$Holder.reinvoke_L(java.lang.Object, long, java.lang.Object, java.lang.Object, java.lang.Object, java.lang.Object, java.lang.Object, java.lang.Object, java.lang.Object)'> (0x00000000a5a68fc0) 
thrown [t:\workspace\open\src\hotspot\share\interpreter\linkResolver.cpp, line 766]
Event: 9.984 Thread 0x0000023651eeb260 Exception <a 'java/lang/NoSuchMethodError'{0x00000000a5a80338}: 'java.lang.Object java.lang.invoke.Invokers$Holder.linkToTargetMethod(java.lang.Object, java.lang.Object, java.lang.Object, java.lang.Object, java.lang.Object, java.lang.Object, java.lang.Object, java.lang.Object)'> (0x00000000a5a80338) 
thrown [t:\workspace\open\src\hotspot\share\interpreter\linkResolver.cpp, line 766]

VM Operations (20 events):
Event: 8.889 Executing VM operation: CollectForMetadataAllocation done
Event: 8.911 Executing VM operation: G1Concurrent
Event: 8.916 Executing VM operation: G1Concurrent done
Event: 8.927 Executing VM operation: G1Concurrent
Event: 8.927 Executing VM operation: G1Concurrent done
Event: 9.477 Executing VM operation: HandshakeAllThreads
Event: 9.477 Executing VM operation: HandshakeAllThreads done
Event: 9.489 Executing VM operation: HandshakeAllThreads
Event: 9.490 Executing VM operation: HandshakeAllThreads done
Event: 9.490 Executing VM operation: HandshakeAllThreads
Event: 9.490 Executing VM operation: HandshakeAllThreads done
Event: 9.529 Executing VM operation: HandshakeAllThreads
Event: 9.529 Executing VM operation: HandshakeAllThreads done
Event: 10.253 Executing VM operation: HandshakeAllThreads
Event: 10.253 Executing VM operation: HandshakeAllThreads done
Event: 10.253 Executing VM operation: Cleanup
Event: 10.253 Executing VM operation: Cleanup done
Event: 10.268 Executing VM operation: HandshakeAllThreads
Event: 10.269 Executing VM operation: HandshakeAllThreads done
Event: 10.484 Executing VM operation: G1CollectForAllocation

Events (20 events):
Event: 9.759 loading class java/util/concurrent/ThreadPoolExecutor$CallerRunsPolicy done
Event: 9.866 loading class java/util/regex/Pattern$BnM
Event: 9.867 Thread 0x00000236649600c0 Thread added: 0x00000236649600c0
Event: 9.868 loading class java/util/regex/Pattern$BnM done
Event: 9.913 loading class java/util/regex/Pattern$1MatcherIterator
Event: 9.913 loading class java/util/regex/Pattern$1MatcherIterator done
Event: 9.992 loading class jdk/internal/reflect/UnsafeQualifiedStaticIntegerFieldAccessorImpl
Event: 9.992 loading class jdk/internal/reflect/UnsafeQualifiedStaticIntegerFieldAccessorImpl done
Event: 10.292 loading class java/util/regex/Pattern$SliceS
Event: 10.293 loading class java/util/regex/Pattern$SliceS done
Event: 10.299 loading class jdk/internal/ValueBased
Event: 10.300 loading class jdk/internal/ValueBased done
Event: 10.341 loading class sun/security/provider/MD5
Event: 10.341 loading class sun/security/provider/MD5 done
Event: 10.342 loading class sun/security/provider/ByteArrayAccess$LE
Event: 10.342 loading class sun/security/provider/ByteArrayAccess$LE done
Event: 10.342 loading class java/math/MutableBigInteger
Event: 10.343 loading class java/math/MutableBigInteger done
Event: 10.367 loading class sun/reflect/generics/repository/FieldRepository
Event: 10.367 loading class sun/reflect/generics/repository/FieldRepository done


Dynamic libraries:
0x00007ff708420000 - 0x00007ff708430000 	C:\Program Files\Java\jdk-17.0.1\bin\javaw.exe
0x00007ffe74c00000 - 0x00007ffe74e68000 	C:\WINDOWS\SYSTEM32\ntdll.dll
0x00007ffe741e0000 - 0x00007ffe742a9000 	C:\WINDOWS\System32\KERNEL32.DLL
0x00007ffe721e0000 - 0x00007ffe725d8000 	C:\WINDOWS\System32\KERNELBASE.dll
0x00007ffe72850000 - 0x00007ffe7299b000 	C:\WINDOWS\System32\ucrtbase.dll
0x00007ffe4f560000 - 0x00007ffe4f578000 	C:\Program Files\Java\jdk-17.0.1\bin\jli.dll
0x00007ffe73eb0000 - 0x00007ffe73f64000 	C:\WINDOWS\System32\ADVAPI32.dll
0x00007ffe4f6c0000 - 0x00007ffe4f6da000 	C:\Program Files\Java\jdk-17.0.1\bin\VCRUNTIME140.dll
0x00007ffe742c0000 - 0x00007ffe74369000 	C:\WINDOWS\System32\msvcrt.dll
0x00007ffe73420000 - 0x00007ffe734c6000 	C:\WINDOWS\System32\sechost.dll
0x00007ffe730e0000 - 0x00007ffe731f8000 	C:\WINDOWS\System32\RPCRT4.dll
0x00007ffe72eb0000 - 0x00007ffe73077000 	C:\WINDOWS\System32\USER32.dll
0x00007ffe5f520000 - 0x00007ffe5f7b4000 	C:\WINDOWS\WinSxS\amd64_microsoft.windows.common-controls_6595b64144ccf1df_6.0.26100.7019_none_3e06ffa0e335b8a8\COMCTL32.dll
0x00007ffe726a0000 - 0x00007ffe726c7000 	C:\WINDOWS\System32\win32u.dll
0x00007ffe734d0000 - 0x00007ffe734fb000 	C:\WINDOWS\System32\GDI32.dll
0x00007ffe71d50000 - 0x00007ffe71e7c000 	C:\WINDOWS\System32\gdi32full.dll
0x00007ffe72130000 - 0x00007ffe721d3000 	C:\WINDOWS\System32\msvcp_win.dll
0x00007ffe68570000 - 0x00007ffe6857b000 	C:\WINDOWS\SYSTEM32\VERSION.dll
0x00007ffe732e0000 - 0x00007ffe73311000 	C:\WINDOWS\System32\IMM32.DLL
0x00007ffe674e0000 - 0x00007ffe674ec000 	C:\Program Files\Java\jdk-17.0.1\bin\vcruntime140_1.dll
0x00007ffe34f30000 - 0x00007ffe34fbd000 	C:\Program Files\Java\jdk-17.0.1\bin\msvcp140.dll
0x00007ffd9b1b0000 - 0x00007ffd9bd6e000 	C:\Program Files\Java\jdk-17.0.1\bin\server\jvm.dll
0x00007ffe74bb0000 - 0x00007ffe74bb8000 	C:\WINDOWS\System32\PSAPI.DLL
0x00007ffe45dc0000 - 0x00007ffe45dca000 	C:\WINDOWS\SYSTEM32\WSOCK32.dll
0x00007ffe68530000 - 0x00007ffe68565000 	C:\WINDOWS\SYSTEM32\WINMM.dll
0x00007ffe74160000 - 0x00007ffe741d4000 	C:\WINDOWS\System32\WS2_32.dll
0x00007ffe70af0000 - 0x00007ffe70b0b000 	C:\WINDOWS\SYSTEM32\kernel.appcore.dll
0x00007ffe4f420000 - 0x00007ffe4f42a000 	C:\Program Files\Java\jdk-17.0.1\bin\jimage.dll
0x00007ffe6f690000 - 0x00007ffe6f8d2000 	C:\WINDOWS\SYSTEM32\DBGHELP.DLL
0x00007ffe729b0000 - 0x00007ffe72d3b000 	C:\WINDOWS\System32\combase.dll
0x00007ffe73200000 - 0x00007ffe732d7000 	C:\WINDOWS\System32\OLEAUT32.dll
0x00007ffe5e1d0000 - 0x00007ffe5e20c000 	C:\WINDOWS\SYSTEM32\dbgcore.DLL
0x00007ffe71f10000 - 0x00007ffe71fb5000 	C:\WINDOWS\System32\bcryptPrimitives.dll
0x00007ffe44bd0000 - 0x00007ffe44bf5000 	C:\Program Files\Java\jdk-17.0.1\bin\java.dll
0x00007ffe21870000 - 0x00007ffe21946000 	C:\Program Files\Java\jdk-17.0.1\bin\svml.dll
0x00007ffe73750000 - 0x00007ffe73e9f000 	C:\WINDOWS\System32\SHELL32.dll
0x00007ffe71fc0000 - 0x00007ffe7212b000 	C:\WINDOWS\System32\wintypes.dll
0x00007ffe6f960000 - 0x00007ffe701bd000 	C:\WINDOWS\SYSTEM32\windows.storage.dll
0x00007ffe73590000 - 0x00007ffe73682000 	C:\WINDOWS\System32\SHCORE.dll
0x00007ffe73520000 - 0x00007ffe73587000 	C:\WINDOWS\System32\shlwapi.dll
0x00007ffe71c70000 - 0x00007ffe71c99000 	C:\WINDOWS\SYSTEM32\profapi.dll
0x00007ffe44b50000 - 0x00007ffe44b69000 	C:\Program Files\Java\jdk-17.0.1\bin\net.dll
0x00007ffe69bc0000 - 0x00007ffe69ce8000 	C:\WINDOWS\SYSTEM32\WINHTTP.dll
0x00007ffe71080000 - 0x00007ffe710eb000 	C:\WINDOWS\system32\mswsock.dll
0x00007ffe447e0000 - 0x00007ffe447f5000 	C:\Program Files\Java\jdk-17.0.1\bin\nio.dll
0x00007ffe447c0000 - 0x00007ffe447d8000 	C:\Program Files\Java\jdk-17.0.1\bin\zip.dll
0x00007ffe451e0000 - 0x00007ffe451e9000 	C:\Program Files\Java\jdk-17.0.1\bin\management.dll
0x00007ffe447b0000 - 0x00007ffe447bb000 	C:\Program Files\Java\jdk-17.0.1\bin\management_ext.dll
0x00007ffe52e90000 - 0x00007ffe52ea8000 	C:\WINDOWS\system32\napinsp.dll
0x00007ffe70510000 - 0x00007ffe7063c000 	C:\WINDOWS\SYSTEM32\DNSAPI.dll
0x00007ffe704d0000 - 0x00007ffe70504000 	C:\WINDOWS\SYSTEM32\IPHLPAPI.DLL
0x00007ffe72dd0000 - 0x00007ffe72dda000 	C:\WINDOWS\System32\NSI.dll
0x00007ffe4ff10000 - 0x00007ffe4ff22000 	C:\WINDOWS\System32\winrnr.dll
0x00007ffe4fee0000 - 0x00007ffe4ff02000 	C:\WINDOWS\system32\nlansp_c.dll
0x00007ffe69ee0000 - 0x00007ffe69ef6000 	C:\WINDOWS\system32\wshbth.dll
0x00007ffe61460000 - 0x00007ffe6146b000 	C:\Windows\System32\rasadhlp.dll
0x00007ffe64f80000 - 0x00007ffe65006000 	C:\WINDOWS\System32\fwpuclnt.dll
0x00007ffe71340000 - 0x00007ffe7135b000 	C:\WINDOWS\SYSTEM32\CRYPTSP.dll
0x00007ffe70a50000 - 0x00007ffe70a8a000 	C:\WINDOWS\system32\rsaenh.dll
0x00007ffe71130000 - 0x00007ffe7115b000 	C:\WINDOWS\SYSTEM32\USERENV.dll
0x00007ffe71c40000 - 0x00007ffe71c6a000 	C:\WINDOWS\SYSTEM32\bcrypt.dll
0x00007ffe71360000 - 0x00007ffe7136c000 	C:\WINDOWS\SYSTEM32\CRYPTBASE.dll
0x00007ffe69f00000 - 0x00007ffe69f1e000 	C:\WINDOWS\SYSTEM32\dhcpcsvc6.DLL
0x00007ffe68be0000 - 0x00007ffe68c03000 	C:\WINDOWS\SYSTEM32\dhcpcsvc.DLL
0x00007ffe447a0000 - 0x00007ffe447ae000 	C:\Program Files\Java\jdk-17.0.1\bin\sunmscapi.dll
0x00007ffe726d0000 - 0x00007ffe72847000 	C:\WINDOWS\System32\CRYPT32.dll
0x00007ffe71560000 - 0x00007ffe71590000 	C:\WINDOWS\SYSTEM32\ncrypt.dll
0x00007ffe71510000 - 0x00007ffe7154f000 	C:\WINDOWS\SYSTEM32\NTASN1.dll

dbghelp: loaded successfully - version: 4.0.5 - missing functions: none
symbol engine: initialized successfully - sym options: 0x614 - pdb path: .;C:\Program Files\Java\jdk-17.0.1\bin;C:\WINDOWS\SYSTEM32;C:\WINDOWS\WinSxS\amd64_microsoft.windows.common-controls_6595b64144ccf1df_6.0.26100.7019_none_3e06ffa0e335b8a8;C:\Program Files\Java\jdk-17.0.1\bin\server

VM Arguments:
jvm_args: -Dcom.sun.management.jmxremote -Dcom.sun.management.jmxremote.port=59183 -Dcom.sun.management.jmxremote.authenticate=false -Dcom.sun.management.jmxremote.ssl=false -Djava.rmi.server.hostname=localhost -Dspring.jmx.enabled=true -Dmanagement.endpoints.jmx.exposure.include=* -Dspring.application.admin.enabled=true -Dspring.output.ansi.enabled=always -XX:TieredStopAtLevel=1 -Dspring.boot.project.name=OTRAS_Demo -Dfile.encoding=UTF-8 -Dstdout.encoding=UTF-8 -Dstderr.encoding=UTF-8 -XX:+ShowCodeDetailsInExceptionMessages 
java_command: com.OTRAS.DemoProject.OtrasDemoApplication
java_class_path (initial): D:\finalBackend\OTRAS_Demo\target\classes;C:\Users\Sajja Lakshminarayan\.m2\repository\org\springframework\boot\spring-boot-starter-data-jpa\3.5.7\spring-boot-starter-data-jpa-3.5.7.jar;C:\Users\Sajja Lakshminarayan\.m2\repository\org\springframework\boot\spring-boot-starter\3.5.7\spring-boot-starter-3.5.7.jar;C:\Users\Sajja Lakshminarayan\.m2\repository\org\springframework\boot\spring-boot\3.5.7\spring-boot-3.5.7.jar;C:\Users\Sajja Lakshminarayan\.m2\repository\org\springframework\boot\spring-boot-autoconfigure\3.5.7\spring-boot-autoconfigure-3.5.7.jar;C:\Users\Sajja Lakshminarayan\.m2\repository\org\springframework\boot\spring-boot-starter-logging\3.5.7\spring-boot-starter-logging-3.5.7.jar;C:\Users\Sajja Lakshminarayan\.m2\repository\ch\qos\logback\logback-classic\1.5.20\logback-classic-1.5.20.jar;C:\Users\Sajja Lakshminarayan\.m2\repository\ch\qos\logback\logback-core\1.5.20\logback-core-1.5.20.jar;C:\Users\Sajja Lakshminarayan\.m2\repository\org\apache\logging\log4j\log4j-to-slf4j\2.24.3\log4j-to-slf4j-2.24.3.jar;C:\Users\Sajja Lakshminarayan\.m2\repository\org\apache\logging\log4j\log4j-api\2.24.3\log4j-api-2.24.3.jar;C:\Users\Sajja Lakshminarayan\.m2\repository\org\slf4j\jul-to-slf4j\2.0.17\jul-to-slf4j-2.0.17.jar;C:\Users\Sajja Lakshminarayan\.m2\repository\org\yaml\snakeyaml\2.4\snakeyaml-2.4.jar;C:\Users\Sajja Lakshminarayan\.m2\repository\org\springframework\boot\spring-boot-starter-jdbc\3.5.7\spring-boot-starter-jdbc-3.5.7.jar;C:\Users\Sajja Lakshminarayan\.m2\repository\com\zaxxer\HikariCP\6.3.3\HikariCP-6.3.3.jar;C:\Users\Sajja Lakshminarayan\.m2\repository\org\springframework\spring-jdbc\6.2.12\spring-jdbc-6.2.12.jar;C:\Users\Sajja Lakshminarayan\.m2\repository\org\hibernate\orm\hibernate-core\6.6.33.Final\hibernate-core-6.6.33.Final.jar;C:\Users\Sajja Lakshminarayan\.m2\repository\jakarta\persistence\jakarta.persistence-api\3.1.0\jakarta.persistence-api-3.1.0.jar;C:\Users\Sajja Lakshminarayan\.m2\repository\jakarta\transa
Launcher Type: SUN_STANDARD

[Global flags]
     intx CICompilerCount                          = 4                                         {product} {ergonomic}
     uint ConcGCThreads                            = 3                                         {product} {ergonomic}
     uint G1ConcRefinementThreads                  = 10                                        {product} {ergonomic}
   size_t G1HeapRegionSize                         = 1048576                                   {product} {ergonomic}
    uintx GCDrainStackTargetSize                   = 64                                        {product} {ergonomic}
   size_t InitialHeapSize                          = 98566144                                  {product} {ergonomic}
     bool ManagementServer                         = true                                      {product} {command line}
   size_t MarkStackSize                            = 4194304                                   {product} {ergonomic}
   size_t MaxHeapSize                              = 1574961152                                {product} {ergonomic}
   size_t MaxNewSize                               = 944766976                                 {product} {ergonomic}
   size_t MinHeapDeltaBytes                        = 1048576                                   {product} {ergonomic}
   size_t MinHeapSize                              = 8388608                                   {product} {ergonomic}
    uintx NonProfiledCodeHeapSize                  = 0                                      {pd product} {ergonomic}
     bool ProfileInterpreter                       = false                                  {pd product} {command line}
    uintx ProfiledCodeHeapSize                     = 0                                      {pd product} {ergonomic}
     bool ShowCodeDetailsInExceptionMessages       = true                                   {manageable} {command line}
   size_t SoftMaxHeapSize                          = 1574961152                             {manageable} {ergonomic}
     intx TieredStopAtLevel                        = 1                                         {product} {command line}
     bool UseCompressedClassPointers               = true                           {product lp64_product} {ergonomic}
     bool UseCompressedOops                        = true                           {product lp64_product} {ergonomic}
     bool UseG1GC                                  = true                                      {product} {ergonomic}
     bool UseLargePagesIndividualAllocation        = false                                  {pd product} {ergonomic}

Logging:
Log output configuration:
 #0: stdout all=warning uptime,level,tags
 #1: stderr all=off uptime,level,tags

Environment Variables:
PATH=D:/STS1/sts-4.32.1.RELEASE//plugins/org.eclipse.justj.openjdk.hotspot.jre.full.win32.x86_64_21.0.8.v20250724-1412/jre/bin/server;D:/STS1/sts-4.32.1.RELEASE//plugins/org.eclipse.justj.openjdk.hotspot.jre.full.win32.x86_64_21.0.8.v20250724-1412/jre/bin;C:\Python313\Scripts\;C:\Python313\;C:\Users\Sajja Lakshminarayan\AppData\Local\Programs\Python\Python310\Scripts\;C:\Users\Sajja Lakshminarayan\AppData\Local\Programs\Python\Python310\;D:\Oracle\dbhomeXE\bin;D:\App\db_home\bin;C:\oracle\database\dbhomeXE\bin;C:\Python310\Scripts\;C:\Python310\;C:\Program Files\Common Files\Oracle\Java\javapath;C:\WINDOWS\system32;C:\WINDOWS;C:\WINDOWS\System32\Wbem;C:\WINDOWS\System32\WindowsPowerShell\v1.0\;C:\WINDOWS\System32\OpenSSH\;C:\Program Files\Java\jdk-17.0.1\bin\;C:\Program Files\Microsoft SQL Server\Client SDK\ODBC\170\Tools\Binn\;C:\Program Files (x86)\Microsoft SQL Server\160\Tools\Binn\;C:\Program Files\Microsoft SQL Server\160\Tools\Binn\;C:\Program Files\Microsoft SQL Server\160\DTS\Binn\;C:\Program Files\Azure Data Studio\bin;C:\Program Files\Microsoft SQL Server\140\DTS\Binn\;C:\Program Files\Microsoft SQL Server\150\DTS\Binn\;C:\Program Files\Docker\Docker\resources\bin;D:\Git\cmd;C:\Program Files\nodejs\;C:\ProgramData\chocolatey\bin;C:\Program Files\PostgreSQL\18\bin;C:\Windows\System32\OpenSSH\;C:\Python313\Scripts\;C:\Python313\;C:\Users\Sajja Lakshminarayan\AppData\Local\Programs\Python\Python310\Scripts\;C:\Users\Sajja Lakshminarayan\AppData\Local\Programs\Python\Python310\;D:\Oracle\dbhomeXE\bin;D:\App\db_home\bin;C:\oracle\database\dbhomeXE\bin;C:\Python310\Scripts\;C:\Python310\;C:\Program Files\Common Files\Oracle\Java\javapath;C:\WINDOWS\system32;C:\WINDOWS;C:\WINDOWS\System32\Wbem;C:\WINDOWS\System32\WindowsPowerShell\v1.0\;C:\WINDOWS\System32\OpenSSH\;C:\Program Files\Java\jdk-17.0.1\bin\;C:\Program Files\Microsoft SQL Server\Client SDK\ODBC\170\Tools\Binn\;C:\Program Files (x86)\Microsoft SQL Server\160\Tools\Binn\;C:\Program Files\Microsoft SQL Serv
USERNAME=Sajja Lakshminarayan
OS=Windows_NT
PROCESSOR_IDENTIFIER=AMD64 Family 23 Model 104 Stepping 1, AuthenticAMD



---------------  S Y S T E M  ---------------

OS:
 Windows 10 , 64 bit Build 26100 (10.0.26100.7019)
OS uptime: 0 days 4:14 hours
Hyper-V role detected

CPU: total 12 (initial active 12) (12 cores per cpu, 2 threads per core) family 23 model 104 stepping 1 microcode 0x8608103, cx8, cmov, fxsr, ht, mmx, 3dnowpref, sse, sse2, sse3, ssse3, sse4a, sse4.1, sse4.2, popcnt, lzcnt, tsc, tscinvbit, avx, avx2, aes, clmul, bmi1, bmi2, adx, sha, fma, vzeroupper, clflush, clflushopt, hv

Memory: 4k page, system-wide physical 6005M (811M free)
TotalPageFile size 24437M (AvailPageFile size 45M)
current process WorkingSet (physical memory assigned to process): 192M, peak: 192M
current process commit charge ("private bytes"): 237M, peak: 338M

vm_info: Java HotSpot(TM) 64-Bit Server VM (17.0.1+12-LTS-39) for windows-amd64 JRE (17.0.1+12-LTS-39), built on Sep 27 2021 18:41:35 by "mach5one" with MS VC++ 16.8 (VS2019)

END.
