#
# There is insufficient memory for the Java Runtime Environment to continue.
# Native memory allocation (mmap) failed to map 406847488 bytes for G1 virtual space
# Possible reasons:
#   The system is out of physical RAM or swap space
#   The process is running with CompressedOops enabled, and the Java Heap may be blocking the growth of the native heap
# Possible solutions:
#   Reduce memory load on the system
#   Increase physical memory or swap space
#   Check if swap backing store is full
#   Decrease Java heap size (-Xmx/-Xms)
#   Decrease number of Java threads
#   Decrease Java thread stack sizes (-Xss)
#   Set larger code cache with -XX:ReservedCodeCacheSize=
#   JVM is running with Unscaled Compressed Oops mode in which the Java heap is
#     placed in the first 4GB address space. The Java Heap base address is the
#     maximum limit for the native heap growth. Please use -XX:HeapBaseMinAddress
#     to set the Java Heap base and to place the Java Heap above 4GB virtual address.
# This output file may be truncated or incomplete.
#
#  Out of Memory Error (os_windows.cpp:3469), pid=27792, tid=14332
#
# JRE version: Java(TM) SE Runtime Environment (17.0.1+12) (build 17.0.1+12-LTS-39)
# Java VM: Java HotSpot(TM) 64-Bit Server VM (17.0.1+12-LTS-39, mixed mode, emulated-client, sharing, tiered, compressed oops, compressed class ptrs, g1 gc, windows-amd64)
# No core dump will be written. Minidumps are not enabled by default on client versions of Windows
#

---------------  S U M M A R Y ------------

Command Line: -Dcom.sun.management.jmxremote -Dcom.sun.management.jmxremote.port=58612 -Dcom.sun.management.jmxremote.authenticate=false -Dcom.sun.management.jmxremote.ssl=false -Djava.rmi.server.hostname=localhost -Dspring.jmx.enabled=true -Dmanagement.endpoints.jmx.exposure.include=* -Dspring.application.admin.enabled=true -Dspring.output.ansi.enabled=always -XX:TieredStopAtLevel=1 -Dspring.boot.project.name=OTRAS_Demo -Dfile.encoding=UTF-8 -Dstdout.encoding=UTF-8 -Dstderr.encoding=UTF-8 -XX:+ShowCodeDetailsInExceptionMessages com.OTRAS.DemoProject.OtrasDemoApplication

Host: AMD Ryzen 5 5500U with Radeon Graphics         , 12 cores, 5G,  Windows 10 , 64 bit Build 26100 (10.0.26100.7019)
Time: Thu Nov 13 23:45:20 2025 India Standard Time elapsed time: 21.361006 seconds (0d 0h 0m 21s)

---------------  T H R E A D  ---------------

Current thread (0x000001e31c9c1660):  VMThread "VM Thread" [stack: 0x0000007cb7200000,0x0000007cb7300000] [id=14332]

Stack: [0x0000007cb7200000,0x0000007cb7300000]
Native frames: (J=compiled Java code, j=interpreted, Vv=VM code, C=native code)
V  [jvm.dll+0x66fa1a]
V  [jvm.dll+0x7ce5a4]
V  [jvm.dll+0x7cfd4e]
V  [jvm.dll+0x7d03b3]
V  [jvm.dll+0x242b05]
V  [jvm.dll+0x66ca39]
V  [jvm.dll+0x661502]
V  [jvm.dll+0x30081b]
V  [jvm.dll+0x307da6]
V  [jvm.dll+0x357a1e]
V  [jvm.dll+0x357c4f]
V  [jvm.dll+0x2d7ad8]
V  [jvm.dll+0x2d5da4]
V  [jvm.dll+0x2d53ac]
V  [jvm.dll+0x318d0b]
V  [jvm.dll+0x7d484b]
V  [jvm.dll+0x7d5584]
V  [jvm.dll+0x7d5a9c]
V  [jvm.dll+0x7d5e74]
V  [jvm.dll+0x7d5f40]
V  [jvm.dll+0x77e91a]
V  [jvm.dll+0x66e845]
C  [ucrtbase.dll+0x37b0]
C  [KERNEL32.DLL+0x2e8d7]
C  [ntdll.dll+0x8c53c]

VM_Operation (0x0000007cb6cf7ba0): G1CollectForAllocation, mode: safepoint, requested by thread 0x000001e30bacd2c0


---------------  P R O C E S S  ---------------

Threads class SMR info:
_java_thread_list=0x000001e321a21430, length=24, elements={
0x000001e30bacd2c0, 0x000001e31c9c4ba0, 0x000001e31c9c6670, 0x000001e31c9dd500,
0x000001e31c9dddc0, 0x000001e31c9de680, 0x000001e31c9def40, 0x000001e31c9df800,
0x000001e31c9f1e70, 0x000001e31c9addc0, 0x000001e31d576a60, 0x000001e31d5b69b0,
0x000001e31de82020, 0x000001e31de8bff0, 0x000001e31de3ca60, 0x000001e30bacdb80,
0x000001e31de9b8c0, 0x000001e31ded0410, 0x000001e31d611880, 0x000001e31ed97060,
0x000001e31ed966c0, 0x000001e31ed97530, 0x000001e31f3aed50, 0x000001e31f3ad540
}

Java Threads: ( => current thread )
  0x000001e30bacd2c0 JavaThread "main" [_thread_blocked, id=1124, stack(0x0000007cb6c00000,0x0000007cb6d00000)]
  0x000001e31c9c4ba0 JavaThread "Reference Handler" daemon [_thread_blocked, id=15948, stack(0x0000007cb7300000,0x0000007cb7400000)]
  0x000001e31c9c6670 JavaThread "Finalizer" daemon [_thread_blocked, id=3896, stack(0x0000007cb7400000,0x0000007cb7500000)]
  0x000001e31c9dd500 JavaThread "Signal Dispatcher" daemon [_thread_blocked, id=25928, stack(0x0000007cb7500000,0x0000007cb7600000)]
  0x000001e31c9dddc0 JavaThread "Attach Listener" daemon [_thread_blocked, id=4780, stack(0x0000007cb7600000,0x0000007cb7700000)]
  0x000001e31c9de680 JavaThread "Service Thread" daemon [_thread_blocked, id=18968, stack(0x0000007cb7700000,0x0000007cb7800000)]
  0x000001e31c9def40 JavaThread "Monitor Deflation Thread" daemon [_thread_blocked, id=10012, stack(0x0000007cb7800000,0x0000007cb7900000)]
  0x000001e31c9df800 JavaThread "C1 CompilerThread0" daemon [_thread_blocked, id=20340, stack(0x0000007cb7900000,0x0000007cb7a00000)]
  0x000001e31c9f1e70 JavaThread "Sweeper thread" daemon [_thread_blocked, id=5932, stack(0x0000007cb7a00000,0x0000007cb7b00000)]
  0x000001e31c9addc0 JavaThread "Common-Cleaner" daemon [_thread_blocked, id=27760, stack(0x0000007cb7b00000,0x0000007cb7c00000)]
  0x000001e31d576a60 JavaThread "C1 CompilerThread1" daemon [_thread_blocked, id=17460, stack(0x0000007cb7c00000,0x0000007cb7d00000)]
  0x000001e31d5b69b0 JavaThread "Notification Thread" daemon [_thread_blocked, id=8596, stack(0x0000007cb7d00000,0x0000007cb7e00000)]
  0x000001e31de82020 JavaThread "RMI TCP Accept-0" daemon [_thread_in_native, id=25016, stack(0x0000007cb7e00000,0x0000007cb7f00000)]
  0x000001e31de8bff0 JavaThread "RMI TCP Accept-58612" daemon [_thread_in_native, id=13248, stack(0x0000007cb7f00000,0x0000007cb8000000)]
  0x000001e31de3ca60 JavaThread "RMI TCP Accept-0" daemon [_thread_in_native, id=24908, stack(0x0000007cb8000000,0x0000007cb8100000)]
  0x000001e30bacdb80 JavaThread "RMI TCP Connection(1)-127.0.0.1" daemon [_thread_in_native, id=23336, stack(0x0000007cb8200000,0x0000007cb8300000)]
  0x000001e31de9b8c0 JavaThread "RMI Scheduler(0)" daemon [_thread_blocked, id=23428, stack(0x0000007cb8300000,0x0000007cb8400000)]
  0x000001e31ded0410 JavaThread "RMI TCP Connection(2)-127.0.0.1" daemon [_thread_blocked, id=25608, stack(0x0000007cb8400000,0x0000007cb8500000)]
  0x000001e31d611880 JavaThread "JMX server connection timeout 22" daemon [_thread_blocked, id=27744, stack(0x0000007cb8a00000,0x0000007cb8b00000)]
  0x000001e31ed97060 JavaThread "Catalina-utility-1" [_thread_blocked, id=4208, stack(0x0000007cb9300000,0x0000007cb9400000)]
  0x000001e31ed966c0 JavaThread "Catalina-utility-2" [_thread_blocked, id=1220, stack(0x0000007cb9400000,0x0000007cb9500000)]
  0x000001e31ed97530 JavaThread "container-0" [_thread_blocked, id=23604, stack(0x0000007cb9500000,0x0000007cb9600000)]
  0x000001e31f3aed50 JavaThread "PostgreSQL-JDBC-Cleaner" daemon [_thread_blocked, id=26188, stack(0x0000007cb9700000,0x0000007cb9800000)]
  0x000001e31f3ad540 JavaThread "HikariPool-1:housekeeper" daemon [_thread_blocked, id=19144, stack(0x0000007cb9800000,0x0000007cb9900000)]

Other Threads:
=>0x000001e31c9c1660 VMThread "VM Thread" [stack: 0x0000007cb7200000,0x0000007cb7300000] [id=14332]
  0x000001e30bb26eb0 WatcherThread [stack: 0x0000007cb8100000,0x0000007cb8200000] [id=10008]
  0x000001e30bb03380 GCTaskThread "GC Thread#0" [stack: 0x0000007cb6d00000,0x0000007cb6e00000] [id=3328]
  0x000001e31dec8990 GCTaskThread "GC Thread#1" [stack: 0x0000007cb8500000,0x0000007cb8600000] [id=24540]
  0x000001e31dec9c80 GCTaskThread "GC Thread#2" [stack: 0x0000007cb8600000,0x0000007cb8700000] [id=21552]
  0x000001e31df11b30 GCTaskThread "GC Thread#3" [stack: 0x0000007cb8700000,0x0000007cb8800000] [id=22268]
  0x000001e31df11de0 GCTaskThread "GC Thread#4" [stack: 0x0000007cb8800000,0x0000007cb8900000] [id=23524]
  0x000001e31df128a0 GCTaskThread "GC Thread#5" [stack: 0x0000007cb8900000,0x0000007cb8a00000] [id=19352]
  0x000001e31e705e10 GCTaskThread "GC Thread#6" [stack: 0x0000007cb8c00000,0x0000007cb8d00000] [id=23724]
  0x000001e31e75a490 GCTaskThread "GC Thread#7" [stack: 0x0000007cb8d00000,0x0000007cb8e00000] [id=2500]
  0x000001e31e9cd670 GCTaskThread "GC Thread#8" [stack: 0x0000007cb8f00000,0x0000007cb9000000] [id=18828]
  0x000001e31e97b900 GCTaskThread "GC Thread#9" [stack: 0x0000007cb9000000,0x0000007cb9100000] [id=24612]
  0x000001e30bb10da0 ConcurrentGCThread "G1 Main Marker" [stack: 0x0000007cb6e00000,0x0000007cb6f00000] [id=6072]
  0x000001e30bb12b30 ConcurrentGCThread "G1 Conc#0" [stack: 0x0000007cb6f00000,0x0000007cb7000000] [id=18352]
  0x000001e31ed70dc0 ConcurrentGCThread "G1 Conc#1" [stack: 0x0000007cb8e00000,0x0000007cb8f00000] [id=23076]
  0x000001e31ed81360 ConcurrentGCThread "G1 Conc#2" [stack: 0x0000007cb9100000,0x0000007cb9200000] [id=6524]
  0x000001e31c8820c0 ConcurrentGCThread "G1 Refine#0" [stack: 0x0000007cb7000000,0x0000007cb7100000] [id=16124]
  0x000001e321d22540 ConcurrentGCThread "G1 Refine#1" [stack: 0x0000007cb9900000,0x0000007cb9a00000] [id=18740]
  0x000001e321d20b60 ConcurrentGCThread "G1 Refine#2" [stack: 0x0000007cb9a00000,0x0000007cb9b00000] [id=11808]
  0x000001e321d20e40 ConcurrentGCThread "G1 Refine#3" [stack: 0x0000007cb9b00000,0x0000007cb9c00000] [id=23500]
  0x000001e321d20880 ConcurrentGCThread "G1 Refine#4" [stack: 0x0000007cb9c00000,0x0000007cb9d00000] [id=4908]
  0x000001e321d21120 ConcurrentGCThread "G1 Refine#5" [stack: 0x0000007cb9d00000,0x0000007cb9e00000] [id=748]
  0x000001e321d219c0 ConcurrentGCThread "G1 Refine#6" [stack: 0x0000007cb9e00000,0x0000007cb9f00000] [id=27024]
  0x000001e31c8838a0 ConcurrentGCThread "G1 Service" [stack: 0x0000007cb7100000,0x0000007cb7200000] [id=17036]

Threads with active compile tasks:

VM state: at safepoint (normal execution)

VM Mutex/Monitor currently owned by a thread:  ([mutex/lock_event])
[0x000001e30babd4a0] Threads_lock - owner thread: 0x000001e31c9c1660
[0x000001e30babe610] Heap_lock - owner thread: 0x000001e30bacd2c0

Heap address: 0x00000000a2200000, size: 1502 MB, Compressed Oops mode: 32-bit

CDS archive(s) mapped at: [0x0000000800000000-0x0000000800bc0000-0x0000000800bc0000), size 12320768, SharedBaseAddress: 0x0000000800000000, ArchiveRelocationMode: 0.
Compressed class space mapped at: 0x0000000800c00000-0x0000000840c00000, reserved size: 1073741824
Narrow klass base: 0x0000000800000000, Narrow klass shift: 0, Narrow klass range: 0x100000000

GC Precious Log:
 CPUs: 12 total, 12 available
 Memory: 6005M
 Large Page Support: Disabled
 NUMA Support: Disabled
 Compressed Oops: Enabled (32-bit)
 Heap Region Size: 1M
 Heap Min Capacity: 8M
 Heap Initial Capacity: 94M
 Heap Max Capacity: 1502M
 Pre-touch: Disabled
 Parallel Workers: 10
 Concurrent Workers: 3
 Concurrent Refinement Workers: 10
 Periodic GC: Disabled

Heap:
 garbage-first heap   total 198656K, used 108649K [0x00000000a2200000, 0x0000000100000000)
  region size 1024K, 5 young (5120K), 5 survivors (5120K)
 Metaspace       used 64824K, committed 65536K, reserved 1105920K
  class space    used 9696K, committed 10048K, reserved 1048576K

Heap Regions: E=young(eden), S=young(survivor), O=old, HS=humongous(starts), HC=humongous(continues), CS=collection set, F=free, OA=open archive, CA=closed archive, TAMS=top-at-mark-start (previous, next)
|   0|0x00000000a2200000, 0x00000000a2300000, 0x00000000a2300000|100%|HS|  |TAMS 0x00000000a2300000, 0x00000000a2300000| Complete 
|   1|0x00000000a2300000, 0x00000000a2400000, 0x00000000a2400000|100%|HS|  |TAMS 0x00000000a2400000, 0x00000000a2400000| Complete 
|   2|0x00000000a2400000, 0x00000000a2500000, 0x00000000a2500000|100%|HS|  |TAMS 0x00000000a2500000, 0x00000000a2500000| Complete 
|   3|0x00000000a2500000, 0x00000000a2600000, 0x00000000a2600000|100%| O|  |TAMS 0x00000000a2600000, 0x00000000a2600000| Untracked 
|   4|0x00000000a2600000, 0x00000000a2700000, 0x00000000a2700000|100%| O|  |TAMS 0x00000000a2700000, 0x00000000a2700000| Untracked 
|   5|0x00000000a2700000, 0x00000000a2800000, 0x00000000a2800000|100%| O|  |TAMS 0x00000000a2800000, 0x00000000a2800000| Untracked 
|   6|0x00000000a2800000, 0x00000000a2900000, 0x00000000a2900000|100%| O|  |TAMS 0x00000000a2900000, 0x00000000a2900000| Untracked 
|   7|0x00000000a2900000, 0x00000000a2a00000, 0x00000000a2a00000|100%| O|  |TAMS 0x00000000a2a00000, 0x00000000a2a00000| Untracked 
|   8|0x00000000a2a00000, 0x00000000a2b00000, 0x00000000a2b00000|100%| O|  |TAMS 0x00000000a2b00000, 0x00000000a2b00000| Untracked 
|   9|0x00000000a2b00000, 0x00000000a2c00000, 0x00000000a2c00000|100%| O|  |TAMS 0x00000000a2c00000, 0x00000000a2c00000| Untracked 
|  10|0x00000000a2c00000, 0x00000000a2d00000, 0x00000000a2d00000|100%| O|  |TAMS 0x00000000a2d00000, 0x00000000a2d00000| Untracked 
|  11|0x00000000a2d00000, 0x00000000a2e00000, 0x00000000a2e00000|100%| O|  |TAMS 0x00000000a2e00000, 0x00000000a2e00000| Untracked 
|  12|0x00000000a2e00000, 0x00000000a2f00000, 0x00000000a2f00000|100%| O|  |TAMS 0x00000000a2f00000, 0x00000000a2f00000| Untracked 
|  13|0x00000000a2f00000, 0x00000000a3000000, 0x00000000a3000000|100%| O|  |TAMS 0x00000000a3000000, 0x00000000a3000000| Untracked 
|  14|0x00000000a3000000, 0x00000000a3100000, 0x00000000a3100000|100%| O|  |TAMS 0x00000000a3100000, 0x00000000a3100000| Untracked 
|  15|0x00000000a3100000, 0x00000000a3200000, 0x00000000a3200000|100%| O|  |TAMS 0x00000000a3200000, 0x00000000a3200000| Untracked 
|  16|0x00000000a3200000, 0x00000000a32a8600, 0x00000000a3300000| 65%| O|  |TAMS 0x00000000a32a8600, 0x00000000a32a8600| Untracked 
|  17|0x00000000a3300000, 0x00000000a3400000, 0x00000000a3400000|100%| O|  |TAMS 0x00000000a3400000, 0x00000000a3400000| Untracked 
|  18|0x00000000a3400000, 0x00000000a3500000, 0x00000000a3500000|100%| O|  |TAMS 0x00000000a3500000, 0x00000000a3500000| Untracked 
|  19|0x00000000a3500000, 0x00000000a3600000, 0x00000000a3600000|100%| O|  |TAMS 0x00000000a3600000, 0x00000000a3600000| Untracked 
|  20|0x00000000a3600000, 0x00000000a3700000, 0x00000000a3700000|100%| O|  |TAMS 0x00000000a3700000, 0x00000000a3700000| Untracked 
|  21|0x00000000a3700000, 0x00000000a3800000, 0x00000000a3800000|100%| O|  |TAMS 0x00000000a3800000, 0x00000000a3800000| Untracked 
|  22|0x00000000a3800000, 0x00000000a3900000, 0x00000000a3900000|100%| O|  |TAMS 0x00000000a3900000, 0x00000000a3900000| Untracked 
|  23|0x00000000a3900000, 0x00000000a3a00000, 0x00000000a3a00000|100%| O|  |TAMS 0x00000000a3a00000, 0x00000000a3a00000| Untracked 
|  24|0x00000000a3a00000, 0x00000000a3b00000, 0x00000000a3b00000|100%| O|  |TAMS 0x00000000a3a00000, 0x00000000a3b00000| Untracked 
|  25|0x00000000a3b00000, 0x00000000a3c00000, 0x00000000a3c00000|100%| O|  |TAMS 0x00000000a3c00000, 0x00000000a3c00000| Untracked 
|  26|0x00000000a3c00000, 0x00000000a3d00000, 0x00000000a3d00000|100%| O|  |TAMS 0x00000000a3d00000, 0x00000000a3d00000| Untracked 
|  27|0x00000000a3d00000, 0x00000000a3e00000, 0x00000000a3e00000|100%| O|  |TAMS 0x00000000a3e00000, 0x00000000a3e00000| Untracked 
|  28|0x00000000a3e00000, 0x00000000a3f00000, 0x00000000a3f00000|100%| O|  |TAMS 0x00000000a3f00000, 0x00000000a3f00000| Untracked 
|  29|0x00000000a3f00000, 0x00000000a4000000, 0x00000000a4000000|100%| O|  |TAMS 0x00000000a4000000, 0x00000000a4000000| Untracked 
|  30|0x00000000a4000000, 0x00000000a4100000, 0x00000000a4100000|100%| O|  |TAMS 0x00000000a4100000, 0x00000000a4100000| Untracked 
|  31|0x00000000a4100000, 0x00000000a4200000, 0x00000000a4200000|100%| O|  |TAMS 0x00000000a4200000, 0x00000000a4200000| Untracked 
|  32|0x00000000a4200000, 0x00000000a4300000, 0x00000000a4300000|100%| O|  |TAMS 0x00000000a4300000, 0x00000000a4300000| Untracked 
|  33|0x00000000a4300000, 0x00000000a4400000, 0x00000000a4400000|100%| O|  |TAMS 0x00000000a4400000, 0x00000000a4400000| Untracked 
|  34|0x00000000a4400000, 0x00000000a4500000, 0x00000000a4500000|100%| O|  |TAMS 0x00000000a4500000, 0x00000000a4500000| Untracked 
|  35|0x00000000a4500000, 0x00000000a4600000, 0x00000000a4600000|100%| O|  |TAMS 0x00000000a4600000, 0x00000000a4600000| Untracked 
|  36|0x00000000a4600000, 0x00000000a4700000, 0x00000000a4700000|100%| O|  |TAMS 0x00000000a4700000, 0x00000000a4700000| Untracked 
|  37|0x00000000a4700000, 0x00000000a4800000, 0x00000000a4800000|100%| O|  |TAMS 0x00000000a4800000, 0x00000000a4800000| Untracked 
|  38|0x00000000a4800000, 0x00000000a4900000, 0x00000000a4900000|100%| O|  |TAMS 0x00000000a4900000, 0x00000000a4900000| Untracked 
|  39|0x00000000a4900000, 0x00000000a4a00000, 0x00000000a4a00000|100%| O|  |TAMS 0x00000000a4a00000, 0x00000000a4a00000| Untracked 
|  40|0x00000000a4a00000, 0x00000000a4b00000, 0x00000000a4b00000|100%| O|  |TAMS 0x00000000a4a00000, 0x00000000a4a00000| Untracked 
|  41|0x00000000a4b00000, 0x00000000a4c00000, 0x00000000a4c00000|100%|HS|  |TAMS 0x00000000a4c00000, 0x00000000a4c00000| Complete 
|  42|0x00000000a4c00000, 0x00000000a4d00000, 0x00000000a4d00000|100%| O|  |TAMS 0x00000000a4d00000, 0x00000000a4d00000| Untracked 
|  43|0x00000000a4d00000, 0x00000000a4e00000, 0x00000000a4e00000|100%| O|  |TAMS 0x00000000a4e00000, 0x00000000a4e00000| Untracked 
|  44|0x00000000a4e00000, 0x00000000a4f00000, 0x00000000a4f00000|100%| O|  |TAMS 0x00000000a4e00000, 0x00000000a4e00000| Untracked 
|  45|0x00000000a4f00000, 0x00000000a5000000, 0x00000000a5000000|100%| O|  |TAMS 0x00000000a4f00000, 0x00000000a5000000| Untracked 
|  46|0x00000000a5000000, 0x00000000a5100000, 0x00000000a5100000|100%| O|  |TAMS 0x00000000a5000000, 0x00000000a5000000| Untracked 
|  47|0x00000000a5100000, 0x00000000a5172000, 0x00000000a5200000| 44%| O|  |TAMS 0x00000000a5100000, 0x00000000a5100000| Untracked 
|  48|0x00000000a5200000, 0x00000000a5200000, 0x00000000a5300000|  0%| F|  |TAMS 0x00000000a5200000, 0x00000000a5200000| Untracked 
|  49|0x00000000a5300000, 0x00000000a5400000, 0x00000000a5400000|100%| O|  |TAMS 0x00000000a5400000, 0x00000000a5400000| Untracked 
|  50|0x00000000a5400000, 0x00000000a5500000, 0x00000000a5500000|100%| O|  |TAMS 0x00000000a5500000, 0x00000000a5500000| Untracked 
|  51|0x00000000a5500000, 0x00000000a5500000, 0x00000000a5600000|  0%| F|  |TAMS 0x00000000a5500000, 0x00000000a5500000| Untracked 
|  52|0x00000000a5600000, 0x00000000a5600000, 0x00000000a5700000|  0%| F|  |TAMS 0x00000000a5600000, 0x00000000a5600000| Untracked 
|  53|0x00000000a5700000, 0x00000000a5700000, 0x00000000a5800000|  0%| F|  |TAMS 0x00000000a5700000, 0x00000000a5700000| Untracked 
|  54|0x00000000a5800000, 0x00000000a5800000, 0x00000000a5900000|  0%| F|  |TAMS 0x00000000a5800000, 0x00000000a5800000| Untracked 
|  55|0x00000000a5900000, 0x00000000a5900000, 0x00000000a5a00000|  0%| F|  |TAMS 0x00000000a5900000, 0x00000000a5900000| Untracked 
|  56|0x00000000a5a00000, 0x00000000a5a00000, 0x00000000a5b00000|  0%| F|  |TAMS 0x00000000a5a00000, 0x00000000a5a00000| Untracked 
|  57|0x00000000a5b00000, 0x00000000a5b00000, 0x00000000a5c00000|  0%| F|  |TAMS 0x00000000a5b00000, 0x00000000a5b00000| Untracked 
|  58|0x00000000a5c00000, 0x00000000a5c00000, 0x00000000a5d00000|  0%| F|  |TAMS 0x00000000a5c00000, 0x00000000a5c00000| Untracked 
|  59|0x00000000a5d00000, 0x00000000a5d00000, 0x00000000a5e00000|  0%| F|  |TAMS 0x00000000a5d00000, 0x00000000a5d00000| Untracked 
|  60|0x00000000a5e00000, 0x00000000a5f00000, 0x00000000a5f00000|100%| O|  |TAMS 0x00000000a5f00000, 0x00000000a5f00000| Untracked 
|  61|0x00000000a5f00000, 0x00000000a6000000, 0x00000000a6000000|100%| O|  |TAMS 0x00000000a6000000, 0x00000000a6000000| Untracked 
|  62|0x00000000a6000000, 0x00000000a6100000, 0x00000000a6100000|100%| O|  |TAMS 0x00000000a6100000, 0x00000000a6100000| Untracked 
|  63|0x00000000a6100000, 0x00000000a6200000, 0x00000000a6200000|100%| O|  |TAMS 0x00000000a6200000, 0x00000000a6200000| Untracked 
|  64|0x00000000a6200000, 0x00000000a6200000, 0x00000000a6300000|  0%| F|  |TAMS 0x00000000a6200000, 0x00000000a6200000| Untracked 
|  65|0x00000000a6300000, 0x00000000a6400000, 0x00000000a6400000|100%| O|  |TAMS 0x00000000a6300000, 0x00000000a6400000| Untracked 
|  66|0x00000000a6400000, 0x00000000a6400000, 0x00000000a6500000|  0%| F|  |TAMS 0x00000000a6400000, 0x00000000a6400000| Untracked 
|  67|0x00000000a6500000, 0x00000000a6500000, 0x00000000a6600000|  0%| F|  |TAMS 0x00000000a6500000, 0x00000000a6500000| Untracked 
|  68|0x00000000a6600000, 0x00000000a6700000, 0x00000000a6700000|100%| O|  |TAMS 0x00000000a6700000, 0x00000000a6700000| Untracked 
|  69|0x00000000a6700000, 0x00000000a6800000, 0x00000000a6800000|100%| O|  |TAMS 0x00000000a6800000, 0x00000000a6800000| Untracked 
|  70|0x00000000a6800000, 0x00000000a6900000, 0x00000000a6900000|100%| O|  |TAMS 0x00000000a6900000, 0x00000000a6900000| Untracked 
|  71|0x00000000a6900000, 0x00000000a6a00000, 0x00000000a6a00000|100%| O|  |TAMS 0x00000000a6a00000, 0x00000000a6a00000| Untracked 
|  72|0x00000000a6a00000, 0x00000000a6b00000, 0x00000000a6b00000|100%| O|  |TAMS 0x00000000a6b00000, 0x00000000a6b00000| Untracked 
|  73|0x00000000a6b00000, 0x00000000a6c00000, 0x00000000a6c00000|100%| O|  |TAMS 0x00000000a6c00000, 0x00000000a6c00000| Untracked 
|  74|0x00000000a6c00000, 0x00000000a6d00000, 0x00000000a6d00000|100%| O|  |TAMS 0x00000000a6d00000, 0x00000000a6d00000| Untracked 
|  75|0x00000000a6d00000, 0x00000000a6e00000, 0x00000000a6e00000|100%| O|  |TAMS 0x00000000a6e00000, 0x00000000a6e00000| Untracked 
|  76|0x00000000a6e00000, 0x00000000a6f00000, 0x00000000a6f00000|100%| O|  |TAMS 0x00000000a6f00000, 0x00000000a6f00000| Untracked 
|  77|0x00000000a6f00000, 0x00000000a7000000, 0x00000000a7000000|100%| O|  |TAMS 0x00000000a7000000, 0x00000000a7000000| Untracked 
|  78|0x00000000a7000000, 0x00000000a7100000, 0x00000000a7100000|100%| O|  |TAMS 0x00000000a7100000, 0x00000000a7100000| Untracked 
|  79|0x00000000a7100000, 0x00000000a7200000, 0x00000000a7200000|100%| O|  |TAMS 0x00000000a7200000, 0x00000000a7200000| Untracked 
|  80|0x00000000a7200000, 0x00000000a7300000, 0x00000000a7300000|100%| O|  |TAMS 0x00000000a7300000, 0x00000000a7300000| Untracked 
|  81|0x00000000a7300000, 0x00000000a7400000, 0x00000000a7400000|100%| O|  |TAMS 0x00000000a7400000, 0x00000000a7400000| Untracked 
|  82|0x00000000a7400000, 0x00000000a7500000, 0x00000000a7500000|100%| O|  |TAMS 0x00000000a7500000, 0x00000000a7500000| Untracked 
|  83|0x00000000a7500000, 0x00000000a7600000, 0x00000000a7600000|100%| O|  |TAMS 0x00000000a7600000, 0x00000000a7600000| Untracked 
|  84|0x00000000a7600000, 0x00000000a7700000, 0x00000000a7700000|100%| O|  |TAMS 0x00000000a7700000, 0x00000000a7700000| Untracked 
|  85|0x00000000a7700000, 0x00000000a7800000, 0x00000000a7800000|100%| O|  |TAMS 0x00000000a7800000, 0x00000000a7800000| Untracked 
|  86|0x00000000a7800000, 0x00000000a7900000, 0x00000000a7900000|100%| O|  |TAMS 0x00000000a7900000, 0x00000000a7900000| Untracked 
|  87|0x00000000a7900000, 0x00000000a7a00000, 0x00000000a7a00000|100%| O|  |TAMS 0x00000000a7a00000, 0x00000000a7a00000| Untracked 
|  88|0x00000000a7a00000, 0x00000000a7b00000, 0x00000000a7b00000|100%| O|  |TAMS 0x00000000a7b00000, 0x00000000a7b00000| Untracked 
|  89|0x00000000a7b00000, 0x00000000a7c00000, 0x00000000a7c00000|100%| O|  |TAMS 0x00000000a7c00000, 0x00000000a7c00000| Untracked 
|  90|0x00000000a7c00000, 0x00000000a7d00000, 0x00000000a7d00000|100%| O|  |TAMS 0x00000000a7d00000, 0x00000000a7d00000| Untracked 
|  91|0x00000000a7d00000, 0x00000000a7e00000, 0x00000000a7e00000|100%| O|  |TAMS 0x00000000a7e00000, 0x00000000a7e00000| Untracked 
|  92|0x00000000a7e00000, 0x00000000a7f00000, 0x00000000a7f00000|100%| O|  |TAMS 0x00000000a7f00000, 0x00000000a7f00000| Untracked 
|  93|0x00000000a7f00000, 0x00000000a8000000, 0x00000000a8000000|100%| O|  |TAMS 0x00000000a8000000, 0x00000000a8000000| Untracked 
|  94|0x00000000a8000000, 0x00000000a8100000, 0x00000000a8100000|100%| O|  |TAMS 0x00000000a8100000, 0x00000000a8100000| Untracked 
|  95|0x00000000a8100000, 0x00000000a8200000, 0x00000000a8200000|100%| O|  |TAMS 0x00000000a8200000, 0x00000000a8200000| Untracked 
|  96|0x00000000a8200000, 0x00000000a8300000, 0x00000000a8300000|100%| O|  |TAMS 0x00000000a82fb400, 0x00000000a8300000| Untracked 
|  97|0x00000000a8300000, 0x00000000a8400000, 0x00000000a8400000|100%|HS|  |TAMS 0x00000000a8300000, 0x00000000a8400000| Complete 
|  98|0x00000000a8400000, 0x00000000a8500000, 0x00000000a8500000|100%|HC|  |TAMS 0x00000000a8400000, 0x00000000a8500000| Complete 
|  99|0x00000000a8500000, 0x00000000a8600000, 0x00000000a8600000|100%| O|  |TAMS 0x00000000a8500000, 0x00000000a8600000| Untracked 
| 100|0x00000000a8600000, 0x00000000a8700000, 0x00000000a8700000|100%| O|  |TAMS 0x00000000a8600000, 0x00000000a8700000| Untracked 
| 101|0x00000000a8700000, 0x00000000a8800000, 0x00000000a8800000|100%| O|  |TAMS 0x00000000a8700000, 0x00000000a8800000| Untracked 
| 102|0x00000000a8800000, 0x00000000a8900000, 0x00000000a8900000|100%| O|  |TAMS 0x00000000a8800000, 0x00000000a8900000| Untracked 
| 103|0x00000000a8900000, 0x00000000a8a00000, 0x00000000a8a00000|100%| O|  |TAMS 0x00000000a8900000, 0x00000000a8a00000| Untracked 
| 104|0x00000000a8a00000, 0x00000000a8b00000, 0x00000000a8b00000|100%| O|  |TAMS 0x00000000a8a00000, 0x00000000a8b00000| Untracked 
| 105|0x00000000a8b00000, 0x00000000a8c00000, 0x00000000a8c00000|100%| O|  |TAMS 0x00000000a8b00000, 0x00000000a8c00000| Untracked 
| 106|0x00000000a8c00000, 0x00000000a8d00000, 0x00000000a8d00000|100%| O|  |TAMS 0x00000000a8c00000, 0x00000000a8d00000| Untracked 
| 107|0x00000000a8d00000, 0x00000000a8e00000, 0x00000000a8e00000|100%| O|  |TAMS 0x00000000a8d00000, 0x00000000a8e00000| Untracked 
| 108|0x00000000a8e00000, 0x00000000a8f00000, 0x00000000a8f00000|100%| O|  |TAMS 0x00000000a8e00000, 0x00000000a8f00000| Untracked 
| 109|0x00000000a8f00000, 0x00000000a9000000, 0x00000000a9000000|100%| O|  |TAMS 0x00000000a8f00000, 0x00000000a9000000| Untracked 
| 110|0x00000000a9000000, 0x00000000a9100000, 0x00000000a9100000|100%| O|  |TAMS 0x00000000a9000000, 0x00000000a9100000| Untracked 
| 111|0x00000000a9100000, 0x00000000a9200000, 0x00000000a9200000|100%| O|  |TAMS 0x00000000a9100000, 0x00000000a9200000| Untracked 
| 112|0x00000000a9200000, 0x00000000a9300000, 0x00000000a9300000|100%| O|  |TAMS 0x00000000a9200000, 0x00000000a9300000| Untracked 
| 113|0x00000000a9300000, 0x00000000a9400000, 0x00000000a9400000|100%| O|  |TAMS 0x00000000a9300000, 0x00000000a9400000| Untracked 
| 114|0x00000000a9400000, 0x00000000a9500000, 0x00000000a9500000|100%| O|  |TAMS 0x00000000a9400000, 0x00000000a94ea600| Untracked 
| 115|0x00000000a9500000, 0x00000000a9500000, 0x00000000a9600000|  0%| F|  |TAMS 0x00000000a9500000, 0x00000000a9500000| Untracked 
| 116|0x00000000a9600000, 0x00000000a9600000, 0x00000000a9700000|  0%| F|  |TAMS 0x00000000a9600000, 0x00000000a9600000| Untracked 
| 117|0x00000000a9700000, 0x00000000a9700000, 0x00000000a9800000|  0%| F|  |TAMS 0x00000000a9700000, 0x00000000a9700000| Untracked 
| 118|0x00000000a9800000, 0x00000000a9800000, 0x00000000a9900000|  0%| F|  |TAMS 0x00000000a9800000, 0x00000000a9800000| Untracked 
| 119|0x00000000a9900000, 0x00000000a9900000, 0x00000000a9a00000|  0%| F|  |TAMS 0x00000000a9900000, 0x00000000a9900000| Untracked 
| 120|0x00000000a9a00000, 0x00000000a9a00000, 0x00000000a9b00000|  0%| F|  |TAMS 0x00000000a9a00000, 0x00000000a9a00000| Untracked 
| 121|0x00000000a9b00000, 0x00000000a9b00000, 0x00000000a9c00000|  0%| F|  |TAMS 0x00000000a9b00000, 0x00000000a9b00000| Untracked 
| 122|0x00000000a9c00000, 0x00000000a9c00000, 0x00000000a9d00000|  0%| F|  |TAMS 0x00000000a9c00000, 0x00000000a9c00000| Untracked 
| 123|0x00000000a9d00000, 0x00000000a9d00000, 0x00000000a9e00000|  0%| F|  |TAMS 0x00000000a9d00000, 0x00000000a9d00000| Untracked 
| 124|0x00000000a9e00000, 0x00000000a9e00000, 0x00000000a9f00000|  0%| F|  |TAMS 0x00000000a9e00000, 0x00000000a9e00000| Untracked 
| 125|0x00000000a9f00000, 0x00000000a9f00000, 0x00000000aa000000|  0%| F|  |TAMS 0x00000000a9f00000, 0x00000000a9f00000| Untracked 
| 126|0x00000000aa000000, 0x00000000aa000000, 0x00000000aa100000|  0%| F|  |TAMS 0x00000000aa000000, 0x00000000aa000000| Untracked 
| 127|0x00000000aa100000, 0x00000000aa100000, 0x00000000aa200000|  0%| F|  |TAMS 0x00000000aa100000, 0x00000000aa100000| Untracked 
| 128|0x00000000aa200000, 0x00000000aa200000, 0x00000000aa300000|  0%| F|  |TAMS 0x00000000aa200000, 0x00000000aa200000| Untracked 
| 129|0x00000000aa300000, 0x00000000aa300000, 0x00000000aa400000|  0%| F|  |TAMS 0x00000000aa300000, 0x00000000aa300000| Untracked 
| 130|0x00000000aa400000, 0x00000000aa400000, 0x00000000aa500000|  0%| F|  |TAMS 0x00000000aa400000, 0x00000000aa400000| Untracked 
| 131|0x00000000aa500000, 0x00000000aa500000, 0x00000000aa600000|  0%| F|  |TAMS 0x00000000aa500000, 0x00000000aa500000| Untracked 
| 132|0x00000000aa600000, 0x00000000aa600000, 0x00000000aa700000|  0%| F|  |TAMS 0x00000000aa600000, 0x00000000aa600000| Untracked 
| 133|0x00000000aa700000, 0x00000000aa700000, 0x00000000aa800000|  0%| F|  |TAMS 0x00000000aa700000, 0x00000000aa700000| Untracked 
| 134|0x00000000aa800000, 0x00000000aa800000, 0x00000000aa900000|  0%| F|  |TAMS 0x00000000aa800000, 0x00000000aa800000| Untracked 
| 135|0x00000000aa900000, 0x00000000aa900000, 0x00000000aaa00000|  0%| F|  |TAMS 0x00000000aa900000, 0x00000000aa900000| Untracked 
| 136|0x00000000aaa00000, 0x00000000aaa00000, 0x00000000aab00000|  0%| F|  |TAMS 0x00000000aaa00000, 0x00000000aaa00000| Untracked 
| 137|0x00000000aab00000, 0x00000000aab00000, 0x00000000aac00000|  0%| F|  |TAMS 0x00000000aab00000, 0x00000000aab00000| Untracked 
| 138|0x00000000aac00000, 0x00000000aac00000, 0x00000000aad00000|  0%| F|  |TAMS 0x00000000aac00000, 0x00000000aac00000| Untracked 
| 139|0x00000000aad00000, 0x00000000aad00000, 0x00000000aae00000|  0%| F|  |TAMS 0x00000000aad00000, 0x00000000aad00000| Untracked 
| 140|0x00000000aae00000, 0x00000000aae00000, 0x00000000aaf00000|  0%| F|  |TAMS 0x00000000aae00000, 0x00000000aae00000| Untracked 
| 141|0x00000000aaf00000, 0x00000000aaf00000, 0x00000000ab000000|  0%| F|  |TAMS 0x00000000aaf00000, 0x00000000aaf00000| Untracked 
| 142|0x00000000ab000000, 0x00000000ab000000, 0x00000000ab100000|  0%| F|  |TAMS 0x00000000ab000000, 0x00000000ab000000| Untracked 
| 143|0x00000000ab100000, 0x00000000ab100000, 0x00000000ab200000|  0%| F|  |TAMS 0x00000000ab100000, 0x00000000ab100000| Untracked 
| 144|0x00000000ab200000, 0x00000000ab200000, 0x00000000ab300000|  0%| F|  |TAMS 0x00000000ab200000, 0x00000000ab200000| Untracked 
| 145|0x00000000ab300000, 0x00000000ab300000, 0x00000000ab400000|  0%| F|  |TAMS 0x00000000ab300000, 0x00000000ab300000| Untracked 
| 146|0x00000000ab400000, 0x00000000ab400000, 0x00000000ab500000|  0%| F|  |TAMS 0x00000000ab400000, 0x00000000ab400000| Untracked 
| 147|0x00000000ab500000, 0x00000000ab500000, 0x00000000ab600000|  0%| F|  |TAMS 0x00000000ab500000, 0x00000000ab500000| Untracked 
| 148|0x00000000ab600000, 0x00000000ab600000, 0x00000000ab700000|  0%| F|  |TAMS 0x00000000ab600000, 0x00000000ab600000| Untracked 
| 149|0x00000000ab700000, 0x00000000ab800000, 0x00000000ab800000|100%| S|CS|TAMS 0x00000000ab700000, 0x00000000ab700000| Complete 
| 150|0x00000000ab800000, 0x00000000ab900000, 0x00000000ab900000|100%| S|CS|TAMS 0x00000000ab800000, 0x00000000ab800000| Complete 
| 151|0x00000000ab900000, 0x00000000aba00000, 0x00000000aba00000|100%| S|CS|TAMS 0x00000000ab900000, 0x00000000ab900000| Complete 
| 152|0x00000000aba00000, 0x00000000abb00000, 0x00000000abb00000|100%| S|CS|TAMS 0x00000000aba00000, 0x00000000aba00000| Complete 
| 153|0x00000000abb00000, 0x00000000abc00000, 0x00000000abc00000|100%| S|CS|TAMS 0x00000000abb00000, 0x00000000abb00000| Complete 
| 154|0x00000000abc00000, 0x00000000abc00000, 0x00000000abd00000|  0%| F|  |TAMS 0x00000000abc00000, 0x00000000abc00000| Untracked 
| 155|0x00000000abd00000, 0x00000000abd00000, 0x00000000abe00000|  0%| F|  |TAMS 0x00000000abd00000, 0x00000000abd00000| Untracked 
| 156|0x00000000abe00000, 0x00000000abe00000, 0x00000000abf00000|  0%| F|  |TAMS 0x00000000abe00000, 0x00000000abe00000| Untracked 
| 157|0x00000000abf00000, 0x00000000abf00000, 0x00000000ac000000|  0%| F|  |TAMS 0x00000000abf00000, 0x00000000abf00000| Untracked 
| 158|0x00000000ac000000, 0x00000000ac000000, 0x00000000ac100000|  0%| F|  |TAMS 0x00000000ac000000, 0x00000000ac000000| Untracked 
| 159|0x00000000ac100000, 0x00000000ac100000, 0x00000000ac200000|  0%| F|  |TAMS 0x00000000ac100000, 0x00000000ac100000| Untracked 
| 160|0x00000000ac200000, 0x00000000ac200000, 0x00000000ac300000|  0%| F|  |TAMS 0x00000000ac200000, 0x00000000ac200000| Untracked 
| 161|0x00000000ac300000, 0x00000000ac300000, 0x00000000ac400000|  0%| F|  |TAMS 0x00000000ac300000, 0x00000000ac300000| Untracked 
| 162|0x00000000ac400000, 0x00000000ac400000, 0x00000000ac500000|  0%| F|  |TAMS 0x00000000ac400000, 0x00000000ac400000| Untracked 
| 163|0x00000000ac500000, 0x00000000ac500000, 0x00000000ac600000|  0%| F|  |TAMS 0x00000000ac500000, 0x00000000ac500000| Untracked 
| 164|0x00000000ac600000, 0x00000000ac600000, 0x00000000ac700000|  0%| F|  |TAMS 0x00000000ac600000, 0x00000000ac600000| Untracked 
| 165|0x00000000ac700000, 0x00000000ac700000, 0x00000000ac800000|  0%| F|  |TAMS 0x00000000ac700000, 0x00000000ac700000| Untracked 
| 166|0x00000000ac800000, 0x00000000ac800000, 0x00000000ac900000|  0%| F|  |TAMS 0x00000000ac800000, 0x00000000ac800000| Untracked 
| 167|0x00000000ac900000, 0x00000000ac900000, 0x00000000aca00000|  0%| F|  |TAMS 0x00000000ac900000, 0x00000000ac900000| Untracked 
| 168|0x00000000aca00000, 0x00000000aca00000, 0x00000000acb00000|  0%| F|  |TAMS 0x00000000aca00000, 0x00000000aca00000| Untracked 
| 169|0x00000000acb00000, 0x00000000acb00000, 0x00000000acc00000|  0%| F|  |TAMS 0x00000000acb00000, 0x00000000acb00000| Untracked 
| 170|0x00000000acc00000, 0x00000000acc00000, 0x00000000acd00000|  0%| F|  |TAMS 0x00000000acc00000, 0x00000000acc00000| Untracked 
| 171|0x00000000acd00000, 0x00000000acd00000, 0x00000000ace00000|  0%| F|  |TAMS 0x00000000acd00000, 0x00000000acd00000| Untracked 
| 172|0x00000000ace00000, 0x00000000ace00000, 0x00000000acf00000|  0%| F|  |TAMS 0x00000000ace00000, 0x00000000ace00000| Untracked 
| 173|0x00000000acf00000, 0x00000000acf00000, 0x00000000ad000000|  0%| F|  |TAMS 0x00000000acf00000, 0x00000000acf00000| Untracked 
| 174|0x00000000ad000000, 0x00000000ad000000, 0x00000000ad100000|  0%| F|  |TAMS 0x00000000ad000000, 0x00000000ad000000| Untracked 
| 175|0x00000000ad100000, 0x00000000ad100000, 0x00000000ad200000|  0%| F|  |TAMS 0x00000000ad100000, 0x00000000ad100000| Untracked 
| 176|0x00000000ad200000, 0x00000000ad200000, 0x00000000ad300000|  0%| F|  |TAMS 0x00000000ad200000, 0x00000000ad200000| Untracked 
| 177|0x00000000ad300000, 0x00000000ad300000, 0x00000000ad400000|  0%| F|  |TAMS 0x00000000ad300000, 0x00000000ad300000| Untracked 
| 178|0x00000000ad400000, 0x00000000ad400000, 0x00000000ad500000|  0%| F|  |TAMS 0x00000000ad400000, 0x00000000ad400000| Untracked 
| 179|0x00000000ad500000, 0x00000000ad500000, 0x00000000ad600000|  0%| F|  |TAMS 0x00000000ad500000, 0x00000000ad500000| Untracked 
| 180|0x00000000ad600000, 0x00000000ad600000, 0x00000000ad700000|  0%| F|  |TAMS 0x00000000ad600000, 0x00000000ad600000| Untracked 
| 181|0x00000000ad700000, 0x00000000ad700000, 0x00000000ad800000|  0%| F|  |TAMS 0x00000000ad700000, 0x00000000ad700000| Untracked 
| 182|0x00000000ad800000, 0x00000000ad800000, 0x00000000ad900000|  0%| F|  |TAMS 0x00000000ad800000, 0x00000000ad800000| Untracked 
| 183|0x00000000ad900000, 0x00000000ad900000, 0x00000000ada00000|  0%| F|  |TAMS 0x00000000ad900000, 0x00000000ad900000| Untracked 
| 184|0x00000000ada00000, 0x00000000ada00000, 0x00000000adb00000|  0%| F|  |TAMS 0x00000000ada00000, 0x00000000ada00000| Untracked 
| 185|0x00000000adb00000, 0x00000000adb00000, 0x00000000adc00000|  0%| F|  |TAMS 0x00000000adb00000, 0x00000000adb00000| Untracked 
| 186|0x00000000adc00000, 0x00000000adc00000, 0x00000000add00000|  0%| F|  |TAMS 0x00000000adc00000, 0x00000000adc00000| Untracked 
| 187|0x00000000add00000, 0x00000000add00000, 0x00000000ade00000|  0%| F|  |TAMS 0x00000000add00000, 0x00000000add00000| Untracked 
| 188|0x00000000ade00000, 0x00000000ade00000, 0x00000000adf00000|  0%| F|  |TAMS 0x00000000ade00000, 0x00000000ade00000| Untracked 
| 189|0x00000000adf00000, 0x00000000adf00000, 0x00000000ae000000|  0%| F|  |TAMS 0x00000000adf00000, 0x00000000adf00000| Untracked 
| 190|0x00000000ae000000, 0x00000000ae000000, 0x00000000ae100000|  0%| F|  |TAMS 0x00000000ae000000, 0x00000000ae000000| Untracked 
| 191|0x00000000ae100000, 0x00000000ae100000, 0x00000000ae200000|  0%| F|  |TAMS 0x00000000ae100000, 0x00000000ae100000| Untracked 
| 192|0x00000000ae200000, 0x00000000ae200000, 0x00000000ae300000|  0%| F|  |TAMS 0x00000000ae200000, 0x00000000ae200000| Untracked 
| 193|0x00000000ae300000, 0x00000000ae300000, 0x00000000ae400000|  0%| F|  |TAMS 0x00000000ae300000, 0x00000000ae300000| Untracked 

Card table byte_map: [0x000001e3168c0000,0x000001e316bb0000] _byte_map_base: 0x000001e3163af000

Marking Bits (Prev, Next): (CMBitMap*) 0x000001e30bb048f0, (CMBitMap*) 0x000001e30bb048b0
 Prev Bits: [0x000001e318620000, 0x000001e319d98000)
 Next Bits: [0x000001e316ea0000, 0x000001e318618000)

Polling page: 0x000001e309c40000

Metaspace:

Usage:
  Non-class:     53.84 MB used.
      Class:      9.47 MB used.
       Both:     63.31 MB used.

Virtual space:
  Non-class space:       56.00 MB reserved,      54.19 MB ( 97%) committed,  7 nodes.
      Class space:        1.00 GB reserved,       9.81 MB ( <1%) committed,  1 nodes.
             Both:        1.05 GB reserved,      64.00 MB (  6%) committed. 

Chunk freelists:
   Non-Class:  1.16 MB
       Class:  2.12 MB
        Both:  3.28 MB

MaxMetaspaceSize: unlimited
CompressedClassSpaceSize: 1.00 GB
Initial GC threshold: 21.00 MB
Current GC threshold: 106.69 MB
CDS: on
MetaspaceReclaimPolicy: balanced
 - commit_granule_bytes: 65536.
 - commit_granule_words: 8192.
 - virtual_space_node_default_size: 1048576.
 - enlarge_chunks_in_place: 1.
 - new_chunks_are_fully_committed: 0.
 - uncommit_free_chunks: 1.
 - use_allocation_guard: 0.
 - handle_deallocations: 1.


Internal statistics:

num_allocs_failed_limit: 9.
num_arena_births: 892.
num_arena_deaths: 0.
num_vsnodes_births: 8.
num_vsnodes_deaths: 0.
num_space_committed: 1024.
num_space_uncommitted: 0.
num_chunks_returned_to_freelist: 9.
num_chunks_taken_from_freelist: 3315.
num_chunk_merges: 6.
num_chunk_splits: 2388.
num_chunks_enlarged: 1852.
num_purges: 0.
num_inconsistent_stats: 0.

CodeCache: size=49152Kb used=13096Kb max_used=14220Kb free=36055Kb
 bounds [0x000001e3132a0000, 0x000001e314090000, 0x000001e3162a0000]
 total_blobs=8073 nmethods=7414 adapters=584
 compilation: enabled
              stopped_count=0, restarted_count=0
 full_count=0

Compilation events (20 events):
Event: 15.476 Thread 0x000001e31e5a0fc0 nmethod 7403 0x000001e31407ee90 code [0x000001e31407f020, 0x000001e31407f138]
Event: 15.476 Thread 0x000001e31d576a60 nmethod 7404 0x000001e31407f210 code [0x000001e31407f3a0, 0x000001e31407f4b8]
Event: 15.476 Thread 0x000001e31e5a0fc0 7407       1       org.antlr.v4.runtime.CommonTokenFactory::create (18 bytes)
Event: 15.476 Thread 0x000001e31d576a60 7408       1       org.antlr.v4.runtime.CommonTokenFactory::create (85 bytes)
Event: 15.476 Thread 0x000001e31e5a0fc0 nmethod 7407 0x000001e31407f590 code [0x000001e31407f720, 0x000001e31407f828]
Event: 15.476 Thread 0x000001e31e5a0fc0 7409       1       org.antlr.v4.runtime.CommonToken::<init> (86 bytes)
Event: 15.476 Thread 0x000001e31edb53e0 nmethod 7405 0x000001e31407f910 code [0x000001e31407fb00, 0x000001e31407fea8]
Event: 15.476 Thread 0x000001e31d576a60 nmethod 7408 0x000001e314080090 code [0x000001e314080260, 0x000001e314080608]
Event: 15.476 Thread 0x000001e31e5a0fc0 nmethod 7409 0x000001e314080810 code [0x000001e3140809c0, 0x000001e314080cd8]
Event: 15.476 Thread 0x000001e31edb53e0 7410       1       org.antlr.v4.runtime.Lexer::emit (51 bytes)
Event: 15.476 Thread 0x000001e31e5a0fc0 7411       1       org.antlr.v4.runtime.Lexer::getCharIndex (10 bytes)
Event: 15.477 Thread 0x000001e31e5a0fc0 nmethod 7411 0x000001e314080f10 code [0x000001e3140810a0, 0x000001e3140811b8]
Event: 15.477 Thread 0x000001e31c9df800 nmethod 7406 0x000001e314081290 code [0x000001e3140814e0, 0x000001e314081bd8]
Event: 15.477 Thread 0x000001e31edb53e0 nmethod 7410 0x000001e314082290 code [0x000001e314082440, 0x000001e314082668]
Event: 15.481 Thread 0x000001e31edb53e0 7412       1       org.antlr.v4.runtime.atn.PredictionMode::hasSLLConflictTerminatingPrediction (109 bytes)
Event: 15.482 Thread 0x000001e31edb53e0 nmethod 7412 0x000001e314082810 code [0x000001e314082a20, 0x000001e314082ed8]
Event: 16.282 Thread 0x000001e31c9df800 7413       1       org.antlr.v4.runtime.atn.ATNConfig::<init> (11 bytes)
Event: 16.283 Thread 0x000001e31c9df800 nmethod 7413 0x000001e313a64290 code [0x000001e313a64420, 0x000001e313a64618]
Event: 16.298 Thread 0x000001e31d576a60 7414       1       java.util.ArrayList::remove (26 bytes)
Event: 16.298 Thread 0x000001e31d576a60 nmethod 7414 0x000001e313a63a10 code [0x000001e313a63be0, 0x000001e313a64018]

GC Heap History (20 events):
Event: 14.933 GC heap after
{Heap after GC invocations=20 (full 0):
 garbage-first heap   total 122880K, used 43786K [0x00000000a2200000, 0x0000000100000000)
  region size 1024K, 6 young (6144K), 6 survivors (6144K)
 Metaspace       used 64807K, committed 65536K, reserved 1105920K
  class space    used 9695K, committed 10048K, reserved 1048576K
}
Event: 15.154 GC heap before
{Heap before GC invocations=20 (full 0):
 garbage-first heap   total 122880K, used 98058K [0x00000000a2200000, 0x0000000100000000)
  region size 1024K, 59 young (60416K), 6 survivors (6144K)
 Metaspace       used 64812K, committed 65536K, reserved 1105920K
  class space    used 9695K, committed 10048K, reserved 1048576K
}
Event: 15.164 GC heap after
{Heap after GC invocations=21 (full 0):
 garbage-first heap   total 122880K, used 50965K [0x00000000a2200000, 0x0000000100000000)
  region size 1024K, 8 young (8192K), 8 survivors (8192K)
 Metaspace       used 64812K, committed 65536K, reserved 1105920K
  class space    used 9695K, committed 10048K, reserved 1048576K
}
Event: 15.353 GC heap before
{Heap before GC invocations=21 (full 0):
 garbage-first heap   total 122880K, used 91925K [0x00000000a2200000, 0x0000000100000000)
  region size 1024K, 48 young (49152K), 8 survivors (8192K)
 Metaspace       used 64820K, committed 65536K, reserved 1105920K
  class space    used 9696K, committed 10048K, reserved 1048576K
}
Event: 15.364 GC heap after
{Heap after GC invocations=22 (full 0):
 garbage-first heap   total 122880K, used 57357K [0x00000000a2200000, 0x0000000100000000)
  region size 1024K, 6 young (6144K), 6 survivors (6144K)
 Metaspace       used 64820K, committed 65536K, reserved 1105920K
  class space    used 9696K, committed 10048K, reserved 1048576K
}
Event: 15.505 GC heap before
{Heap before GC invocations=22 (full 0):
 garbage-first heap   total 122880K, used 91149K [0x00000000a2200000, 0x0000000100000000)
  region size 1024K, 39 young (39936K), 6 survivors (6144K)
 Metaspace       used 64823K, committed 65536K, reserved 1105920K
  class space    used 9696K, committed 10048K, reserved 1048576K
}
Event: 15.517 GC heap after
{Heap after GC invocations=23 (full 0):
 garbage-first heap   total 122880K, used 69156K [0x00000000a2200000, 0x0000000100000000)
  region size 1024K, 5 young (5120K), 5 survivors (5120K)
 Metaspace       used 64823K, committed 65536K, reserved 1105920K
  class space    used 9696K, committed 10048K, reserved 1048576K
}
Event: 15.617 GC heap before
{Heap before GC invocations=23 (full 0):
 garbage-first heap   total 122880K, used 91684K [0x00000000a2200000, 0x0000000100000000)
  region size 1024K, 27 young (27648K), 5 survivors (5120K)
 Metaspace       used 64823K, committed 65536K, reserved 1105920K
  class space    used 9696K, committed 10048K, reserved 1048576K
}
Event: 15.632 GC heap after
{Heap after GC invocations=24 (full 0):
 garbage-first heap   total 183296K, used 79333K [0x00000000a2200000, 0x0000000100000000)
  region size 1024K, 4 young (4096K), 4 survivors (4096K)
 Metaspace       used 64823K, committed 65536K, reserved 1105920K
  class space    used 9696K, committed 10048K, reserved 1048576K
}
Event: 15.876 GC heap before
{Heap before GC invocations=25 (full 0):
 garbage-first heap   total 183296K, used 125413K [0x00000000a2200000, 0x0000000100000000)
  region size 1024K, 50 young (51200K), 4 survivors (4096K)
 Metaspace       used 64823K, committed 65536K, reserved 1105920K
  class space    used 9696K, committed 10048K, reserved 1048576K
}
Event: 15.897 GC heap after
{Heap after GC invocations=26 (full 0):
 garbage-first heap   total 183296K, used 96958K [0x00000000a2200000, 0x0000000100000000)
  region size 1024K, 7 young (7168K), 7 survivors (7168K)
 Metaspace       used 64823K, committed 65536K, reserved 1105920K
  class space    used 9696K, committed 10048K, reserved 1048576K
}
Event: 15.906 GC heap before
{Heap before GC invocations=26 (full 0):
 garbage-first heap   total 183296K, used 97982K [0x00000000a2200000, 0x0000000100000000)
  region size 1024K, 8 young (8192K), 7 survivors (7168K)
 Metaspace       used 64823K, committed 65536K, reserved 1105920K
  class space    used 9696K, committed 10048K, reserved 1048576K
}
Event: 15.920 GC heap after
{Heap after GC invocations=27 (full 0):
 garbage-first heap   total 183296K, used 97934K [0x00000000a2200000, 0x0000000100000000)
  region size 1024K, 1 young (1024K), 1 survivors (1024K)
 Metaspace       used 64823K, committed 65536K, reserved 1105920K
  class space    used 9696K, committed 10048K, reserved 1048576K
}
Event: 15.976 GC heap before
{Heap before GC invocations=27 (full 0):
 garbage-first heap   total 183296K, used 110222K [0x00000000a2200000, 0x0000000100000000)
  region size 1024K, 14 young (14336K), 1 survivors (1024K)
 Metaspace       used 64823K, committed 65536K, reserved 1105920K
  class space    used 9696K, committed 10048K, reserved 1048576K
}
Event: 15.983 GC heap after
{Heap after GC invocations=28 (full 0):
 garbage-first heap   total 183296K, used 103728K [0x00000000a2200000, 0x0000000100000000)
  region size 1024K, 5 young (5120K), 5 survivors (5120K)
 Metaspace       used 64823K, committed 65536K, reserved 1105920K
  class space    used 9696K, committed 10048K, reserved 1048576K
}
Event: 16.148 GC heap before
{Heap before GC invocations=29 (full 0):
 garbage-first heap   total 198656K, used 135472K [0x00000000a2200000, 0x0000000100000000)
  region size 1024K, 35 young (35840K), 5 survivors (5120K)
 Metaspace       used 64823K, committed 65536K, reserved 1105920K
  class space    used 9696K, committed 10048K, reserved 1048576K
}
Event: 16.163 GC heap after
{Heap after GC invocations=30 (full 0):
 garbage-first heap   total 198656K, used 116202K [0x00000000a2200000, 0x0000000100000000)
  region size 1024K, 5 young (5120K), 5 survivors (5120K)
 Metaspace       used 64823K, committed 65536K, reserved 1105920K
  class space    used 9696K, committed 10048K, reserved 1048576K
}
Event: 16.181 GC heap before
{Heap before GC invocations=30 (full 0):
 garbage-first heap   total 198656K, used 120298K [0x00000000a2200000, 0x0000000100000000)
  region size 1024K, 9 young (9216K), 5 survivors (5120K)
 Metaspace       used 64823K, committed 65536K, reserved 1105920K
  class space    used 9696K, committed 10048K, reserved 1048576K
}
Event: 16.188 GC heap after
{Heap after GC invocations=31 (full 0):
 garbage-first heap   total 198656K, used 101963K [0x00000000a2200000, 0x0000000100000000)
  region size 1024K, 2 young (2048K), 2 survivors (2048K)
 Metaspace       used 64823K, committed 65536K, reserved 1105920K
  class space    used 9696K, committed 10048K, reserved 1048576K
}
Event: 16.350 GC heap before
{Heap before GC invocations=31 (full 0):
 garbage-first heap   total 198656K, used 140875K [0x00000000a2200000, 0x0000000100000000)
  region size 1024K, 40 young (40960K), 2 survivors (2048K)
 Metaspace       used 64824K, committed 65536K, reserved 1105920K
  class space    used 9696K, committed 10048K, reserved 1048576K
}

Deoptimization events (18 events):
Event: 0.622 Thread 0x000001e30bacd2c0 DEOPT PACKING pc=0x000001e3134a9d85 sp=0x0000007cb6cfc7b0
Event: 0.622 Thread 0x000001e30bacd2c0 DEOPT UNPACKING pc=0x000001e3132f2b43 sp=0x0000007cb6cfbd10 mode 3
Event: 1.948 Thread 0x000001e30bacd2c0 DEOPT PACKING pc=0x000001e3135166f5 sp=0x0000007cb6cfd750
Event: 1.948 Thread 0x000001e30bacd2c0 DEOPT UNPACKING pc=0x000001e3132f2b43 sp=0x0000007cb6cfcba8 mode 3
Event: 3.096 Thread 0x000001e30bacd2c0 DEOPT PACKING pc=0x000001e313806799 sp=0x0000007cb6cfd310
Event: 3.096 Thread 0x000001e30bacd2c0 DEOPT UNPACKING pc=0x000001e3132f2b43 sp=0x0000007cb6cfc7f0 mode 3
Event: 3.373 Thread 0x000001e30bacd2c0 DEOPT PACKING pc=0x000001e3134cebdd sp=0x0000007cb6cfdec0
Event: 3.373 Thread 0x000001e30bacd2c0 DEOPT UNPACKING pc=0x000001e3132f2b43 sp=0x0000007cb6cfd428 mode 3
Event: 3.412 Thread 0x000001e30bacd2c0 DEOPT PACKING pc=0x000001e313867cd5 sp=0x0000007cb6cfd8f0
Event: 3.412 Thread 0x000001e30bacd2c0 DEOPT UNPACKING pc=0x000001e3132f2b43 sp=0x0000007cb6cfcd98 mode 3
Event: 5.607 Thread 0x000001e30bacd2c0 DEOPT PACKING pc=0x000001e313b38540 sp=0x0000007cb6cfcbd0
Event: 5.607 Thread 0x000001e30bacd2c0 DEOPT UNPACKING pc=0x000001e3132f2b43 sp=0x0000007cb6cfc040 mode 3
Event: 5.861 Thread 0x000001e30bacd2c0 DEOPT PACKING pc=0x000001e313afa334 sp=0x0000007cb6cfbc10
Event: 5.861 Thread 0x000001e30bacd2c0 DEOPT UNPACKING pc=0x000001e3132f2b43 sp=0x0000007cb6cfb198 mode 0
Event: 5.861 Thread 0x000001e30bacd2c0 DEOPT PACKING pc=0x000001e313a6866c sp=0x0000007cb6cfbdf0
Event: 5.861 Thread 0x000001e30bacd2c0 DEOPT UNPACKING pc=0x000001e3132f2b43 sp=0x0000007cb6cfb2b0 mode 0
Event: 11.765 Thread 0x000001e30bacd2c0 DEOPT PACKING pc=0x000001e313f2190c sp=0x0000007cb6cfd320
Event: 11.765 Thread 0x000001e30bacd2c0 DEOPT UNPACKING pc=0x000001e3132f2b43 sp=0x0000007cb6cfc898 mode 0

Classes unloaded (0 events):
No events

Classes redefined (0 events):
No events

Internal exceptions (20 events):
Event: 12.234 Thread 0x000001e30bacd2c0 Exception <a 'java/lang/NoSuchMethodError'{0x00000000a7099bb0}: 'java.lang.Object java.lang.invoke.DirectMethodHandle$Holder.invokeSpecial(java.lang.Object, java.lang.Object, int, java.lang.Object, int)'> (0x00000000a7099bb0) 
thrown [t:\workspace\open\src\hotspot\share\interpreter\linkResolver.cpp, line 766]
Event: 12.796 Thread 0x000001e30bacd2c0 Exception <a 'java/lang/IncompatibleClassChangeError'{0x00000000a6907d00}: Found class java.lang.Object, but interface was expected> (0x00000000a6907d00) 
thrown [t:\workspace\open\src\hotspot\share\interpreter\linkResolver.cpp, line 833]
Event: 12.858 Thread 0x000001e30bacd2c0 Exception <a 'java/lang/IncompatibleClassChangeError'{0x00000000a68c12d8}: Found class java.lang.Object, but interface was expected> (0x00000000a68c12d8) 
thrown [t:\workspace\open\src\hotspot\share\interpreter\linkResolver.cpp, line 833]
Event: 13.053 Thread 0x000001e30bacd2c0 Exception <a 'java/lang/IncompatibleClassChangeError'{0x00000000a601fe78}: Found class java.lang.Object, but interface was expected> (0x00000000a601fe78) 
thrown [t:\workspace\open\src\hotspot\share\interpreter\linkResolver.cpp, line 833]
Event: 13.254 Thread 0x000001e30bacd2c0 Exception <a 'java/lang/reflect/InvocationTargetException'{0x00000000a5b01870}> (0x00000000a5b01870) 
thrown [t:\workspace\open\src\hotspot\share\runtime\reflection.cpp, line 1121]
Event: 13.276 Thread 0x000001e30bacd2c0 Exception <a 'java/lang/NoSuchMethodError'{0x00000000a5b7ec30}: 'int java.lang.invoke.DirectMethodHandle$Holder.invokeStatic(java.lang.Object, java.lang.Object, int)'> (0x00000000a5b7ec30) 
thrown [t:\workspace\open\src\hotspot\share\interpreter\linkResolver.cpp, line 766]
Event: 13.285 Thread 0x000001e30bacd2c0 Exception <a 'java/lang/IncompatibleClassChangeError'{0x00000000a5bc3ae8}: Found class java.lang.Object, but interface was expected> (0x00000000a5bc3ae8) 
thrown [t:\workspace\open\src\hotspot\share\interpreter\linkResolver.cpp, line 833]
Event: 13.285 Thread 0x000001e30bacd2c0 Exception <a 'java/lang/IncompatibleClassChangeError'{0x00000000a5bca508}: Found class java.lang.Object, but interface was expected> (0x00000000a5bca508) 
thrown [t:\workspace\open\src\hotspot\share\interpreter\linkResolver.cpp, line 833]
Event: 13.367 Thread 0x000001e30bacd2c0 Exception <a 'java/lang/NoSuchMethodError'{0x00000000ab186bf0}: 'java.lang.Object java.lang.invoke.DirectMethodHandle$Holder.invokeStatic(java.lang.Object, int, java.lang.Object)'> (0x00000000ab186bf0) 
thrown [t:\workspace\open\src\hotspot\share\interpreter\linkResolver.cpp, line 766]
Event: 13.406 Thread 0x000001e30bacd2c0 Exception <a 'java/lang/reflect/InvocationTargetException'{0x00000000a9d23b60}> (0x00000000a9d23b60) 
thrown [t:\workspace\open\src\hotspot\share\runtime\reflection.cpp, line 1121]
Event: 13.414 Thread 0x000001e30bacd2c0 Exception <a 'java/lang/reflect/InvocationTargetException'{0x00000000a9d58088}> (0x00000000a9d58088) 
thrown [t:\workspace\open\src\hotspot\share\runtime\reflection.cpp, line 1121]
Event: 13.417 Thread 0x000001e30bacd2c0 Exception <a 'java/lang/reflect/InvocationTargetException'{0x00000000a9d66528}> (0x00000000a9d66528) 
thrown [t:\workspace\open\src\hotspot\share\runtime\reflection.cpp, line 1121]
Event: 13.424 Thread 0x000001e30bacd2c0 Exception <a 'java/lang/reflect/InvocationTargetException'{0x00000000a9d7cc80}> (0x00000000a9d7cc80) 
thrown [t:\workspace\open\src\hotspot\share\runtime\reflection.cpp, line 1121]
Event: 13.429 Thread 0x000001e30bacd2c0 Exception <a 'java/lang/reflect/InvocationTargetException'{0x00000000a9d9a818}> (0x00000000a9d9a818) 
thrown [t:\workspace\open\src\hotspot\share\runtime\reflection.cpp, line 1121]
Event: 13.431 Thread 0x000001e30bacd2c0 Exception <a 'java/lang/reflect/InvocationTargetException'{0x00000000a9da4d40}> (0x00000000a9da4d40) 
thrown [t:\workspace\open\src\hotspot\share\runtime\reflection.cpp, line 1121]
Event: 13.432 Thread 0x000001e30bacd2c0 Exception <a 'java/lang/reflect/InvocationTargetException'{0x00000000a9daf200}> (0x00000000a9daf200) 
thrown [t:\workspace\open\src\hotspot\share\runtime\reflection.cpp, line 1121]
Event: 13.435 Thread 0x000001e30bacd2c0 Exception <a 'java/lang/reflect/InvocationTargetException'{0x00000000a9dc1e50}> (0x00000000a9dc1e50) 
thrown [t:\workspace\open\src\hotspot\share\runtime\reflection.cpp, line 1121]
Event: 13.454 Thread 0x000001e30bacd2c0 Exception <a 'java/lang/reflect/InvocationTargetException'{0x00000000a9df0d20}> (0x00000000a9df0d20) 
thrown [t:\workspace\open\src\hotspot\share\runtime\reflection.cpp, line 1121]
Event: 13.530 Thread 0x000001e30bacd2c0 Exception <a 'java/lang/reflect/InvocationTargetException'{0x00000000a80fa548}> (0x00000000a80fa548) 
thrown [t:\workspace\open\src\hotspot\share\runtime\reflection.cpp, line 1121]
Event: 14.645 Thread 0x000001e30bacd2c0 Exception <a 'java/lang/reflect/InvocationTargetException'{0x00000000a5ccb158}> (0x00000000a5ccb158) 
thrown [t:\workspace\open\src\hotspot\share\runtime\reflection.cpp, line 1121]

VM Operations (20 events):
Event: 15.632 Executing VM operation: G1CollectForAllocation done
Event: 15.702 Executing VM operation: G1Concurrent
Event: 15.708 Executing VM operation: G1Concurrent done
Event: 15.739 Executing VM operation: G1Concurrent
Event: 15.739 Executing VM operation: G1Concurrent done
Event: 15.876 Executing VM operation: G1CollectForAllocation
Event: 15.897 Executing VM operation: G1CollectForAllocation done
Event: 15.905 Executing VM operation: G1CollectForAllocation
Event: 15.920 Executing VM operation: G1CollectForAllocation done
Event: 15.975 Executing VM operation: G1TryInitiateConcMark
Event: 15.983 Executing VM operation: G1TryInitiateConcMark done
Event: 16.058 Executing VM operation: G1Concurrent
Event: 16.063 Executing VM operation: G1Concurrent done
Event: 16.097 Executing VM operation: G1Concurrent
Event: 16.097 Executing VM operation: G1Concurrent done
Event: 16.148 Executing VM operation: G1CollectForAllocation
Event: 16.163 Executing VM operation: G1CollectForAllocation done
Event: 16.180 Executing VM operation: G1CollectForAllocation
Event: 16.188 Executing VM operation: G1CollectForAllocation done
Event: 16.350 Executing VM operation: G1CollectForAllocation

Events (20 events):
Event: 13.329 loading class java/util/regex/Pattern$SliceI done
Event: 13.331 loading class java/util/regex/Pattern$LookBehindEndNode
Event: 13.331 loading class java/util/regex/Pattern$LookBehindEndNode done
Event: 13.331 loading class java/util/regex/Pattern$NotBehind
Event: 13.331 loading class java/util/regex/Pattern$NotBehind done
Event: 13.332 loading class java/util/regex/Pattern$Neg
Event: 13.332 loading class java/util/regex/Pattern$Neg done
Event: 13.332 loading class java/util/regex/Pattern$Behind
Event: 13.332 loading class java/util/regex/Pattern$Behind done
Event: 13.545 loading class java/util/EmptyStackException
Event: 13.545 loading class java/util/EmptyStackException done
Event: 13.721 loading class java/io/InvalidClassException
Event: 13.721 loading class java/io/InvalidClassException done
Event: 13.749 loading class java/util/ArrayList$ListItr
Event: 13.749 loading class java/util/ArrayList$ListItr done
Event: 14.654 loading class java/lang/invoke/MethodHandleImpl$CountingWrapper$1
Event: 14.654 loading class java/lang/invoke/MethodHandleImpl$CountingWrapper$1 done
Event: 15.437 Thread 0x000001e31f3b0a30 Thread exited: 0x000001e31f3b0a30
Event: 16.282 Thread 0x000001e31edb53e0 Thread exited: 0x000001e31edb53e0
Event: 16.298 Thread 0x000001e31e5a0fc0 Thread exited: 0x000001e31e5a0fc0


Dynamic libraries:
0x00007ff708420000 - 0x00007ff708430000 	C:\Program Files\Java\jdk-17.0.1\bin\javaw.exe
0x00007ffe74c00000 - 0x00007ffe74e68000 	C:\WINDOWS\SYSTEM32\ntdll.dll
0x00007ffe741e0000 - 0x00007ffe742a9000 	C:\WINDOWS\System32\KERNEL32.DLL
0x00007ffe721e0000 - 0x00007ffe725d8000 	C:\WINDOWS\System32\KERNELBASE.dll
0x00007ffe72850000 - 0x00007ffe7299b000 	C:\WINDOWS\System32\ucrtbase.dll
0x00007ffe4f6c0000 - 0x00007ffe4f6da000 	C:\Program Files\Java\jdk-17.0.1\bin\VCRUNTIME140.dll
0x00007ffe4f560000 - 0x00007ffe4f578000 	C:\Program Files\Java\jdk-17.0.1\bin\jli.dll
0x00007ffe73eb0000 - 0x00007ffe73f64000 	C:\WINDOWS\System32\ADVAPI32.dll
0x00007ffe742c0000 - 0x00007ffe74369000 	C:\WINDOWS\System32\msvcrt.dll
0x00007ffe73420000 - 0x00007ffe734c6000 	C:\WINDOWS\System32\sechost.dll
0x00007ffe730e0000 - 0x00007ffe731f8000 	C:\WINDOWS\System32\RPCRT4.dll
0x00007ffe72eb0000 - 0x00007ffe73077000 	C:\WINDOWS\System32\USER32.dll
0x00007ffe726a0000 - 0x00007ffe726c7000 	C:\WINDOWS\System32\win32u.dll
0x00007ffe5f520000 - 0x00007ffe5f7b4000 	C:\WINDOWS\WinSxS\amd64_microsoft.windows.common-controls_6595b64144ccf1df_6.0.26100.7019_none_3e06ffa0e335b8a8\COMCTL32.dll
0x00007ffe734d0000 - 0x00007ffe734fb000 	C:\WINDOWS\System32\GDI32.dll
0x00007ffe71d50000 - 0x00007ffe71e7c000 	C:\WINDOWS\System32\gdi32full.dll
0x00007ffe72130000 - 0x00007ffe721d3000 	C:\WINDOWS\System32\msvcp_win.dll
0x00007ffe68570000 - 0x00007ffe6857b000 	C:\WINDOWS\SYSTEM32\VERSION.dll
0x00007ffe732e0000 - 0x00007ffe73311000 	C:\WINDOWS\System32\IMM32.DLL
0x00007ffe674e0000 - 0x00007ffe674ec000 	C:\Program Files\Java\jdk-17.0.1\bin\vcruntime140_1.dll
0x00007ffe34f30000 - 0x00007ffe34fbd000 	C:\Program Files\Java\jdk-17.0.1\bin\msvcp140.dll
0x00007ffd9b1b0000 - 0x00007ffd9bd6e000 	C:\Program Files\Java\jdk-17.0.1\bin\server\jvm.dll
0x00007ffe74bb0000 - 0x00007ffe74bb8000 	C:\WINDOWS\System32\PSAPI.DLL
0x00007ffe45dc0000 - 0x00007ffe45dca000 	C:\WINDOWS\SYSTEM32\WSOCK32.dll
0x00007ffe68530000 - 0x00007ffe68565000 	C:\WINDOWS\SYSTEM32\WINMM.dll
0x00007ffe74160000 - 0x00007ffe741d4000 	C:\WINDOWS\System32\WS2_32.dll
0x00007ffe70af0000 - 0x00007ffe70b0b000 	C:\WINDOWS\SYSTEM32\kernel.appcore.dll
0x00007ffe4f420000 - 0x00007ffe4f42a000 	C:\Program Files\Java\jdk-17.0.1\bin\jimage.dll
0x00007ffe6f690000 - 0x00007ffe6f8d2000 	C:\WINDOWS\SYSTEM32\DBGHELP.DLL
0x00007ffe729b0000 - 0x00007ffe72d3b000 	C:\WINDOWS\System32\combase.dll
0x00007ffe73200000 - 0x00007ffe732d7000 	C:\WINDOWS\System32\OLEAUT32.dll
0x00007ffe5e1d0000 - 0x00007ffe5e20c000 	C:\WINDOWS\SYSTEM32\dbgcore.DLL
0x00007ffe71f10000 - 0x00007ffe71fb5000 	C:\WINDOWS\System32\bcryptPrimitives.dll
0x00007ffe44bd0000 - 0x00007ffe44bf5000 	C:\Program Files\Java\jdk-17.0.1\bin\java.dll
0x00007ffe21870000 - 0x00007ffe21946000 	C:\Program Files\Java\jdk-17.0.1\bin\svml.dll
0x00007ffe73750000 - 0x00007ffe73e9f000 	C:\WINDOWS\System32\SHELL32.dll
0x00007ffe71fc0000 - 0x00007ffe7212b000 	C:\WINDOWS\System32\wintypes.dll
0x00007ffe6f960000 - 0x00007ffe701bd000 	C:\WINDOWS\SYSTEM32\windows.storage.dll
0x00007ffe73590000 - 0x00007ffe73682000 	C:\WINDOWS\System32\SHCORE.dll
0x00007ffe73520000 - 0x00007ffe73587000 	C:\WINDOWS\System32\shlwapi.dll
0x00007ffe71c70000 - 0x00007ffe71c99000 	C:\WINDOWS\SYSTEM32\profapi.dll
0x00007ffe44b50000 - 0x00007ffe44b69000 	C:\Program Files\Java\jdk-17.0.1\bin\net.dll
0x00007ffe69bc0000 - 0x00007ffe69ce8000 	C:\WINDOWS\SYSTEM32\WINHTTP.dll
0x00007ffe71080000 - 0x00007ffe710eb000 	C:\WINDOWS\system32\mswsock.dll
0x00007ffe447e0000 - 0x00007ffe447f5000 	C:\Program Files\Java\jdk-17.0.1\bin\nio.dll
0x00007ffe447c0000 - 0x00007ffe447d8000 	C:\Program Files\Java\jdk-17.0.1\bin\zip.dll
0x00007ffe451e0000 - 0x00007ffe451e9000 	C:\Program Files\Java\jdk-17.0.1\bin\management.dll
0x00007ffe447b0000 - 0x00007ffe447bb000 	C:\Program Files\Java\jdk-17.0.1\bin\management_ext.dll
0x00007ffe52e90000 - 0x00007ffe52ea8000 	C:\WINDOWS\system32\napinsp.dll
0x00007ffe70510000 - 0x00007ffe7063c000 	C:\WINDOWS\SYSTEM32\DNSAPI.dll
0x00007ffe704d0000 - 0x00007ffe70504000 	C:\WINDOWS\SYSTEM32\IPHLPAPI.DLL
0x00007ffe72dd0000 - 0x00007ffe72dda000 	C:\WINDOWS\System32\NSI.dll
0x00007ffe4ff10000 - 0x00007ffe4ff22000 	C:\WINDOWS\System32\winrnr.dll
0x00007ffe4fee0000 - 0x00007ffe4ff02000 	C:\WINDOWS\system32\nlansp_c.dll
0x00007ffe69ee0000 - 0x00007ffe69ef6000 	C:\WINDOWS\system32\wshbth.dll
0x00007ffe61460000 - 0x00007ffe6146b000 	C:\Windows\System32\rasadhlp.dll
0x00007ffe64f80000 - 0x00007ffe65006000 	C:\WINDOWS\System32\fwpuclnt.dll
0x00007ffe71340000 - 0x00007ffe7135b000 	C:\WINDOWS\SYSTEM32\CRYPTSP.dll
0x00007ffe70a50000 - 0x00007ffe70a8a000 	C:\WINDOWS\system32\rsaenh.dll
0x00007ffe71130000 - 0x00007ffe7115b000 	C:\WINDOWS\SYSTEM32\USERENV.dll
0x00007ffe71c40000 - 0x00007ffe71c6a000 	C:\WINDOWS\SYSTEM32\bcrypt.dll
0x00007ffe71360000 - 0x00007ffe7136c000 	C:\WINDOWS\SYSTEM32\CRYPTBASE.dll
0x00007ffe69f00000 - 0x00007ffe69f1e000 	C:\WINDOWS\SYSTEM32\dhcpcsvc6.DLL
0x00007ffe68be0000 - 0x00007ffe68c03000 	C:\WINDOWS\SYSTEM32\dhcpcsvc.DLL
0x00007ffe447a0000 - 0x00007ffe447ae000 	C:\Program Files\Java\jdk-17.0.1\bin\sunmscapi.dll
0x00007ffe726d0000 - 0x00007ffe72847000 	C:\WINDOWS\System32\CRYPT32.dll
0x00007ffe71560000 - 0x00007ffe71590000 	C:\WINDOWS\SYSTEM32\ncrypt.dll
0x00007ffe71510000 - 0x00007ffe7154f000 	C:\WINDOWS\SYSTEM32\NTASN1.dll
0x00007ffe446a0000 - 0x00007ffe446b0000 	C:\Program Files\Java\jdk-17.0.1\bin\verify.dll

dbghelp: loaded successfully - version: 4.0.5 - missing functions: none
symbol engine: initialized successfully - sym options: 0x614 - pdb path: .;C:\Program Files\Java\jdk-17.0.1\bin;C:\WINDOWS\SYSTEM32;C:\WINDOWS\WinSxS\amd64_microsoft.windows.common-controls_6595b64144ccf1df_6.0.26100.7019_none_3e06ffa0e335b8a8;C:\Program Files\Java\jdk-17.0.1\bin\server

VM Arguments:
jvm_args: -Dcom.sun.management.jmxremote -Dcom.sun.management.jmxremote.port=58612 -Dcom.sun.management.jmxremote.authenticate=false -Dcom.sun.management.jmxremote.ssl=false -Djava.rmi.server.hostname=localhost -Dspring.jmx.enabled=true -Dmanagement.endpoints.jmx.exposure.include=* -Dspring.application.admin.enabled=true -Dspring.output.ansi.enabled=always -XX:TieredStopAtLevel=1 -Dspring.boot.project.name=OTRAS_Demo -Dfile.encoding=UTF-8 -Dstdout.encoding=UTF-8 -Dstderr.encoding=UTF-8 -XX:+ShowCodeDetailsInExceptionMessages 
java_command: com.OTRAS.DemoProject.OtrasDemoApplication
java_class_path (initial): D:\finalBackend\OTRAS_Demo\target\classes;C:\Users\Sajja Lakshminarayan\.m2\repository\org\springframework\boot\spring-boot-starter-data-jpa\3.5.7\spring-boot-starter-data-jpa-3.5.7.jar;C:\Users\Sajja Lakshminarayan\.m2\repository\org\springframework\boot\spring-boot-starter\3.5.7\spring-boot-starter-3.5.7.jar;C:\Users\Sajja Lakshminarayan\.m2\repository\org\springframework\boot\spring-boot\3.5.7\spring-boot-3.5.7.jar;C:\Users\Sajja Lakshminarayan\.m2\repository\org\springframework\boot\spring-boot-autoconfigure\3.5.7\spring-boot-autoconfigure-3.5.7.jar;C:\Users\Sajja Lakshminarayan\.m2\repository\org\springframework\boot\spring-boot-starter-logging\3.5.7\spring-boot-starter-logging-3.5.7.jar;C:\Users\Sajja Lakshminarayan\.m2\repository\ch\qos\logback\logback-classic\1.5.20\logback-classic-1.5.20.jar;C:\Users\Sajja Lakshminarayan\.m2\repository\ch\qos\logback\logback-core\1.5.20\logback-core-1.5.20.jar;C:\Users\Sajja Lakshminarayan\.m2\repository\org\apache\logging\log4j\log4j-to-slf4j\2.24.3\log4j-to-slf4j-2.24.3.jar;C:\Users\Sajja Lakshminarayan\.m2\repository\org\apache\logging\log4j\log4j-api\2.24.3\log4j-api-2.24.3.jar;C:\Users\Sajja Lakshminarayan\.m2\repository\org\slf4j\jul-to-slf4j\2.0.17\jul-to-slf4j-2.0.17.jar;C:\Users\Sajja Lakshminarayan\.m2\repository\org\yaml\snakeyaml\2.4\snakeyaml-2.4.jar;C:\Users\Sajja Lakshminarayan\.m2\repository\org\springframework\boot\spring-boot-starter-jdbc\3.5.7\spring-boot-starter-jdbc-3.5.7.jar;C:\Users\Sajja Lakshminarayan\.m2\repository\com\zaxxer\HikariCP\6.3.3\HikariCP-6.3.3.jar;C:\Users\Sajja Lakshminarayan\.m2\repository\org\springframework\spring-jdbc\6.2.12\spring-jdbc-6.2.12.jar;C:\Users\Sajja Lakshminarayan\.m2\repository\org\hibernate\orm\hibernate-core\6.6.33.Final\hibernate-core-6.6.33.Final.jar;C:\Users\Sajja Lakshminarayan\.m2\repository\jakarta\persistence\jakarta.persistence-api\3.1.0\jakarta.persistence-api-3.1.0.jar;C:\Users\Sajja Lakshminarayan\.m2\repository\jakarta\transa
Launcher Type: SUN_STANDARD

[Global flags]
     intx CICompilerCount                          = 4                                         {product} {ergonomic}
     uint ConcGCThreads                            = 3                                         {product} {ergonomic}
     uint G1ConcRefinementThreads                  = 10                                        {product} {ergonomic}
   size_t G1HeapRegionSize                         = 1048576                                   {product} {ergonomic}
    uintx GCDrainStackTargetSize                   = 64                                        {product} {ergonomic}
   size_t InitialHeapSize                          = 98566144                                  {product} {ergonomic}
     bool ManagementServer                         = true                                      {product} {command line}
   size_t MarkStackSize                            = 4194304                                   {product} {ergonomic}
   size_t MaxHeapSize                              = 1574961152                                {product} {ergonomic}
   size_t MaxNewSize                               = 944766976                                 {product} {ergonomic}
   size_t MinHeapDeltaBytes                        = 1048576                                   {product} {ergonomic}
   size_t MinHeapSize                              = 8388608                                   {product} {ergonomic}
    uintx NonProfiledCodeHeapSize                  = 0                                      {pd product} {ergonomic}
     bool ProfileInterpreter                       = false                                  {pd product} {command line}
    uintx ProfiledCodeHeapSize                     = 0                                      {pd product} {ergonomic}
     bool ShowCodeDetailsInExceptionMessages       = true                                   {manageable} {command line}
   size_t SoftMaxHeapSize                          = 1574961152                             {manageable} {ergonomic}
     intx TieredStopAtLevel                        = 1                                         {product} {command line}
     bool UseCompressedClassPointers               = true                           {product lp64_product} {ergonomic}
     bool UseCompressedOops                        = true                           {product lp64_product} {ergonomic}
     bool UseG1GC                                  = true                                      {product} {ergonomic}
     bool UseLargePagesIndividualAllocation        = false                                  {pd product} {ergonomic}

Logging:
Log output configuration:
 #0: stdout all=warning uptime,level,tags
 #1: stderr all=off uptime,level,tags

Environment Variables:
PATH=D:/STS1/sts-4.32.1.RELEASE//plugins/org.eclipse.justj.openjdk.hotspot.jre.full.win32.x86_64_21.0.8.v20250724-1412/jre/bin/server;D:/STS1/sts-4.32.1.RELEASE//plugins/org.eclipse.justj.openjdk.hotspot.jre.full.win32.x86_64_21.0.8.v20250724-1412/jre/bin;C:\Python313\Scripts\;C:\Python313\;C:\Users\Sajja Lakshminarayan\AppData\Local\Programs\Python\Python310\Scripts\;C:\Users\Sajja Lakshminarayan\AppData\Local\Programs\Python\Python310\;D:\Oracle\dbhomeXE\bin;D:\App\db_home\bin;C:\oracle\database\dbhomeXE\bin;C:\Python310\Scripts\;C:\Python310\;C:\Program Files\Common Files\Oracle\Java\javapath;C:\WINDOWS\system32;C:\WINDOWS;C:\WINDOWS\System32\Wbem;C:\WINDOWS\System32\WindowsPowerShell\v1.0\;C:\WINDOWS\System32\OpenSSH\;C:\Program Files\Java\jdk-17.0.1\bin\;C:\Program Files\Microsoft SQL Server\Client SDK\ODBC\170\Tools\Binn\;C:\Program Files (x86)\Microsoft SQL Server\160\Tools\Binn\;C:\Program Files\Microsoft SQL Server\160\Tools\Binn\;C:\Program Files\Microsoft SQL Server\160\DTS\Binn\;C:\Program Files\Azure Data Studio\bin;C:\Program Files\Microsoft SQL Server\140\DTS\Binn\;C:\Program Files\Microsoft SQL Server\150\DTS\Binn\;C:\Program Files\Docker\Docker\resources\bin;D:\Git\cmd;C:\Program Files\nodejs\;C:\ProgramData\chocolatey\bin;C:\Program Files\PostgreSQL\18\bin;C:\Windows\System32\OpenSSH\;C:\Python313\Scripts\;C:\Python313\;C:\Users\Sajja Lakshminarayan\AppData\Local\Programs\Python\Python310\Scripts\;C:\Users\Sajja Lakshminarayan\AppData\Local\Programs\Python\Python310\;D:\Oracle\dbhomeXE\bin;D:\App\db_home\bin;C:\oracle\database\dbhomeXE\bin;C:\Python310\Scripts\;C:\Python310\;C:\Program Files\Common Files\Oracle\Java\javapath;C:\WINDOWS\system32;C:\WINDOWS;C:\WINDOWS\System32\Wbem;C:\WINDOWS\System32\WindowsPowerShell\v1.0\;C:\WINDOWS\System32\OpenSSH\;C:\Program Files\Java\jdk-17.0.1\bin\;C:\Program Files\Microsoft SQL Server\Client SDK\ODBC\170\Tools\Binn\;C:\Program Files (x86)\Microsoft SQL Server\160\Tools\Binn\;C:\Program Files\Microsoft SQL Serv
USERNAME=Sajja Lakshminarayan
OS=Windows_NT
PROCESSOR_IDENTIFIER=AMD64 Family 23 Model 104 Stepping 1, AuthenticAMD



---------------  S Y S T E M  ---------------

OS:
 Windows 10 , 64 bit Build 26100 (10.0.26100.7019)
OS uptime: 0 days 4:18 hours
Hyper-V role detected

CPU: total 12 (initial active 12) (12 cores per cpu, 2 threads per core) family 23 model 104 stepping 1 microcode 0x8608103, cx8, cmov, fxsr, ht, mmx, 3dnowpref, sse, sse2, sse3, ssse3, sse4a, sse4.1, sse4.2, popcnt, lzcnt, tsc, tscinvbit, avx, avx2, aes, clmul, bmi1, bmi2, adx, sha, fma, vzeroupper, clflush, clflushopt, hv

Memory: 4k page, system-wide physical 6005M (561M free)
TotalPageFile size 24437M (AvailPageFile size 132M)
current process WorkingSet (physical memory assigned to process): 341M, peak: 341M
current process commit charge ("private bytes"): 394M, peak: 782M

vm_info: Java HotSpot(TM) 64-Bit Server VM (17.0.1+12-LTS-39) for windows-amd64 JRE (17.0.1+12-LTS-39), built on Sep 27 2021 18:41:35 by "mach5one" with MS VC++ 16.8 (VS2019)

END.
