#
# There is insufficient memory for the Java Runtime Environment to continue.
# Native memory allocation (mmap) failed to map 385875968 bytes for G1 virtual space
# Possible reasons:
#   The system is out of physical RAM or swap space
#   The process is running with CompressedOops enabled, and the Java Heap may be blocking the growth of the native heap
# Possible solutions:
#   Reduce memory load on the system
#   Increase physical memory or swap space
#   Check if swap backing store is full
#   Decrease Java heap size (-Xmx/-Xms)
#   Decrease number of Java threads
#   Decrease Java thread stack sizes (-Xss)
#   Set larger code cache with -XX:ReservedCodeCacheSize=
#   JVM is running with Unscaled Compressed Oops mode in which the Java heap is
#     placed in the first 4GB address space. The Java Heap base address is the
#     maximum limit for the native heap growth. Please use -XX:HeapBaseMinAddress
#     to set the Java Heap base and to place the Java Heap above 4GB virtual address.
# This output file may be truncated or incomplete.
#
#  Out of Memory Error (os_windows.cpp:3469), pid=12736, tid=1220
#
# JRE version: Java(TM) SE Runtime Environment (17.0.1+12) (build 17.0.1+12-LTS-39)
# Java VM: Java HotSpot(TM) 64-Bit Server VM (17.0.1+12-LTS-39, mixed mode, emulated-client, sharing, tiered, compressed oops, compressed class ptrs, g1 gc, windows-amd64)
# No core dump will be written. Minidumps are not enabled by default on client versions of Windows
#

---------------  S U M M A R Y ------------

Command Line: -Dcom.sun.management.jmxremote -Dcom.sun.management.jmxremote.port=63297 -Dcom.sun.management.jmxremote.authenticate=false -Dcom.sun.management.jmxremote.ssl=false -Djava.rmi.server.hostname=localhost -Dspring.jmx.enabled=true -Dmanagement.endpoints.jmx.exposure.include=* -Dspring.application.admin.enabled=true -Dspring.output.ansi.enabled=always -XX:TieredStopAtLevel=1 -Dspring.boot.project.name=OTRAS_Demo -Dfile.encoding=UTF-8 -Dstdout.encoding=UTF-8 -Dstderr.encoding=UTF-8 -XX:+ShowCodeDetailsInExceptionMessages com.OTRAS.DemoProject.OtrasDemoApplication

Host: AMD Ryzen 5 5500U with Radeon Graphics         , 12 cores, 5G,  Windows 10 , 64 bit Build 26100 (10.0.26100.7019)
Time: Thu Nov 13 23:48:31 2025 India Standard Time elapsed time: 9.189969 seconds (0d 0h 0m 9s)

---------------  T H R E A D  ---------------

Current thread (0x00000242675eba20):  VMThread "VM Thread" [stack: 0x0000007a91800000,0x0000007a91900000] [id=1220]

Stack: [0x0000007a91800000,0x0000007a91900000]
Native frames: (J=compiled Java code, j=interpreted, Vv=VM code, C=native code)
V  [jvm.dll+0x66fa1a]
V  [jvm.dll+0x7ce5a4]
V  [jvm.dll+0x7cfd4e]
V  [jvm.dll+0x7d03b3]
V  [jvm.dll+0x242b05]
V  [jvm.dll+0x66ca39]
V  [jvm.dll+0x661502]
V  [jvm.dll+0x30081b]
V  [jvm.dll+0x307da6]
V  [jvm.dll+0x357a1e]
V  [jvm.dll+0x357c4f]
V  [jvm.dll+0x2d7ad8]
V  [jvm.dll+0x2d5da4]
V  [jvm.dll+0x2d53ac]
V  [jvm.dll+0x318d0b]
V  [jvm.dll+0x7d484b]
V  [jvm.dll+0x7d5584]
V  [jvm.dll+0x7d5a9c]
V  [jvm.dll+0x7d5e74]
V  [jvm.dll+0x7d5f40]
V  [jvm.dll+0x77e91a]
V  [jvm.dll+0x66e845]
C  [ucrtbase.dll+0x37b0]
C  [KERNEL32.DLL+0x2e8d7]
C  [ntdll.dll+0x8c53c]

VM_Operation (0x0000007a912f62d0): G1CollectForAllocation, mode: safepoint, requested by thread 0x0000024256698de0


---------------  P R O C E S S  ---------------

Threads class SMR info:
_java_thread_list=0x0000024269f527e0, length=27, elements={
0x0000024256698de0, 0x00000242675efad0, 0x00000242675f2110, 0x00000242676080c0,
0x0000024267608980, 0x0000024267609db0, 0x000002426760cd60, 0x00000242676196a0,
0x000002426762b2d0, 0x00000242675d8180, 0x00000242675d8650, 0x0000024268149530,
0x0000024268185080, 0x0000024268a11450, 0x0000024268a4e4a0, 0x0000024268a53390,
0x0000024269258870, 0x0000024269257060, 0x0000024269257ed0, 0x0000024269257530,
0x00000242694a9e40, 0x0000024269b86080, 0x0000024269b85210, 0x0000024269b83060,
0x0000024269b86ef0, 0x0000024269b83ed0, 0x0000024269b84d40
}

Java Threads: ( => current thread )
  0x0000024256698de0 JavaThread "main" [_thread_blocked, id=21784, stack(0x0000007a91200000,0x0000007a91300000)]
  0x00000242675efad0 JavaThread "Reference Handler" daemon [_thread_blocked, id=22968, stack(0x0000007a91900000,0x0000007a91a00000)]
  0x00000242675f2110 JavaThread "Finalizer" daemon [_thread_blocked, id=21256, stack(0x0000007a91a00000,0x0000007a91b00000)]
  0x00000242676080c0 JavaThread "Signal Dispatcher" daemon [_thread_blocked, id=3428, stack(0x0000007a91b00000,0x0000007a91c00000)]
  0x0000024267608980 JavaThread "Attach Listener" daemon [_thread_blocked, id=7816, stack(0x0000007a91c00000,0x0000007a91d00000)]
  0x0000024267609db0 JavaThread "Service Thread" daemon [_thread_blocked, id=26116, stack(0x0000007a91d00000,0x0000007a91e00000)]
  0x000002426760cd60 JavaThread "Monitor Deflation Thread" daemon [_thread_blocked, id=16476, stack(0x0000007a91e00000,0x0000007a91f00000)]
  0x00000242676196a0 JavaThread "C1 CompilerThread0" daemon [_thread_blocked, id=23920, stack(0x0000007a91f00000,0x0000007a92000000)]
  0x000002426762b2d0 JavaThread "Sweeper thread" daemon [_thread_blocked, id=22700, stack(0x0000007a92000000,0x0000007a92100000)]
  0x00000242675d8180 JavaThread "Common-Cleaner" daemon [_thread_blocked, id=27376, stack(0x0000007a92100000,0x0000007a92200000)]
  0x00000242675d8650 JavaThread "C1 CompilerThread1" daemon [_thread_blocked, id=29612, stack(0x0000007a92200000,0x0000007a92300000)]
  0x0000024268149530 JavaThread "C1 CompilerThread2" daemon [_thread_blocked, id=21928, stack(0x0000007a92300000,0x0000007a92400000)]
  0x0000024268185080 JavaThread "Notification Thread" daemon [_thread_blocked, id=26888, stack(0x0000007a92400000,0x0000007a92500000)]
  0x0000024268a11450 JavaThread "RMI TCP Accept-0" daemon [_thread_in_native, id=26252, stack(0x0000007a92500000,0x0000007a92600000)]
  0x0000024268a4e4a0 JavaThread "RMI TCP Accept-63297" daemon [_thread_in_native, id=23964, stack(0x0000007a92600000,0x0000007a92700000)]
  0x0000024268a53390 JavaThread "RMI TCP Accept-0" daemon [_thread_in_native, id=9168, stack(0x0000007a92700000,0x0000007a92800000)]
  0x0000024269258870 JavaThread "RMI TCP Connection(1)-127.0.0.1" daemon [_thread_in_native, id=27924, stack(0x0000007a93100000,0x0000007a93200000)]
  0x0000024269257060 JavaThread "RMI Scheduler(0)" daemon [_thread_blocked, id=6512, stack(0x0000007a93200000,0x0000007a93300000)]
  0x0000024269257ed0 JavaThread "RMI TCP Connection(2)-127.0.0.1" daemon [_thread_blocked, id=17432, stack(0x0000007a93300000,0x0000007a93400000)]
  0x0000024269257530 JavaThread "JMX server connection timeout 22" daemon [_thread_blocked, id=15168, stack(0x0000007a93400000,0x0000007a93500000)]
  0x00000242694a9e40 JavaThread "C1 CompilerThread3" daemon [_thread_blocked, id=5820, stack(0x0000007a93600000,0x0000007a93700000)]
  0x0000024269b86080 JavaThread "Catalina-utility-1" [_thread_blocked, id=19284, stack(0x0000007a93a00000,0x0000007a93b00000)]
  0x0000024269b85210 JavaThread "Catalina-utility-2" [_thread_blocked, id=24540, stack(0x0000007a93b00000,0x0000007a93c00000)]
  0x0000024269b83060 JavaThread "container-0" [_thread_blocked, id=5576, stack(0x0000007a93c00000,0x0000007a93d00000)]
  0x0000024269b86ef0 JavaThread "PostgreSQL-JDBC-Cleaner" daemon [_thread_blocked, id=11152, stack(0x0000007a93e00000,0x0000007a93f00000)]
  0x0000024269b83ed0 JavaThread "HikariPool-1:housekeeper" daemon [_thread_blocked, id=18068, stack(0x0000007a93f00000,0x0000007a94000000)]
  0x0000024269b84d40 JavaThread "HikariPool-1:connection-adder" daemon [_thread_blocked, id=7336, stack(0x0000007a94000000,0x0000007a94100000)]

Other Threads:
=>0x00000242675eba20 VMThread "VM Thread" [stack: 0x0000007a91800000,0x0000007a91900000] [id=1220]
  0x00000242566eb110 WatcherThread [stack: 0x0000007a92800000,0x0000007a92900000] [id=22744]
  0x00000242566d06c0 GCTaskThread "GC Thread#0" [stack: 0x0000007a91300000,0x0000007a91400000] [id=23820]
  0x0000024268a86ff0 GCTaskThread "GC Thread#1" [stack: 0x0000007a92900000,0x0000007a92a00000] [id=29616]
  0x0000024268a88c60 GCTaskThread "GC Thread#2" [stack: 0x0000007a92a00000,0x0000007a92b00000] [id=24644]
  0x0000024268ae2b00 GCTaskThread "GC Thread#3" [stack: 0x0000007a92b00000,0x0000007a92c00000] [id=17736]
  0x0000024268ae2db0 GCTaskThread "GC Thread#4" [stack: 0x0000007a92c00000,0x0000007a92d00000] [id=18124]
  0x0000024268ae3060 GCTaskThread "GC Thread#5" [stack: 0x0000007a92d00000,0x0000007a92e00000] [id=29152]
  0x0000024269394630 GCTaskThread "GC Thread#6" [stack: 0x0000007a92f00000,0x0000007a93000000] [id=26800]
  0x00000242693948e0 GCTaskThread "GC Thread#7" [stack: 0x0000007a93000000,0x0000007a93100000] [id=13532]
  0x00000242696ca880 GCTaskThread "GC Thread#8" [stack: 0x0000007a93700000,0x0000007a93800000] [id=4164]
  0x00000242696caf40 GCTaskThread "GC Thread#9" [stack: 0x0000007a93800000,0x0000007a93900000] [id=27204]
  0x00000242566de0e0 ConcurrentGCThread "G1 Main Marker" [stack: 0x0000007a91400000,0x0000007a91500000] [id=3904]
  0x00000242566dfe70 ConcurrentGCThread "G1 Conc#0" [stack: 0x0000007a91500000,0x0000007a91600000] [id=21852]
  0x0000024269a2d170 ConcurrentGCThread "G1 Conc#1" [stack: 0x0000007a93500000,0x0000007a93600000] [id=7212]
  0x0000024269a2d420 ConcurrentGCThread "G1 Conc#2" [stack: 0x0000007a93900000,0x0000007a93a00000] [id=7060]
  0x000002425673e2c0 ConcurrentGCThread "G1 Refine#0" [stack: 0x0000007a91600000,0x0000007a91700000] [id=29664]
  0x00000242681ddab0 ConcurrentGCThread "G1 Refine#1" [stack: 0x0000007a92e00000,0x0000007a92f00000] [id=26780]
  0x000002426c0c6130 ConcurrentGCThread "G1 Refine#2" [stack: 0x0000007a94100000,0x0000007a94200000] [id=27804]
  0x00000242680bd350 ConcurrentGCThread "G1 Refine#3" [stack: 0x0000007a94200000,0x0000007a94300000] [id=17728]
  0x00000242680bd630 ConcurrentGCThread "G1 Refine#4" [stack: 0x0000007a94300000,0x0000007a94400000] [id=29408]
  0x00000242680badf0 ConcurrentGCThread "G1 Refine#5" [stack: 0x0000007a94400000,0x0000007a94500000] [id=29404]
  0x000002425673ea90 ConcurrentGCThread "G1 Service" [stack: 0x0000007a91700000,0x0000007a91800000] [id=25036]

Threads with active compile tasks:

VM state: at safepoint (normal execution)

VM Mutex/Monitor currently owned by a thread:  ([mutex/lock_event])
[0x000002425446da70] Threads_lock - owner thread: 0x00000242675eba20
[0x000002425668ad00] Heap_lock - owner thread: 0x0000024256698de0

Heap address: 0x00000000a2200000, size: 1502 MB, Compressed Oops mode: 32-bit

CDS archive(s) mapped at: [0x0000000800000000-0x0000000800bc0000-0x0000000800bc0000), size 12320768, SharedBaseAddress: 0x0000000800000000, ArchiveRelocationMode: 0.
Compressed class space mapped at: 0x0000000800c00000-0x0000000840c00000, reserved size: 1073741824
Narrow klass base: 0x0000000800000000, Narrow klass shift: 0, Narrow klass range: 0x100000000

GC Precious Log:
 CPUs: 12 total, 12 available
 Memory: 6005M
 Large Page Support: Disabled
 NUMA Support: Disabled
 Compressed Oops: Enabled (32-bit)
 Heap Region Size: 1M
 Heap Min Capacity: 8M
 Heap Initial Capacity: 94M
 Heap Max Capacity: 1502M
 Pre-touch: Disabled
 Parallel Workers: 10
 Concurrent Workers: 3
 Concurrent Refinement Workers: 10
 Periodic GC: Disabled

Heap:
 garbage-first heap   total 188416K, used 107287K [0x00000000a2200000, 0x0000000100000000)
  region size 1024K, 5 young (5120K), 5 survivors (5120K)
 Metaspace       used 63426K, committed 64064K, reserved 1105920K
  class space    used 9490K, committed 9792K, reserved 1048576K

Heap Regions: E=young(eden), S=young(survivor), O=old, HS=humongous(starts), HC=humongous(continues), CS=collection set, F=free, OA=open archive, CA=closed archive, TAMS=top-at-mark-start (previous, next)
|   0|0x00000000a2200000, 0x00000000a2300000, 0x00000000a2300000|100%|HS|  |TAMS 0x00000000a2300000, 0x00000000a2300000| Complete 
|   1|0x00000000a2300000, 0x00000000a2400000, 0x00000000a2400000|100%|HS|  |TAMS 0x00000000a2400000, 0x00000000a2400000| Complete 
|   2|0x00000000a2400000, 0x00000000a2500000, 0x00000000a2500000|100%|HS|  |TAMS 0x00000000a2500000, 0x00000000a2500000| Complete 
|   3|0x00000000a2500000, 0x00000000a2600000, 0x00000000a2600000|100%| O|  |TAMS 0x00000000a2600000, 0x00000000a2600000| Untracked 
|   4|0x00000000a2600000, 0x00000000a2700000, 0x00000000a2700000|100%| O|  |TAMS 0x00000000a2700000, 0x00000000a2700000| Untracked 
|   5|0x00000000a2700000, 0x00000000a2800000, 0x00000000a2800000|100%| O|  |TAMS 0x00000000a2800000, 0x00000000a2800000| Untracked 
|   6|0x00000000a2800000, 0x00000000a2900000, 0x00000000a2900000|100%| O|  |TAMS 0x00000000a2900000, 0x00000000a2900000| Untracked 
|   7|0x00000000a2900000, 0x00000000a2a00000, 0x00000000a2a00000|100%| O|  |TAMS 0x00000000a2a00000, 0x00000000a2a00000| Untracked 
|   8|0x00000000a2a00000, 0x00000000a2b00000, 0x00000000a2b00000|100%| O|  |TAMS 0x00000000a2b00000, 0x00000000a2b00000| Untracked 
|   9|0x00000000a2b00000, 0x00000000a2c00000, 0x00000000a2c00000|100%| O|  |TAMS 0x00000000a2c00000, 0x00000000a2c00000| Untracked 
|  10|0x00000000a2c00000, 0x00000000a2d00000, 0x00000000a2d00000|100%| O|  |TAMS 0x00000000a2d00000, 0x00000000a2d00000| Untracked 
|  11|0x00000000a2d00000, 0x00000000a2e00000, 0x00000000a2e00000|100%| O|  |TAMS 0x00000000a2e00000, 0x00000000a2e00000| Untracked 
|  12|0x00000000a2e00000, 0x00000000a2f00000, 0x00000000a2f00000|100%| O|  |TAMS 0x00000000a2f00000, 0x00000000a2f00000| Untracked 
|  13|0x00000000a2f00000, 0x00000000a3000000, 0x00000000a3000000|100%| O|  |TAMS 0x00000000a3000000, 0x00000000a3000000| Untracked 
|  14|0x00000000a3000000, 0x00000000a3100000, 0x00000000a3100000|100%| O|  |TAMS 0x00000000a3100000, 0x00000000a3100000| Untracked 
|  15|0x00000000a3100000, 0x00000000a3200000, 0x00000000a3200000|100%| O|  |TAMS 0x00000000a3200000, 0x00000000a3200000| Untracked 
|  16|0x00000000a3200000, 0x00000000a32bf400, 0x00000000a3300000| 74%| O|  |TAMS 0x00000000a32bf400, 0x00000000a32bf400| Untracked 
|  17|0x00000000a3300000, 0x00000000a3400000, 0x00000000a3400000|100%| O|  |TAMS 0x00000000a3400000, 0x00000000a3400000| Untracked 
|  18|0x00000000a3400000, 0x00000000a3500000, 0x00000000a3500000|100%| O|  |TAMS 0x00000000a3500000, 0x00000000a3500000| Untracked 
|  19|0x00000000a3500000, 0x00000000a3600000, 0x00000000a3600000|100%| O|  |TAMS 0x00000000a3600000, 0x00000000a3600000| Untracked 
|  20|0x00000000a3600000, 0x00000000a3700000, 0x00000000a3700000|100%| O|  |TAMS 0x00000000a3700000, 0x00000000a3700000| Untracked 
|  21|0x00000000a3700000, 0x00000000a3800000, 0x00000000a3800000|100%| O|  |TAMS 0x00000000a3800000, 0x00000000a3800000| Untracked 
|  22|0x00000000a3800000, 0x00000000a3900000, 0x00000000a3900000|100%| O|  |TAMS 0x00000000a3900000, 0x00000000a3900000| Untracked 
|  23|0x00000000a3900000, 0x00000000a3a00000, 0x00000000a3a00000|100%| O|  |TAMS 0x00000000a3a00000, 0x00000000a3a00000| Untracked 
|  24|0x00000000a3a00000, 0x00000000a3b00000, 0x00000000a3b00000|100%| O|  |TAMS 0x00000000a3b00000, 0x00000000a3b00000| Untracked 
|  25|0x00000000a3b00000, 0x00000000a3c00000, 0x00000000a3c00000|100%| O|  |TAMS 0x00000000a3c00000, 0x00000000a3c00000| Untracked 
|  26|0x00000000a3c00000, 0x00000000a3d00000, 0x00000000a3d00000|100%| O|  |TAMS 0x00000000a3d00000, 0x00000000a3d00000| Untracked 
|  27|0x00000000a3d00000, 0x00000000a3dd5000, 0x00000000a3e00000| 83%| O|  |TAMS 0x00000000a3dd5000, 0x00000000a3dd5000| Untracked 
|  28|0x00000000a3e00000, 0x00000000a3f00000, 0x00000000a3f00000|100%| O|  |TAMS 0x00000000a3f00000, 0x00000000a3f00000| Untracked 
|  29|0x00000000a3f00000, 0x00000000a4000000, 0x00000000a4000000|100%| O|  |TAMS 0x00000000a4000000, 0x00000000a4000000| Untracked 
|  30|0x00000000a4000000, 0x00000000a4100000, 0x00000000a4100000|100%| O|  |TAMS 0x00000000a4100000, 0x00000000a4100000| Untracked 
|  31|0x00000000a4100000, 0x00000000a4200000, 0x00000000a4200000|100%| O|  |TAMS 0x00000000a4200000, 0x00000000a4200000| Untracked 
|  32|0x00000000a4200000, 0x00000000a4300000, 0x00000000a4300000|100%| O|  |TAMS 0x00000000a4300000, 0x00000000a4300000| Untracked 
|  33|0x00000000a4300000, 0x00000000a4331a00, 0x00000000a4400000| 19%| O|  |TAMS 0x00000000a4300000, 0x00000000a4300000| Untracked 
|  34|0x00000000a4400000, 0x00000000a4500000, 0x00000000a4500000|100%|HS|  |TAMS 0x00000000a4500000, 0x00000000a4500000| Complete 
|  35|0x00000000a4500000, 0x00000000a4500000, 0x00000000a4600000|  0%| F|  |TAMS 0x00000000a4500000, 0x00000000a4500000| Untracked 
|  36|0x00000000a4600000, 0x00000000a4700000, 0x00000000a4700000|100%| O|  |TAMS 0x00000000a4600000, 0x00000000a4700000| Untracked 
|  37|0x00000000a4700000, 0x00000000a4800000, 0x00000000a4800000|100%| O|  |TAMS 0x00000000a4700000, 0x00000000a4800000| Untracked 
|  38|0x00000000a4800000, 0x00000000a4800000, 0x00000000a4900000|  0%| F|  |TAMS 0x00000000a4800000, 0x00000000a4800000| Untracked 
|  39|0x00000000a4900000, 0x00000000a4a00000, 0x00000000a4a00000|100%| O|  |TAMS 0x00000000a4a00000, 0x00000000a4a00000| Untracked 
|  40|0x00000000a4a00000, 0x00000000a4b00000, 0x00000000a4b00000|100%| O|  |TAMS 0x00000000a4b00000, 0x00000000a4b00000| Untracked 
|  41|0x00000000a4b00000, 0x00000000a4c00000, 0x00000000a4c00000|100%| O|  |TAMS 0x00000000a4b00000, 0x00000000a4c00000| Untracked 
|  42|0x00000000a4c00000, 0x00000000a4d00000, 0x00000000a4d00000|100%| O|  |TAMS 0x00000000a4d00000, 0x00000000a4d00000| Untracked 
|  43|0x00000000a4d00000, 0x00000000a4d00000, 0x00000000a4e00000|  0%| F|  |TAMS 0x00000000a4d00000, 0x00000000a4d00000| Untracked 
|  44|0x00000000a4e00000, 0x00000000a4f00000, 0x00000000a4f00000|100%| O|  |TAMS 0x00000000a4e00000, 0x00000000a4f00000| Untracked 
|  45|0x00000000a4f00000, 0x00000000a5000000, 0x00000000a5000000|100%| O|  |TAMS 0x00000000a4f00000, 0x00000000a5000000| Untracked 
|  46|0x00000000a5000000, 0x00000000a5100000, 0x00000000a5100000|100%| O|  |TAMS 0x00000000a5000000, 0x00000000a5100000| Untracked 
|  47|0x00000000a5100000, 0x00000000a5100000, 0x00000000a5200000|  0%| F|  |TAMS 0x00000000a5100000, 0x00000000a5100000| Untracked 
|  48|0x00000000a5200000, 0x00000000a5300000, 0x00000000a5300000|100%| O|  |TAMS 0x00000000a5300000, 0x00000000a5300000| Untracked 
|  49|0x00000000a5300000, 0x00000000a5400000, 0x00000000a5400000|100%| O|  |TAMS 0x00000000a5400000, 0x00000000a5400000| Untracked 
|  50|0x00000000a5400000, 0x00000000a5400000, 0x00000000a5500000|  0%| F|  |TAMS 0x00000000a5400000, 0x00000000a5400000| Untracked 
|  51|0x00000000a5500000, 0x00000000a5600000, 0x00000000a5600000|100%| O|  |TAMS 0x00000000a5600000, 0x00000000a5600000| Untracked 
|  52|0x00000000a5600000, 0x00000000a5700000, 0x00000000a5700000|100%| O|  |TAMS 0x00000000a5700000, 0x00000000a5700000| Untracked 
|  53|0x00000000a5700000, 0x00000000a5800000, 0x00000000a5800000|100%| O|  |TAMS 0x00000000a5800000, 0x00000000a5800000| Untracked 
|  54|0x00000000a5800000, 0x00000000a5900000, 0x00000000a5900000|100%| O|  |TAMS 0x00000000a5900000, 0x00000000a5900000| Untracked 
|  55|0x00000000a5900000, 0x00000000a5a00000, 0x00000000a5a00000|100%| O|  |TAMS 0x00000000a5900000, 0x00000000a5a00000| Untracked 
|  56|0x00000000a5a00000, 0x00000000a5b00000, 0x00000000a5b00000|100%| O|  |TAMS 0x00000000a5b00000, 0x00000000a5b00000| Untracked 
|  57|0x00000000a5b00000, 0x00000000a5b00000, 0x00000000a5c00000|  0%| F|  |TAMS 0x00000000a5b00000, 0x00000000a5b00000| Untracked 
|  58|0x00000000a5c00000, 0x00000000a5c00000, 0x00000000a5d00000|  0%| F|  |TAMS 0x00000000a5c00000, 0x00000000a5c00000| Untracked 
|  59|0x00000000a5d00000, 0x00000000a5e00000, 0x00000000a5e00000|100%| O|  |TAMS 0x00000000a5e00000, 0x00000000a5e00000| Untracked 
|  60|0x00000000a5e00000, 0x00000000a5e00000, 0x00000000a5f00000|  0%| F|  |TAMS 0x00000000a5e00000, 0x00000000a5e00000| Untracked 
|  61|0x00000000a5f00000, 0x00000000a6000000, 0x00000000a6000000|100%| O|  |TAMS 0x00000000a5f00000, 0x00000000a6000000| Untracked 
|  62|0x00000000a6000000, 0x00000000a6100000, 0x00000000a6100000|100%| O|  |TAMS 0x00000000a6000000, 0x00000000a6100000| Untracked 
|  63|0x00000000a6100000, 0x00000000a6200000, 0x00000000a6200000|100%| O|  |TAMS 0x00000000a6100000, 0x00000000a6200000| Untracked 
|  64|0x00000000a6200000, 0x00000000a6200000, 0x00000000a6300000|  0%| F|  |TAMS 0x00000000a6200000, 0x00000000a6200000| Untracked 
|  65|0x00000000a6300000, 0x00000000a6400000, 0x00000000a6400000|100%| O|  |TAMS 0x00000000a6400000, 0x00000000a6400000| Untracked 
|  66|0x00000000a6400000, 0x00000000a6500000, 0x00000000a6500000|100%| O|  |TAMS 0x00000000a6500000, 0x00000000a6500000| Untracked 
|  67|0x00000000a6500000, 0x00000000a6600000, 0x00000000a6600000|100%| O|  |TAMS 0x00000000a6600000, 0x00000000a6600000| Untracked 
|  68|0x00000000a6600000, 0x00000000a6700000, 0x00000000a6700000|100%| O|  |TAMS 0x00000000a6700000, 0x00000000a6700000| Untracked 
|  69|0x00000000a6700000, 0x00000000a6800000, 0x00000000a6800000|100%| O|  |TAMS 0x00000000a6800000, 0x00000000a6800000| Untracked 
|  70|0x00000000a6800000, 0x00000000a6900000, 0x00000000a6900000|100%| O|  |TAMS 0x00000000a6900000, 0x00000000a6900000| Untracked 
|  71|0x00000000a6900000, 0x00000000a6a00000, 0x00000000a6a00000|100%| O|  |TAMS 0x00000000a6a00000, 0x00000000a6a00000| Untracked 
|  72|0x00000000a6a00000, 0x00000000a6b00000, 0x00000000a6b00000|100%| O|  |TAMS 0x00000000a6b00000, 0x00000000a6b00000| Untracked 
|  73|0x00000000a6b00000, 0x00000000a6c00000, 0x00000000a6c00000|100%| O|  |TAMS 0x00000000a6c00000, 0x00000000a6c00000| Untracked 
|  74|0x00000000a6c00000, 0x00000000a6d00000, 0x00000000a6d00000|100%| O|  |TAMS 0x00000000a6d00000, 0x00000000a6d00000| Untracked 
|  75|0x00000000a6d00000, 0x00000000a6e00000, 0x00000000a6e00000|100%| O|  |TAMS 0x00000000a6e00000, 0x00000000a6e00000| Untracked 
|  76|0x00000000a6e00000, 0x00000000a6f00000, 0x00000000a6f00000|100%| O|  |TAMS 0x00000000a6f00000, 0x00000000a6f00000| Untracked 
|  77|0x00000000a6f00000, 0x00000000a7000000, 0x00000000a7000000|100%| O|  |TAMS 0x00000000a7000000, 0x00000000a7000000| Untracked 
|  78|0x00000000a7000000, 0x00000000a7100000, 0x00000000a7100000|100%| O|  |TAMS 0x00000000a7100000, 0x00000000a7100000| Untracked 
|  79|0x00000000a7100000, 0x00000000a7200000, 0x00000000a7200000|100%| O|  |TAMS 0x00000000a7200000, 0x00000000a7200000| Untracked 
|  80|0x00000000a7200000, 0x00000000a7300000, 0x00000000a7300000|100%| O|  |TAMS 0x00000000a7300000, 0x00000000a7300000| Untracked 
|  81|0x00000000a7300000, 0x00000000a7400000, 0x00000000a7400000|100%| O|  |TAMS 0x00000000a7400000, 0x00000000a7400000| Untracked 
|  82|0x00000000a7400000, 0x00000000a7500000, 0x00000000a7500000|100%| O|  |TAMS 0x00000000a7500000, 0x00000000a7500000| Untracked 
|  83|0x00000000a7500000, 0x00000000a7600000, 0x00000000a7600000|100%| O|  |TAMS 0x00000000a7600000, 0x00000000a7600000| Untracked 
|  84|0x00000000a7600000, 0x00000000a7700000, 0x00000000a7700000|100%| O|  |TAMS 0x00000000a7700000, 0x00000000a7700000| Untracked 
|  85|0x00000000a7700000, 0x00000000a7800000, 0x00000000a7800000|100%| O|  |TAMS 0x00000000a7800000, 0x00000000a7800000| Untracked 
|  86|0x00000000a7800000, 0x00000000a7900000, 0x00000000a7900000|100%| O|  |TAMS 0x00000000a7900000, 0x00000000a7900000| Untracked 
|  87|0x00000000a7900000, 0x00000000a7a00000, 0x00000000a7a00000|100%| O|  |TAMS 0x00000000a7a00000, 0x00000000a7a00000| Untracked 
|  88|0x00000000a7a00000, 0x00000000a7b00000, 0x00000000a7b00000|100%| O|  |TAMS 0x00000000a7a64a00, 0x00000000a7b00000| Untracked 
|  89|0x00000000a7b00000, 0x00000000a7c00000, 0x00000000a7c00000|100%| O|  |TAMS 0x00000000a7b00000, 0x00000000a7c00000| Untracked 
|  90|0x00000000a7c00000, 0x00000000a7d00000, 0x00000000a7d00000|100%| O|  |TAMS 0x00000000a7c00000, 0x00000000a7d00000| Untracked 
|  91|0x00000000a7d00000, 0x00000000a7e00000, 0x00000000a7e00000|100%| O|  |TAMS 0x00000000a7d00000, 0x00000000a7e00000| Untracked 
|  92|0x00000000a7e00000, 0x00000000a7f00000, 0x00000000a7f00000|100%| O|  |TAMS 0x00000000a7e00000, 0x00000000a7f00000| Untracked 
|  93|0x00000000a7f00000, 0x00000000a8000000, 0x00000000a8000000|100%|HS|  |TAMS 0x00000000a7f00000, 0x00000000a8000000| Complete 
|  94|0x00000000a8000000, 0x00000000a8100000, 0x00000000a8100000|100%|HC|  |TAMS 0x00000000a8000000, 0x00000000a8100000| Complete 
|  95|0x00000000a8100000, 0x00000000a8200000, 0x00000000a8200000|100%| O|  |TAMS 0x00000000a8100000, 0x00000000a8200000| Untracked 
|  96|0x00000000a8200000, 0x00000000a8300000, 0x00000000a8300000|100%| O|  |TAMS 0x00000000a8200000, 0x00000000a8300000| Untracked 
|  97|0x00000000a8300000, 0x00000000a8400000, 0x00000000a8400000|100%| O|  |TAMS 0x00000000a8300000, 0x00000000a8400000| Untracked 
|  98|0x00000000a8400000, 0x00000000a8500000, 0x00000000a8500000|100%| O|  |TAMS 0x00000000a8400000, 0x00000000a8500000| Untracked 
|  99|0x00000000a8500000, 0x00000000a8600000, 0x00000000a8600000|100%| O|  |TAMS 0x00000000a8500000, 0x00000000a8600000| Untracked 
| 100|0x00000000a8600000, 0x00000000a8700000, 0x00000000a8700000|100%| O|  |TAMS 0x00000000a8600000, 0x00000000a8700000| Untracked 
| 101|0x00000000a8700000, 0x00000000a8800000, 0x00000000a8800000|100%| O|  |TAMS 0x00000000a8700000, 0x00000000a8800000| Untracked 
| 102|0x00000000a8800000, 0x00000000a8900000, 0x00000000a8900000|100%| O|  |TAMS 0x00000000a8800000, 0x00000000a8900000| Untracked 
| 103|0x00000000a8900000, 0x00000000a8a00000, 0x00000000a8a00000|100%| O|  |TAMS 0x00000000a8900000, 0x00000000a8a00000| Untracked 
| 104|0x00000000a8a00000, 0x00000000a8b00000, 0x00000000a8b00000|100%| O|  |TAMS 0x00000000a8a00000, 0x00000000a8b00000| Untracked 
| 105|0x00000000a8b00000, 0x00000000a8c00000, 0x00000000a8c00000|100%| O|  |TAMS 0x00000000a8b00000, 0x00000000a8c00000| Untracked 
| 106|0x00000000a8c00000, 0x00000000a8d00000, 0x00000000a8d00000|100%| O|  |TAMS 0x00000000a8c00000, 0x00000000a8d00000| Untracked 
| 107|0x00000000a8d00000, 0x00000000a8e00000, 0x00000000a8e00000|100%| O|  |TAMS 0x00000000a8d00000, 0x00000000a8e00000| Untracked 
| 108|0x00000000a8e00000, 0x00000000a8f00000, 0x00000000a8f00000|100%| O|  |TAMS 0x00000000a8e00000, 0x00000000a8e40200| Untracked 
| 109|0x00000000a8f00000, 0x00000000a8f00000, 0x00000000a9000000|  0%| F|  |TAMS 0x00000000a8f00000, 0x00000000a8f00000| Untracked 
| 110|0x00000000a9000000, 0x00000000a9000000, 0x00000000a9100000|  0%| F|  |TAMS 0x00000000a9000000, 0x00000000a9000000| Untracked 
| 111|0x00000000a9100000, 0x00000000a9100000, 0x00000000a9200000|  0%| F|  |TAMS 0x00000000a9100000, 0x00000000a9100000| Untracked 
| 112|0x00000000a9200000, 0x00000000a9200000, 0x00000000a9300000|  0%| F|  |TAMS 0x00000000a9200000, 0x00000000a9200000| Untracked 
| 113|0x00000000a9300000, 0x00000000a9300000, 0x00000000a9400000|  0%| F|  |TAMS 0x00000000a9300000, 0x00000000a9300000| Untracked 
| 114|0x00000000a9400000, 0x00000000a9400000, 0x00000000a9500000|  0%| F|  |TAMS 0x00000000a9400000, 0x00000000a9400000| Untracked 
| 115|0x00000000a9500000, 0x00000000a9500000, 0x00000000a9600000|  0%| F|  |TAMS 0x00000000a9500000, 0x00000000a9500000| Untracked 
| 116|0x00000000a9600000, 0x00000000a9600000, 0x00000000a9700000|  0%| F|  |TAMS 0x00000000a9600000, 0x00000000a9600000| Untracked 
| 117|0x00000000a9700000, 0x00000000a9700000, 0x00000000a9800000|  0%| F|  |TAMS 0x00000000a9700000, 0x00000000a9700000| Untracked 
| 118|0x00000000a9800000, 0x00000000a9800000, 0x00000000a9900000|  0%| F|  |TAMS 0x00000000a9800000, 0x00000000a9800000| Untracked 
| 119|0x00000000a9900000, 0x00000000a9900000, 0x00000000a9a00000|  0%| F|  |TAMS 0x00000000a9900000, 0x00000000a9900000| Untracked 
| 120|0x00000000a9a00000, 0x00000000a9a00000, 0x00000000a9b00000|  0%| F|  |TAMS 0x00000000a9a00000, 0x00000000a9a00000| Untracked 
| 121|0x00000000a9b00000, 0x00000000a9b00000, 0x00000000a9c00000|  0%| F|  |TAMS 0x00000000a9b00000, 0x00000000a9b00000| Untracked 
| 122|0x00000000a9c00000, 0x00000000a9c00000, 0x00000000a9d00000|  0%| F|  |TAMS 0x00000000a9c00000, 0x00000000a9c00000| Untracked 
| 123|0x00000000a9d00000, 0x00000000a9d00000, 0x00000000a9e00000|  0%| F|  |TAMS 0x00000000a9d00000, 0x00000000a9d00000| Untracked 
| 124|0x00000000a9e00000, 0x00000000a9e00000, 0x00000000a9f00000|  0%| F|  |TAMS 0x00000000a9e00000, 0x00000000a9e00000| Untracked 
| 125|0x00000000a9f00000, 0x00000000a9f00000, 0x00000000aa000000|  0%| F|  |TAMS 0x00000000a9f00000, 0x00000000a9f00000| Untracked 
| 126|0x00000000aa000000, 0x00000000aa000000, 0x00000000aa100000|  0%| F|  |TAMS 0x00000000aa000000, 0x00000000aa000000| Untracked 
| 127|0x00000000aa100000, 0x00000000aa100000, 0x00000000aa200000|  0%| F|  |TAMS 0x00000000aa100000, 0x00000000aa100000| Untracked 
| 128|0x00000000aa200000, 0x00000000aa200000, 0x00000000aa300000|  0%| F|  |TAMS 0x00000000aa200000, 0x00000000aa200000| Untracked 
| 129|0x00000000aa300000, 0x00000000aa300000, 0x00000000aa400000|  0%| F|  |TAMS 0x00000000aa300000, 0x00000000aa300000| Untracked 
| 130|0x00000000aa400000, 0x00000000aa400000, 0x00000000aa500000|  0%| F|  |TAMS 0x00000000aa400000, 0x00000000aa400000| Untracked 
| 131|0x00000000aa500000, 0x00000000aa500000, 0x00000000aa600000|  0%| F|  |TAMS 0x00000000aa500000, 0x00000000aa500000| Untracked 
| 132|0x00000000aa600000, 0x00000000aa600000, 0x00000000aa700000|  0%| F|  |TAMS 0x00000000aa600000, 0x00000000aa600000| Untracked 
| 133|0x00000000aa700000, 0x00000000aa700000, 0x00000000aa800000|  0%| F|  |TAMS 0x00000000aa700000, 0x00000000aa700000| Untracked 
| 134|0x00000000aa800000, 0x00000000aa800000, 0x00000000aa900000|  0%| F|  |TAMS 0x00000000aa800000, 0x00000000aa800000| Untracked 
| 135|0x00000000aa900000, 0x00000000aa900000, 0x00000000aaa00000|  0%| F|  |TAMS 0x00000000aa900000, 0x00000000aa900000| Untracked 
| 136|0x00000000aaa00000, 0x00000000aaa00000, 0x00000000aab00000|  0%| F|  |TAMS 0x00000000aaa00000, 0x00000000aaa00000| Untracked 
| 137|0x00000000aab00000, 0x00000000aab00000, 0x00000000aac00000|  0%| F|  |TAMS 0x00000000aab00000, 0x00000000aab00000| Untracked 
| 138|0x00000000aac00000, 0x00000000aac00000, 0x00000000aad00000|  0%| F|  |TAMS 0x00000000aac00000, 0x00000000aac00000| Untracked 
| 139|0x00000000aad00000, 0x00000000aad00000, 0x00000000aae00000|  0%| F|  |TAMS 0x00000000aad00000, 0x00000000aad00000| Untracked 
| 140|0x00000000aae00000, 0x00000000aae00000, 0x00000000aaf00000|  0%| F|  |TAMS 0x00000000aae00000, 0x00000000aae00000| Untracked 
| 141|0x00000000aaf00000, 0x00000000aaf00000, 0x00000000ab000000|  0%| F|  |TAMS 0x00000000aaf00000, 0x00000000aaf00000| Untracked 
| 142|0x00000000ab000000, 0x00000000ab000000, 0x00000000ab100000|  0%| F|  |TAMS 0x00000000ab000000, 0x00000000ab000000| Untracked 
| 143|0x00000000ab100000, 0x00000000ab200000, 0x00000000ab200000|100%| S|CS|TAMS 0x00000000ab100000, 0x00000000ab100000| Complete 
| 144|0x00000000ab200000, 0x00000000ab300000, 0x00000000ab300000|100%| S|CS|TAMS 0x00000000ab200000, 0x00000000ab200000| Complete 
| 145|0x00000000ab300000, 0x00000000ab400000, 0x00000000ab400000|100%| S|CS|TAMS 0x00000000ab300000, 0x00000000ab300000| Complete 
| 146|0x00000000ab400000, 0x00000000ab500000, 0x00000000ab500000|100%| S|CS|TAMS 0x00000000ab400000, 0x00000000ab400000| Complete 
| 147|0x00000000ab500000, 0x00000000ab600000, 0x00000000ab600000|100%| S|CS|TAMS 0x00000000ab500000, 0x00000000ab500000| Complete 
| 148|0x00000000ab600000, 0x00000000ab600000, 0x00000000ab700000|  0%| F|  |TAMS 0x00000000ab600000, 0x00000000ab600000| Untracked 
| 149|0x00000000ab700000, 0x00000000ab700000, 0x00000000ab800000|  0%| F|  |TAMS 0x00000000ab700000, 0x00000000ab700000| Untracked 
| 150|0x00000000ab800000, 0x00000000ab800000, 0x00000000ab900000|  0%| F|  |TAMS 0x00000000ab800000, 0x00000000ab800000| Untracked 
| 151|0x00000000ab900000, 0x00000000ab900000, 0x00000000aba00000|  0%| F|  |TAMS 0x00000000ab900000, 0x00000000ab900000| Untracked 
| 152|0x00000000aba00000, 0x00000000aba00000, 0x00000000abb00000|  0%| F|  |TAMS 0x00000000aba00000, 0x00000000aba00000| Untracked 
| 153|0x00000000abb00000, 0x00000000abb00000, 0x00000000abc00000|  0%| F|  |TAMS 0x00000000abb00000, 0x00000000abb00000| Untracked 
| 154|0x00000000abc00000, 0x00000000abc00000, 0x00000000abd00000|  0%| F|  |TAMS 0x00000000abc00000, 0x00000000abc00000| Untracked 
| 155|0x00000000abd00000, 0x00000000abd00000, 0x00000000abe00000|  0%| F|  |TAMS 0x00000000abd00000, 0x00000000abd00000| Untracked 
| 156|0x00000000abe00000, 0x00000000abe00000, 0x00000000abf00000|  0%| F|  |TAMS 0x00000000abe00000, 0x00000000abe00000| Untracked 
| 157|0x00000000abf00000, 0x00000000abf00000, 0x00000000ac000000|  0%| F|  |TAMS 0x00000000abf00000, 0x00000000abf00000| Untracked 
| 158|0x00000000ac000000, 0x00000000ac000000, 0x00000000ac100000|  0%| F|  |TAMS 0x00000000ac000000, 0x00000000ac000000| Untracked 
| 159|0x00000000ac100000, 0x00000000ac100000, 0x00000000ac200000|  0%| F|  |TAMS 0x00000000ac100000, 0x00000000ac100000| Untracked 
| 160|0x00000000ac200000, 0x00000000ac200000, 0x00000000ac300000|  0%| F|  |TAMS 0x00000000ac200000, 0x00000000ac200000| Untracked 
| 161|0x00000000ac300000, 0x00000000ac300000, 0x00000000ac400000|  0%| F|  |TAMS 0x00000000ac300000, 0x00000000ac300000| Untracked 
| 162|0x00000000ac400000, 0x00000000ac400000, 0x00000000ac500000|  0%| F|  |TAMS 0x00000000ac400000, 0x00000000ac400000| Untracked 
| 163|0x00000000ac500000, 0x00000000ac500000, 0x00000000ac600000|  0%| F|  |TAMS 0x00000000ac500000, 0x00000000ac500000| Untracked 
| 164|0x00000000ac600000, 0x00000000ac600000, 0x00000000ac700000|  0%| F|  |TAMS 0x00000000ac600000, 0x00000000ac600000| Untracked 
| 165|0x00000000ac700000, 0x00000000ac700000, 0x00000000ac800000|  0%| F|  |TAMS 0x00000000ac700000, 0x00000000ac700000| Untracked 
| 166|0x00000000ac800000, 0x00000000ac800000, 0x00000000ac900000|  0%| F|  |TAMS 0x00000000ac800000, 0x00000000ac800000| Untracked 
| 167|0x00000000ac900000, 0x00000000ac900000, 0x00000000aca00000|  0%| F|  |TAMS 0x00000000ac900000, 0x00000000ac900000| Untracked 
| 168|0x00000000aca00000, 0x00000000aca00000, 0x00000000acb00000|  0%| F|  |TAMS 0x00000000aca00000, 0x00000000aca00000| Untracked 
| 169|0x00000000acb00000, 0x00000000acb00000, 0x00000000acc00000|  0%| F|  |TAMS 0x00000000acb00000, 0x00000000acb00000| Untracked 
| 170|0x00000000acc00000, 0x00000000acc00000, 0x00000000acd00000|  0%| F|  |TAMS 0x00000000acc00000, 0x00000000acc00000| Untracked 
| 171|0x00000000acd00000, 0x00000000acd00000, 0x00000000ace00000|  0%| F|  |TAMS 0x00000000acd00000, 0x00000000acd00000| Untracked 
| 172|0x00000000ace00000, 0x00000000ace00000, 0x00000000acf00000|  0%| F|  |TAMS 0x00000000ace00000, 0x00000000ace00000| Untracked 
| 173|0x00000000acf00000, 0x00000000acf00000, 0x00000000ad000000|  0%| F|  |TAMS 0x00000000acf00000, 0x00000000acf00000| Untracked 
| 174|0x00000000ad000000, 0x00000000ad000000, 0x00000000ad100000|  0%| F|  |TAMS 0x00000000ad000000, 0x00000000ad000000| Untracked 
| 175|0x00000000ad100000, 0x00000000ad100000, 0x00000000ad200000|  0%| F|  |TAMS 0x00000000ad100000, 0x00000000ad100000| Untracked 
| 176|0x00000000ad200000, 0x00000000ad200000, 0x00000000ad300000|  0%| F|  |TAMS 0x00000000ad200000, 0x00000000ad200000| Untracked 
| 177|0x00000000ad300000, 0x00000000ad300000, 0x00000000ad400000|  0%| F|  |TAMS 0x00000000ad300000, 0x00000000ad300000| Untracked 
| 178|0x00000000ad400000, 0x00000000ad400000, 0x00000000ad500000|  0%| F|  |TAMS 0x00000000ad400000, 0x00000000ad400000| Untracked 
| 179|0x00000000ad500000, 0x00000000ad500000, 0x00000000ad600000|  0%| F|  |TAMS 0x00000000ad500000, 0x00000000ad500000| Untracked 
| 180|0x00000000ad600000, 0x00000000ad600000, 0x00000000ad700000|  0%| F|  |TAMS 0x00000000ad600000, 0x00000000ad600000| Untracked 
| 181|0x00000000ad700000, 0x00000000ad700000, 0x00000000ad800000|  0%| F|  |TAMS 0x00000000ad700000, 0x00000000ad700000| Untracked 
|1500|0x00000000ffe00000, 0x00000000fff00000, 0x00000000fff00000|100%| O|  |TAMS 0x00000000fff00000, 0x00000000fff00000| Untracked 
|1501|0x00000000fff00000, 0x00000000fff00000, 0x0000000100000000|  0%| F|  |TAMS 0x00000000fff00000, 0x00000000fff00000| Untracked 

Card table byte_map: [0x0000024261490000,0x0000024261780000] _byte_map_base: 0x0000024260f7f000

Marking Bits (Prev, Next): (CMBitMap*) 0x00000242566d1c30, (CMBitMap*) 0x00000242566d1bf0
 Prev Bits: [0x00000242631f0000, 0x0000024264968000)
 Next Bits: [0x0000024261a70000, 0x00000242631e8000)

Polling page: 0x0000024254600000

Metaspace:

Usage:
  Non-class:     52.67 MB used.
      Class:      9.27 MB used.
       Both:     61.94 MB used.

Virtual space:
  Non-class space:       56.00 MB reserved,      53.00 MB ( 95%) committed,  7 nodes.
      Class space:        1.00 GB reserved,       9.56 MB ( <1%) committed,  1 nodes.
             Both:        1.05 GB reserved,      62.56 MB (  6%) committed. 

Chunk freelists:
   Non-Class:  2.25 MB
       Class:  2.33 MB
        Both:  4.58 MB

MaxMetaspaceSize: unlimited
CompressedClassSpaceSize: 1.00 GB
Initial GC threshold: 21.00 MB
Current GC threshold: 104.31 MB
CDS: on
MetaspaceReclaimPolicy: balanced
 - commit_granule_bytes: 65536.
 - commit_granule_words: 8192.
 - virtual_space_node_default_size: 1048576.
 - enlarge_chunks_in_place: 1.
 - new_chunks_are_fully_committed: 0.
 - uncommit_free_chunks: 1.
 - use_allocation_guard: 0.
 - handle_deallocations: 1.


Internal statistics:

num_allocs_failed_limit: 9.
num_arena_births: 886.
num_arena_deaths: 0.
num_vsnodes_births: 8.
num_vsnodes_deaths: 0.
num_space_committed: 1001.
num_space_uncommitted: 0.
num_chunks_returned_to_freelist: 9.
num_chunks_taken_from_freelist: 3243.
num_chunk_merges: 6.
num_chunk_splits: 2353.
num_chunks_enlarged: 1834.
num_purges: 0.
num_inconsistent_stats: 0.

CodeCache: size=49152Kb used=14183Kb max_used=14183Kb free=34968Kb
 bounds [0x000002425de70000, 0x000002425ec50000, 0x0000024260e70000]
 total_blobs=8054 nmethods=7392 adapters=584
 compilation: enabled
              stopped_count=0, restarted_count=0
 full_count=0

Compilation events (20 events):
Event: 7.494 Thread 0x0000024268149530 7383       1       java.util.ArrayList::equalsArrayList (108 bytes)
Event: 7.495 Thread 0x0000024268149530 nmethod 7383 0x000002425ec43c90 code [0x000002425ec43e60, 0x000002425ec44208]
Event: 7.529 Thread 0x00000242675d8650 7384   !   1       org.antlr.v4.runtime.atn.ParserATNSimulator::adaptivePredict (406 bytes)
Event: 7.532 Thread 0x00000242675d8650 nmethod 7384 0x000002425ec44490 code [0x000002425ec44920, 0x000002425ec46198]
Event: 7.854 Thread 0x00000242675d8650 7385       1       sun.rmi.runtime.Log$LoggerLog::isLoggable (9 bytes)
Event: 7.854 Thread 0x00000242675d8650 nmethod 7385 0x000002425ec47410 code [0x000002425ec475a0, 0x000002425ec47698]
Event: 7.855 Thread 0x00000242675d8650 7386       1       java.io.ObjectInputStream$PeekInputStream::peek (49 bytes)
Event: 7.855 Thread 0x00000242675d8650 nmethod 7386 0x000002425ec47790 code [0x000002425ec47940, 0x000002425ec47aa8]
Event: 7.856 Thread 0x00000242694a9e40 7387       1       org.antlr.v4.runtime.misc.FlexibleHashMap::<init> (60 bytes)
Event: 7.856 Thread 0x00000242694a9e40 nmethod 7387 0x000002425ec47b10 code [0x000002425ec47ce0, 0x000002425ec47f88]
Event: 7.969 Thread 0x00000242676196a0 7388       1       org.antlr.v4.runtime.atn.PredictionMode::allConfigsInRuleStopStates (41 bytes)
Event: 7.969 Thread 0x00000242676196a0 nmethod 7388 0x000002425ec48090 code [0x000002425ec48240, 0x000002425ec484e8]
Event: 7.969 Thread 0x00000242676196a0 7389       1       org.antlr.v4.runtime.atn.PredictionMode::hasSLLConflictTerminatingPrediction (109 bytes)
Event: 7.970 Thread 0x00000242676196a0 nmethod 7389 0x000002425ec48690 code [0x000002425ec488a0, 0x000002425ec48d58]
Event: 8.006 Thread 0x00000242676196a0 7390       1       org.antlr.v4.runtime.Parser::enterOuterAlt (51 bytes)
Event: 8.006 Thread 0x0000024268149530 7391       1       org.antlr.v4.runtime.RuleContext::setAltNumber (1 bytes)
Event: 8.006 Thread 0x0000024268149530 nmethod 7391 0x000002425ec49090 code [0x000002425ec49220, 0x000002425ec492d8]
Event: 8.007 Thread 0x00000242676196a0 nmethod 7390 0x000002425ec49390 code [0x000002425ec49560, 0x000002425ec49908]
Event: 8.009 Thread 0x00000242676196a0 7392       1       org.antlr.v4.runtime.atn.ATNConfig::<init> (11 bytes)
Event: 8.009 Thread 0x00000242676196a0 nmethod 7392 0x000002425ec49b10 code [0x000002425ec49ca0, 0x000002425ec49e98]

GC Heap History (20 events):
Event: 6.954 GC heap after
{Heap after GC invocations=17 (full 0):
 garbage-first heap   total 132096K, used 52832K [0x00000000a2200000, 0x0000000100000000)
  region size 1024K, 10 young (10240K), 10 survivors (10240K)
 Metaspace       used 61662K, committed 62336K, reserved 1105920K
  class space    used 9113K, committed 9408K, reserved 1048576K
}
Event: 7.044 GC heap before
{Heap before GC invocations=17 (full 0):
 garbage-first heap   total 132096K, used 95840K [0x00000000a2200000, 0x0000000100000000)
  region size 1024K, 52 young (53248K), 10 survivors (10240K)
 Metaspace       used 61672K, committed 62336K, reserved 1105920K
  class space    used 9115K, committed 9408K, reserved 1048576K
}
Event: 7.051 GC heap after
{Heap after GC invocations=18 (full 0):
 garbage-first heap   total 132096K, used 57345K [0x00000000a2200000, 0x0000000100000000)
  region size 1024K, 4 young (4096K), 4 survivors (4096K)
 Metaspace       used 61672K, committed 62336K, reserved 1105920K
  class space    used 9115K, committed 9408K, reserved 1048576K
}
Event: 7.168 GC heap before
{Heap before GC invocations=18 (full 0):
 garbage-first heap   total 132096K, used 99329K [0x00000000a2200000, 0x0000000100000000)
  region size 1024K, 45 young (46080K), 4 survivors (4096K)
 Metaspace       used 61673K, committed 62336K, reserved 1105920K
  class space    used 9115K, committed 9408K, reserved 1048576K
}
Event: 7.172 GC heap after
{Heap after GC invocations=19 (full 0):
 garbage-first heap   total 132096K, used 56988K [0x00000000a2200000, 0x0000000100000000)
  region size 1024K, 4 young (4096K), 4 survivors (4096K)
 Metaspace       used 61673K, committed 62336K, reserved 1105920K
  class space    used 9115K, committed 9408K, reserved 1048576K
}
Event: 7.440 GC heap before
{Heap before GC invocations=19 (full 0):
 garbage-first heap   total 132096K, used 99996K [0x00000000a2200000, 0x0000000100000000)
  region size 1024K, 47 young (48128K), 4 survivors (4096K)
 Metaspace       used 63414K, committed 64064K, reserved 1105920K
  class space    used 9490K, committed 9792K, reserved 1048576K
}
Event: 7.449 GC heap after
{Heap after GC invocations=20 (full 0):
 garbage-first heap   total 132096K, used 67136K [0x00000000a2200000, 0x0000000100000000)
  region size 1024K, 6 young (6144K), 6 survivors (6144K)
 Metaspace       used 63414K, committed 64064K, reserved 1105920K
  class space    used 9490K, committed 9792K, reserved 1048576K
}
Event: 7.534 GC heap before
{Heap before GC invocations=20 (full 0):
 garbage-first heap   total 132096K, used 99904K [0x00000000a2200000, 0x0000000100000000)
  region size 1024K, 38 young (38912K), 6 survivors (6144K)
 Metaspace       used 63424K, committed 64064K, reserved 1105920K
  class space    used 9490K, committed 9792K, reserved 1048576K
}
Event: 7.543 GC heap after
{Heap after GC invocations=21 (full 0):
 garbage-first heap   total 188416K, used 73759K [0x00000000a2200000, 0x0000000100000000)
  region size 1024K, 5 young (5120K), 5 survivors (5120K)
 Metaspace       used 63424K, committed 64064K, reserved 1105920K
  class space    used 9490K, committed 9792K, reserved 1048576K
}
Event: 7.723 GC heap before
{Heap before GC invocations=22 (full 0):
 garbage-first heap   total 188416K, used 124959K [0x00000000a2200000, 0x0000000100000000)
  region size 1024K, 62 young (63488K), 5 survivors (5120K)
 Metaspace       used 63424K, committed 64064K, reserved 1105920K
  class space    used 9490K, committed 9792K, reserved 1048576K
}
Event: 7.741 GC heap after
{Heap after GC invocations=23 (full 0):
 garbage-first heap   total 188416K, used 89516K [0x00000000a2200000, 0x0000000100000000)
  region size 1024K, 8 young (8192K), 8 survivors (8192K)
 Metaspace       used 63424K, committed 64064K, reserved 1105920K
  class space    used 9490K, committed 9792K, reserved 1048576K
}
Event: 7.744 GC heap before
{Heap before GC invocations=23 (full 0):
 garbage-first heap   total 188416K, used 90540K [0x00000000a2200000, 0x0000000100000000)
  region size 1024K, 9 young (9216K), 8 survivors (8192K)
 Metaspace       used 63424K, committed 64064K, reserved 1105920K
  class space    used 9490K, committed 9792K, reserved 1048576K
}
Event: 7.751 GC heap after
{Heap after GC invocations=24 (full 0):
 garbage-first heap   total 188416K, used 89984K [0x00000000a2200000, 0x0000000100000000)
  region size 1024K, 1 young (1024K), 1 survivors (1024K)
 Metaspace       used 63424K, committed 64064K, reserved 1105920K
  class space    used 9490K, committed 9792K, reserved 1048576K
}
Event: 7.819 GC heap before
{Heap before GC invocations=24 (full 0):
 garbage-first heap   total 188416K, used 118656K [0x00000000a2200000, 0x0000000100000000)
  region size 1024K, 30 young (30720K), 1 survivors (1024K)
 Metaspace       used 63424K, committed 64064K, reserved 1105920K
  class space    used 9490K, committed 9792K, reserved 1048576K
}
Event: 7.829 GC heap after
{Heap after GC invocations=25 (full 0):
 garbage-first heap   total 188416K, used 101457K [0x00000000a2200000, 0x0000000100000000)
  region size 1024K, 6 young (6144K), 6 survivors (6144K)
 Metaspace       used 63424K, committed 64064K, reserved 1105920K
  class space    used 9490K, committed 9792K, reserved 1048576K
}
Event: 7.939 GC heap before
{Heap before GC invocations=26 (full 0):
 garbage-first heap   total 188416K, used 131153K [0x00000000a2200000, 0x0000000100000000)
  region size 1024K, 41 young (41984K), 6 survivors (6144K)
 Metaspace       used 63424K, committed 64064K, reserved 1105920K
  class space    used 9490K, committed 9792K, reserved 1048576K
}
Event: 7.952 GC heap after
{Heap after GC invocations=27 (full 0):
 garbage-first heap   total 188416K, used 109468K [0x00000000a2200000, 0x0000000100000000)
  region size 1024K, 6 young (6144K), 6 survivors (6144K)
 Metaspace       used 63424K, committed 64064K, reserved 1105920K
  class space    used 9490K, committed 9792K, reserved 1048576K
}
Event: 7.960 GC heap before
{Heap before GC invocations=27 (full 0):
 garbage-first heap   total 188416K, used 112540K [0x00000000a2200000, 0x0000000100000000)
  region size 1024K, 9 young (9216K), 6 survivors (6144K)
 Metaspace       used 63424K, committed 64064K, reserved 1105920K
  class space    used 9490K, committed 9792K, reserved 1048576K
}
Event: 7.967 GC heap after
{Heap after GC invocations=28 (full 0):
 garbage-first heap   total 188416K, used 103165K [0x00000000a2200000, 0x0000000100000000)
  region size 1024K, 2 young (2048K), 2 survivors (2048K)
 Metaspace       used 63424K, committed 64064K, reserved 1105920K
  class space    used 9490K, committed 9792K, reserved 1048576K
}
Event: 8.040 GC heap before
{Heap before GC invocations=28 (full 0):
 garbage-first heap   total 188416K, used 136957K [0x00000000a2200000, 0x0000000100000000)
  region size 1024K, 35 young (35840K), 2 survivors (2048K)
 Metaspace       used 63426K, committed 64064K, reserved 1105920K
  class space    used 9490K, committed 9792K, reserved 1048576K
}

Deoptimization events (18 events):
Event: 0.285 Thread 0x0000024256698de0 DEOPT PACKING pc=0x000002425e108585 sp=0x0000007a912fc6c0
Event: 0.285 Thread 0x0000024256698de0 DEOPT UNPACKING pc=0x000002425dec2b43 sp=0x0000007a912fbc20 mode 3
Event: 0.752 Thread 0x0000024256698de0 DEOPT PACKING pc=0x000002425e1735f5 sp=0x0000007a912fd660
Event: 0.752 Thread 0x0000024256698de0 DEOPT UNPACKING pc=0x000002425dec2b43 sp=0x0000007a912fcab8 mode 3
Event: 1.272 Thread 0x0000024256698de0 DEOPT PACKING pc=0x000002425e477f99 sp=0x0000007a912fd220
Event: 1.272 Thread 0x0000024256698de0 DEOPT UNPACKING pc=0x000002425dec2b43 sp=0x0000007a912fc700 mode 3
Event: 1.390 Thread 0x0000024256698de0 DEOPT PACKING pc=0x000002425e12badd sp=0x0000007a912fddd0
Event: 1.390 Thread 0x0000024256698de0 DEOPT UNPACKING pc=0x000002425dec2b43 sp=0x0000007a912fd338 mode 3
Event: 1.410 Thread 0x0000024256698de0 DEOPT PACKING pc=0x000002425e4bb255 sp=0x0000007a912fd6d0
Event: 1.410 Thread 0x0000024256698de0 DEOPT UNPACKING pc=0x000002425dec2b43 sp=0x0000007a912fcb78 mode 3
Event: 2.401 Thread 0x0000024256698de0 DEOPT PACKING pc=0x000002425e7058c0 sp=0x0000007a912fcae0
Event: 2.401 Thread 0x0000024256698de0 DEOPT UNPACKING pc=0x000002425dec2b43 sp=0x0000007a912fbf50 mode 3
Event: 2.509 Thread 0x0000024256698de0 DEOPT PACKING pc=0x000002425e6c8234 sp=0x0000007a912fbb20
Event: 2.509 Thread 0x0000024256698de0 DEOPT UNPACKING pc=0x000002425dec2b43 sp=0x0000007a912fb0a8 mode 0
Event: 2.509 Thread 0x0000024256698de0 DEOPT PACKING pc=0x000002425e6344ec sp=0x0000007a912fbd00
Event: 2.509 Thread 0x0000024256698de0 DEOPT UNPACKING pc=0x000002425dec2b43 sp=0x0000007a912fb1c0 mode 0
Event: 5.350 Thread 0x0000024256698de0 DEOPT PACKING pc=0x000002425eae7b0c sp=0x0000007a912fd230
Event: 5.350 Thread 0x0000024256698de0 DEOPT UNPACKING pc=0x000002425dec2b43 sp=0x0000007a912fc7a8 mode 0

Classes unloaded (0 events):
No events

Classes redefined (0 events):
No events

Internal exceptions (20 events):
Event: 6.223 Thread 0x0000024256698de0 Exception <a 'java/lang/IncompatibleClassChangeError'{0x00000000a9722a48}: Found class java.lang.Object, but interface was expected> (0x00000000a9722a48) 
thrown [t:\workspace\open\src\hotspot\share\interpreter\linkResolver.cpp, line 833]
Event: 6.295 Thread 0x0000024269257ed0 Exception <a 'java/lang/reflect/InvocationTargetException'{0x00000000a9581c90}> (0x00000000a9581c90) 
thrown [t:\workspace\open\src\hotspot\share\runtime\reflection.cpp, line 1121]
Event: 6.370 Thread 0x0000024256698de0 Exception <a 'java/lang/reflect/InvocationTargetException'{0x00000000a9200910}> (0x00000000a9200910) 
thrown [t:\workspace\open\src\hotspot\share\runtime\reflection.cpp, line 1121]
Event: 6.388 Thread 0x0000024256698de0 Exception <a 'java/lang/NoSuchMethodError'{0x00000000a927dcd0}: 'int java.lang.invoke.DirectMethodHandle$Holder.invokeStatic(java.lang.Object, java.lang.Object, int)'> (0x00000000a927dcd0) 
thrown [t:\workspace\open\src\hotspot\share\interpreter\linkResolver.cpp, line 766]
Event: 6.394 Thread 0x0000024256698de0 Exception <a 'java/lang/IncompatibleClassChangeError'{0x00000000a92c2b88}: Found class java.lang.Object, but interface was expected> (0x00000000a92c2b88) 
thrown [t:\workspace\open\src\hotspot\share\interpreter\linkResolver.cpp, line 833]
Event: 6.395 Thread 0x0000024256698de0 Exception <a 'java/lang/IncompatibleClassChangeError'{0x00000000a92c95a8}: Found class java.lang.Object, but interface was expected> (0x00000000a92c95a8) 
thrown [t:\workspace\open\src\hotspot\share\interpreter\linkResolver.cpp, line 833]
Event: 6.504 Thread 0x0000024256698de0 Exception <a 'java/lang/NoSuchMethodError'{0x00000000ad78b900}: 'java.lang.Object java.lang.invoke.DirectMethodHandle$Holder.invokeStatic(java.lang.Object, int, java.lang.Object)'> (0x00000000ad78b900) 
thrown [t:\workspace\open\src\hotspot\share\interpreter\linkResolver.cpp, line 766]
Event: 6.526 Thread 0x0000024256698de0 Exception <a 'java/lang/reflect/InvocationTargetException'{0x00000000a9e25998}> (0x00000000a9e25998) 
thrown [t:\workspace\open\src\hotspot\share\runtime\reflection.cpp, line 1121]
Event: 6.545 Thread 0x0000024256698de0 Exception <a 'java/lang/reflect/InvocationTargetException'{0x00000000a9e6b698}> (0x00000000a9e6b698) 
thrown [t:\workspace\open\src\hotspot\share\runtime\reflection.cpp, line 1121]
Event: 6.547 Thread 0x0000024256698de0 Exception <a 'java/lang/reflect/InvocationTargetException'{0x00000000a9e78830}> (0x00000000a9e78830) 
thrown [t:\workspace\open\src\hotspot\share\runtime\reflection.cpp, line 1121]
Event: 6.549 Thread 0x0000024256698de0 Exception <a 'java/lang/reflect/InvocationTargetException'{0x00000000a9e836e0}> (0x00000000a9e836e0) 
thrown [t:\workspace\open\src\hotspot\share\runtime\reflection.cpp, line 1121]
Event: 6.551 Thread 0x0000024256698de0 Exception <a 'java/lang/reflect/InvocationTargetException'{0x00000000a9e8f9a8}> (0x00000000a9e8f9a8) 
thrown [t:\workspace\open\src\hotspot\share\runtime\reflection.cpp, line 1121]
Event: 6.553 Thread 0x0000024256698de0 Exception <a 'java/lang/reflect/InvocationTargetException'{0x00000000a9e9b010}> (0x00000000a9e9b010) 
thrown [t:\workspace\open\src\hotspot\share\runtime\reflection.cpp, line 1121]
Event: 6.560 Thread 0x0000024256698de0 Exception <a 'java/lang/reflect/InvocationTargetException'{0x00000000a9eb3048}> (0x00000000a9eb3048) 
thrown [t:\workspace\open\src\hotspot\share\runtime\reflection.cpp, line 1121]
Event: 6.562 Thread 0x0000024256698de0 Exception <a 'java/lang/reflect/InvocationTargetException'{0x00000000a9ec53f8}> (0x00000000a9ec53f8) 
thrown [t:\workspace\open\src\hotspot\share\runtime\reflection.cpp, line 1121]
Event: 6.566 Thread 0x0000024256698de0 Exception <a 'java/lang/reflect/InvocationTargetException'{0x00000000a9ef42c8}> (0x00000000a9ef42c8) 
thrown [t:\workspace\open\src\hotspot\share\runtime\reflection.cpp, line 1121]
Event: 6.618 Thread 0x0000024256698de0 Exception <a 'java/lang/reflect/InvocationTargetException'{0x00000000a9a166b0}> (0x00000000a9a166b0) 
thrown [t:\workspace\open\src\hotspot\share\runtime\reflection.cpp, line 1121]
Event: 6.799 Thread 0x0000024269257ed0 Exception <a 'java/lang/reflect/InvocationTargetException'{0x00000000a8682390}> (0x00000000a8682390) 
thrown [t:\workspace\open\src\hotspot\share\runtime\reflection.cpp, line 1121]
Event: 7.302 Thread 0x0000024269257ed0 Exception <a 'java/lang/reflect/InvocationTargetException'{0x00000000a9101c00}> (0x00000000a9101c00) 
thrown [t:\workspace\open\src\hotspot\share\runtime\reflection.cpp, line 1121]
Event: 7.855 Thread 0x0000024269257ed0 Exception <a 'java/lang/reflect/InvocationTargetException'{0x00000000ad581ae0}> (0x00000000ad581ae0) 
thrown [t:\workspace\open\src\hotspot\share\runtime\reflection.cpp, line 1121]

VM Operations (20 events):
Event: 7.543 Executing VM operation: G1CollectForAllocation done
Event: 7.580 Executing VM operation: G1Concurrent
Event: 7.585 Executing VM operation: G1Concurrent done
Event: 7.600 Executing VM operation: G1Concurrent
Event: 7.601 Executing VM operation: G1Concurrent done
Event: 7.723 Executing VM operation: G1CollectForAllocation
Event: 7.741 Executing VM operation: G1CollectForAllocation done
Event: 7.744 Executing VM operation: G1CollectForAllocation
Event: 7.751 Executing VM operation: G1CollectForAllocation done
Event: 7.819 Executing VM operation: G1TryInitiateConcMark
Event: 7.829 Executing VM operation: G1TryInitiateConcMark done
Event: 7.874 Executing VM operation: G1Concurrent
Event: 7.877 Executing VM operation: G1Concurrent done
Event: 7.899 Executing VM operation: G1Concurrent
Event: 7.900 Executing VM operation: G1Concurrent done
Event: 7.939 Executing VM operation: G1CollectForAllocation
Event: 7.952 Executing VM operation: G1CollectForAllocation done
Event: 7.960 Executing VM operation: G1CollectForAllocation
Event: 7.967 Executing VM operation: G1CollectForAllocation done
Event: 8.039 Executing VM operation: G1CollectForAllocation

Events (20 events):
Event: 6.446 loading class java/util/regex/Pattern$Bound
Event: 6.447 loading class java/util/regex/Pattern$Bound done
Event: 6.448 loading class java/util/regex/Pattern$SliceI
Event: 6.450 loading class java/util/regex/Pattern$SliceI done
Event: 6.451 loading class java/util/regex/Pattern$LookBehindEndNode
Event: 6.453 loading class java/util/regex/Pattern$LookBehindEndNode done
Event: 6.453 loading class java/util/regex/Pattern$NotBehind
Event: 6.454 loading class java/util/regex/Pattern$NotBehind done
Event: 6.455 loading class java/util/regex/Pattern$Neg
Event: 6.455 loading class java/util/regex/Pattern$Neg done
Event: 6.455 loading class java/util/regex/Pattern$Behind
Event: 6.457 loading class java/util/regex/Pattern$Behind done
Event: 6.624 loading class java/lang/invoke/MethodHandleImpl$CountingWrapper$1
Event: 6.625 loading class java/lang/invoke/MethodHandleImpl$CountingWrapper$1 done
Event: 6.634 loading class java/util/EmptyStackException
Event: 6.635 loading class java/util/EmptyStackException done
Event: 6.725 loading class java/io/InvalidClassException
Event: 6.726 loading class java/io/InvalidClassException done
Event: 6.738 loading class java/util/ArrayList$ListItr
Event: 6.739 loading class java/util/ArrayList$ListItr done


Dynamic libraries:
0x00007ff708420000 - 0x00007ff708430000 	C:\Program Files\Java\jdk-17.0.1\bin\javaw.exe
0x00007ffe74c00000 - 0x00007ffe74e68000 	C:\WINDOWS\SYSTEM32\ntdll.dll
0x00007ffe741e0000 - 0x00007ffe742a9000 	C:\WINDOWS\System32\KERNEL32.DLL
0x00007ffe721e0000 - 0x00007ffe725d8000 	C:\WINDOWS\System32\KERNELBASE.dll
0x00007ffe72850000 - 0x00007ffe7299b000 	C:\WINDOWS\System32\ucrtbase.dll
0x00007ffe4f6c0000 - 0x00007ffe4f6da000 	C:\Program Files\Java\jdk-17.0.1\bin\VCRUNTIME140.dll
0x00007ffe4f560000 - 0x00007ffe4f578000 	C:\Program Files\Java\jdk-17.0.1\bin\jli.dll
0x00007ffe73eb0000 - 0x00007ffe73f64000 	C:\WINDOWS\System32\ADVAPI32.dll
0x00007ffe742c0000 - 0x00007ffe74369000 	C:\WINDOWS\System32\msvcrt.dll
0x00007ffe73420000 - 0x00007ffe734c6000 	C:\WINDOWS\System32\sechost.dll
0x00007ffe730e0000 - 0x00007ffe731f8000 	C:\WINDOWS\System32\RPCRT4.dll
0x00007ffe72eb0000 - 0x00007ffe73077000 	C:\WINDOWS\System32\USER32.dll
0x00007ffe726a0000 - 0x00007ffe726c7000 	C:\WINDOWS\System32\win32u.dll
0x00007ffe734d0000 - 0x00007ffe734fb000 	C:\WINDOWS\System32\GDI32.dll
0x00007ffe5f520000 - 0x00007ffe5f7b4000 	C:\WINDOWS\WinSxS\amd64_microsoft.windows.common-controls_6595b64144ccf1df_6.0.26100.7019_none_3e06ffa0e335b8a8\COMCTL32.dll
0x00007ffe71d50000 - 0x00007ffe71e7c000 	C:\WINDOWS\System32\gdi32full.dll
0x00007ffe72130000 - 0x00007ffe721d3000 	C:\WINDOWS\System32\msvcp_win.dll
0x00007ffe68570000 - 0x00007ffe6857b000 	C:\WINDOWS\SYSTEM32\VERSION.dll
0x00007ffe732e0000 - 0x00007ffe73311000 	C:\WINDOWS\System32\IMM32.DLL
0x00007ffe674e0000 - 0x00007ffe674ec000 	C:\Program Files\Java\jdk-17.0.1\bin\vcruntime140_1.dll
0x00007ffe34f30000 - 0x00007ffe34fbd000 	C:\Program Files\Java\jdk-17.0.1\bin\msvcp140.dll
0x00007ffd9b1b0000 - 0x00007ffd9bd6e000 	C:\Program Files\Java\jdk-17.0.1\bin\server\jvm.dll
0x00007ffe74bb0000 - 0x00007ffe74bb8000 	C:\WINDOWS\System32\PSAPI.DLL
0x00007ffe68530000 - 0x00007ffe68565000 	C:\WINDOWS\SYSTEM32\WINMM.dll
0x00007ffe45dc0000 - 0x00007ffe45dca000 	C:\WINDOWS\SYSTEM32\WSOCK32.dll
0x00007ffe74160000 - 0x00007ffe741d4000 	C:\WINDOWS\System32\WS2_32.dll
0x00007ffe70af0000 - 0x00007ffe70b0b000 	C:\WINDOWS\SYSTEM32\kernel.appcore.dll
0x00007ffe4f420000 - 0x00007ffe4f42a000 	C:\Program Files\Java\jdk-17.0.1\bin\jimage.dll
0x00007ffe6f690000 - 0x00007ffe6f8d2000 	C:\WINDOWS\SYSTEM32\DBGHELP.DLL
0x00007ffe729b0000 - 0x00007ffe72d3b000 	C:\WINDOWS\System32\combase.dll
0x00007ffe73200000 - 0x00007ffe732d7000 	C:\WINDOWS\System32\OLEAUT32.dll
0x00007ffe5e1d0000 - 0x00007ffe5e20c000 	C:\WINDOWS\SYSTEM32\dbgcore.DLL
0x00007ffe71f10000 - 0x00007ffe71fb5000 	C:\WINDOWS\System32\bcryptPrimitives.dll
0x00007ffe44bd0000 - 0x00007ffe44bf5000 	C:\Program Files\Java\jdk-17.0.1\bin\java.dll
0x00007ffe21870000 - 0x00007ffe21946000 	C:\Program Files\Java\jdk-17.0.1\bin\svml.dll
0x00007ffe73750000 - 0x00007ffe73e9f000 	C:\WINDOWS\System32\SHELL32.dll
0x00007ffe71fc0000 - 0x00007ffe7212b000 	C:\WINDOWS\System32\wintypes.dll
0x00007ffe6f960000 - 0x00007ffe701bd000 	C:\WINDOWS\SYSTEM32\windows.storage.dll
0x00007ffe73590000 - 0x00007ffe73682000 	C:\WINDOWS\System32\SHCORE.dll
0x00007ffe73520000 - 0x00007ffe73587000 	C:\WINDOWS\System32\shlwapi.dll
0x00007ffe71c70000 - 0x00007ffe71c99000 	C:\WINDOWS\SYSTEM32\profapi.dll
0x00007ffe44b50000 - 0x00007ffe44b69000 	C:\Program Files\Java\jdk-17.0.1\bin\net.dll
0x00007ffe69bc0000 - 0x00007ffe69ce8000 	C:\WINDOWS\SYSTEM32\WINHTTP.dll
0x00007ffe71080000 - 0x00007ffe710eb000 	C:\WINDOWS\system32\mswsock.dll
0x00007ffe447e0000 - 0x00007ffe447f5000 	C:\Program Files\Java\jdk-17.0.1\bin\nio.dll
0x00007ffe447c0000 - 0x00007ffe447d8000 	C:\Program Files\Java\jdk-17.0.1\bin\zip.dll
0x00007ffe451e0000 - 0x00007ffe451e9000 	C:\Program Files\Java\jdk-17.0.1\bin\management.dll
0x00007ffe447b0000 - 0x00007ffe447bb000 	C:\Program Files\Java\jdk-17.0.1\bin\management_ext.dll
0x00007ffe52e90000 - 0x00007ffe52ea8000 	C:\WINDOWS\system32\napinsp.dll
0x00007ffe70510000 - 0x00007ffe7063c000 	C:\WINDOWS\SYSTEM32\DNSAPI.dll
0x00007ffe704d0000 - 0x00007ffe70504000 	C:\WINDOWS\SYSTEM32\IPHLPAPI.DLL
0x00007ffe72dd0000 - 0x00007ffe72dda000 	C:\WINDOWS\System32\NSI.dll
0x00007ffe4ff10000 - 0x00007ffe4ff22000 	C:\WINDOWS\System32\winrnr.dll
0x00007ffe4fee0000 - 0x00007ffe4ff02000 	C:\WINDOWS\system32\nlansp_c.dll
0x00007ffe69ee0000 - 0x00007ffe69ef6000 	C:\WINDOWS\system32\wshbth.dll
0x00007ffe61460000 - 0x00007ffe6146b000 	C:\Windows\System32\rasadhlp.dll
0x00007ffe64f80000 - 0x00007ffe65006000 	C:\WINDOWS\System32\fwpuclnt.dll
0x00007ffe71340000 - 0x00007ffe7135b000 	C:\WINDOWS\SYSTEM32\CRYPTSP.dll
0x00007ffe70a50000 - 0x00007ffe70a8a000 	C:\WINDOWS\system32\rsaenh.dll
0x00007ffe71130000 - 0x00007ffe7115b000 	C:\WINDOWS\SYSTEM32\USERENV.dll
0x00007ffe71c40000 - 0x00007ffe71c6a000 	C:\WINDOWS\SYSTEM32\bcrypt.dll
0x00007ffe71360000 - 0x00007ffe7136c000 	C:\WINDOWS\SYSTEM32\CRYPTBASE.dll
0x00007ffe69f00000 - 0x00007ffe69f1e000 	C:\WINDOWS\SYSTEM32\dhcpcsvc6.DLL
0x00007ffe68be0000 - 0x00007ffe68c03000 	C:\WINDOWS\SYSTEM32\dhcpcsvc.DLL
0x00007ffe447a0000 - 0x00007ffe447ae000 	C:\Program Files\Java\jdk-17.0.1\bin\sunmscapi.dll
0x00007ffe726d0000 - 0x00007ffe72847000 	C:\WINDOWS\System32\CRYPT32.dll
0x00007ffe71560000 - 0x00007ffe71590000 	C:\WINDOWS\SYSTEM32\ncrypt.dll
0x00007ffe71510000 - 0x00007ffe7154f000 	C:\WINDOWS\SYSTEM32\NTASN1.dll
0x00007ffe446a0000 - 0x00007ffe446b0000 	C:\Program Files\Java\jdk-17.0.1\bin\verify.dll

dbghelp: loaded successfully - version: 4.0.5 - missing functions: none
symbol engine: initialized successfully - sym options: 0x614 - pdb path: .;C:\Program Files\Java\jdk-17.0.1\bin;C:\WINDOWS\SYSTEM32;C:\WINDOWS\WinSxS\amd64_microsoft.windows.common-controls_6595b64144ccf1df_6.0.26100.7019_none_3e06ffa0e335b8a8;C:\Program Files\Java\jdk-17.0.1\bin\server

VM Arguments:
jvm_args: -Dcom.sun.management.jmxremote -Dcom.sun.management.jmxremote.port=63297 -Dcom.sun.management.jmxremote.authenticate=false -Dcom.sun.management.jmxremote.ssl=false -Djava.rmi.server.hostname=localhost -Dspring.jmx.enabled=true -Dmanagement.endpoints.jmx.exposure.include=* -Dspring.application.admin.enabled=true -Dspring.output.ansi.enabled=always -XX:TieredStopAtLevel=1 -Dspring.boot.project.name=OTRAS_Demo -Dfile.encoding=UTF-8 -Dstdout.encoding=UTF-8 -Dstderr.encoding=UTF-8 -XX:+ShowCodeDetailsInExceptionMessages 
java_command: com.OTRAS.DemoProject.OtrasDemoApplication
java_class_path (initial): D:\finalBackend\OTRAS_Demo\target\classes;C:\Users\Sajja Lakshminarayan\.m2\repository\org\springframework\boot\spring-boot-starter-data-jpa\3.5.7\spring-boot-starter-data-jpa-3.5.7.jar;C:\Users\Sajja Lakshminarayan\.m2\repository\org\springframework\boot\spring-boot-starter\3.5.7\spring-boot-starter-3.5.7.jar;C:\Users\Sajja Lakshminarayan\.m2\repository\org\springframework\boot\spring-boot\3.5.7\spring-boot-3.5.7.jar;C:\Users\Sajja Lakshminarayan\.m2\repository\org\springframework\boot\spring-boot-autoconfigure\3.5.7\spring-boot-autoconfigure-3.5.7.jar;C:\Users\Sajja Lakshminarayan\.m2\repository\org\springframework\boot\spring-boot-starter-logging\3.5.7\spring-boot-starter-logging-3.5.7.jar;C:\Users\Sajja Lakshminarayan\.m2\repository\ch\qos\logback\logback-classic\1.5.20\logback-classic-1.5.20.jar;C:\Users\Sajja Lakshminarayan\.m2\repository\ch\qos\logback\logback-core\1.5.20\logback-core-1.5.20.jar;C:\Users\Sajja Lakshminarayan\.m2\repository\org\apache\logging\log4j\log4j-to-slf4j\2.24.3\log4j-to-slf4j-2.24.3.jar;C:\Users\Sajja Lakshminarayan\.m2\repository\org\apache\logging\log4j\log4j-api\2.24.3\log4j-api-2.24.3.jar;C:\Users\Sajja Lakshminarayan\.m2\repository\org\slf4j\jul-to-slf4j\2.0.17\jul-to-slf4j-2.0.17.jar;C:\Users\Sajja Lakshminarayan\.m2\repository\org\yaml\snakeyaml\2.4\snakeyaml-2.4.jar;C:\Users\Sajja Lakshminarayan\.m2\repository\org\springframework\boot\spring-boot-starter-jdbc\3.5.7\spring-boot-starter-jdbc-3.5.7.jar;C:\Users\Sajja Lakshminarayan\.m2\repository\com\zaxxer\HikariCP\6.3.3\HikariCP-6.3.3.jar;C:\Users\Sajja Lakshminarayan\.m2\repository\org\springframework\spring-jdbc\6.2.12\spring-jdbc-6.2.12.jar;C:\Users\Sajja Lakshminarayan\.m2\repository\org\hibernate\orm\hibernate-core\6.6.33.Final\hibernate-core-6.6.33.Final.jar;C:\Users\Sajja Lakshminarayan\.m2\repository\jakarta\persistence\jakarta.persistence-api\3.1.0\jakarta.persistence-api-3.1.0.jar;C:\Users\Sajja Lakshminarayan\.m2\repository\jakarta\transa
Launcher Type: SUN_STANDARD

[Global flags]
     intx CICompilerCount                          = 4                                         {product} {ergonomic}
     uint ConcGCThreads                            = 3                                         {product} {ergonomic}
     uint G1ConcRefinementThreads                  = 10                                        {product} {ergonomic}
   size_t G1HeapRegionSize                         = 1048576                                   {product} {ergonomic}
    uintx GCDrainStackTargetSize                   = 64                                        {product} {ergonomic}
   size_t InitialHeapSize                          = 98566144                                  {product} {ergonomic}
     bool ManagementServer                         = true                                      {product} {command line}
   size_t MarkStackSize                            = 4194304                                   {product} {ergonomic}
   size_t MaxHeapSize                              = 1574961152                                {product} {ergonomic}
   size_t MaxNewSize                               = 944766976                                 {product} {ergonomic}
   size_t MinHeapDeltaBytes                        = 1048576                                   {product} {ergonomic}
   size_t MinHeapSize                              = 8388608                                   {product} {ergonomic}
    uintx NonProfiledCodeHeapSize                  = 0                                      {pd product} {ergonomic}
     bool ProfileInterpreter                       = false                                  {pd product} {command line}
    uintx ProfiledCodeHeapSize                     = 0                                      {pd product} {ergonomic}
     bool ShowCodeDetailsInExceptionMessages       = true                                   {manageable} {command line}
   size_t SoftMaxHeapSize                          = 1574961152                             {manageable} {ergonomic}
     intx TieredStopAtLevel                        = 1                                         {product} {command line}
     bool UseCompressedClassPointers               = true                           {product lp64_product} {ergonomic}
     bool UseCompressedOops                        = true                           {product lp64_product} {ergonomic}
     bool UseG1GC                                  = true                                      {product} {ergonomic}
     bool UseLargePagesIndividualAllocation        = false                                  {pd product} {ergonomic}

Logging:
Log output configuration:
 #0: stdout all=warning uptime,level,tags
 #1: stderr all=off uptime,level,tags

Environment Variables:
PATH=D:/STS1/sts-4.32.1.RELEASE//plugins/org.eclipse.justj.openjdk.hotspot.jre.full.win32.x86_64_21.0.8.v20250724-1412/jre/bin/server;D:/STS1/sts-4.32.1.RELEASE//plugins/org.eclipse.justj.openjdk.hotspot.jre.full.win32.x86_64_21.0.8.v20250724-1412/jre/bin;C:\Python313\Scripts\;C:\Python313\;C:\Users\Sajja Lakshminarayan\AppData\Local\Programs\Python\Python310\Scripts\;C:\Users\Sajja Lakshminarayan\AppData\Local\Programs\Python\Python310\;D:\Oracle\dbhomeXE\bin;D:\App\db_home\bin;C:\oracle\database\dbhomeXE\bin;C:\Python310\Scripts\;C:\Python310\;C:\Program Files\Common Files\Oracle\Java\javapath;C:\WINDOWS\system32;C:\WINDOWS;C:\WINDOWS\System32\Wbem;C:\WINDOWS\System32\WindowsPowerShell\v1.0\;C:\WINDOWS\System32\OpenSSH\;C:\Program Files\Java\jdk-17.0.1\bin\;C:\Program Files\Microsoft SQL Server\Client SDK\ODBC\170\Tools\Binn\;C:\Program Files (x86)\Microsoft SQL Server\160\Tools\Binn\;C:\Program Files\Microsoft SQL Server\160\Tools\Binn\;C:\Program Files\Microsoft SQL Server\160\DTS\Binn\;C:\Program Files\Azure Data Studio\bin;C:\Program Files\Microsoft SQL Server\140\DTS\Binn\;C:\Program Files\Microsoft SQL Server\150\DTS\Binn\;C:\Program Files\Docker\Docker\resources\bin;D:\Git\cmd;C:\Program Files\nodejs\;C:\ProgramData\chocolatey\bin;C:\Program Files\PostgreSQL\18\bin;C:\Windows\System32\OpenSSH\;C:\Python313\Scripts\;C:\Python313\;C:\Users\Sajja Lakshminarayan\AppData\Local\Programs\Python\Python310\Scripts\;C:\Users\Sajja Lakshminarayan\AppData\Local\Programs\Python\Python310\;D:\Oracle\dbhomeXE\bin;D:\App\db_home\bin;C:\oracle\database\dbhomeXE\bin;C:\Python310\Scripts\;C:\Python310\;C:\Program Files\Common Files\Oracle\Java\javapath;C:\WINDOWS\system32;C:\WINDOWS;C:\WINDOWS\System32\Wbem;C:\WINDOWS\System32\WindowsPowerShell\v1.0\;C:\WINDOWS\System32\OpenSSH\;C:\Program Files\Java\jdk-17.0.1\bin\;C:\Program Files\Microsoft SQL Server\Client SDK\ODBC\170\Tools\Binn\;C:\Program Files (x86)\Microsoft SQL Server\160\Tools\Binn\;C:\Program Files\Microsoft SQL Serv
USERNAME=Sajja Lakshminarayan
OS=Windows_NT
PROCESSOR_IDENTIFIER=AMD64 Family 23 Model 104 Stepping 1, AuthenticAMD



---------------  S Y S T E M  ---------------

OS:
 Windows 10 , 64 bit Build 26100 (10.0.26100.7019)
OS uptime: 0 days 4:21 hours
Hyper-V role detected

CPU: total 12 (initial active 12) (12 cores per cpu, 2 threads per core) family 23 model 104 stepping 1 microcode 0x8608103, cx8, cmov, fxsr, ht, mmx, 3dnowpref, sse, sse2, sse3, ssse3, sse4a, sse4.1, sse4.2, popcnt, lzcnt, tsc, tscinvbit, avx, avx2, aes, clmul, bmi1, bmi2, adx, sha, fma, vzeroupper, clflush, clflushopt, hv

Memory: 4k page, system-wide physical 6005M (251M free)
TotalPageFile size 24437M (AvailPageFile size 326M)
current process WorkingSet (physical memory assigned to process): 337M, peak: 337M
current process commit charge ("private bytes"): 382M, peak: 750M

vm_info: Java HotSpot(TM) 64-Bit Server VM (17.0.1+12-LTS-39) for windows-amd64 JRE (17.0.1+12-LTS-39), built on Sep 27 2021 18:41:35 by "mach5one" with MS VC++ 16.8 (VS2019)

END.
